#
# A fatal error has been detected by the Java Runtime Environment:
#
#  SIGSEGV (0xb) at pc=0x00001886, pid=4605, tid=2294979392
#
# JRE version: OpenJDK Runtime Environment (7.0_79-b14) (build 1.7.0_79-b14)
# Java VM: OpenJDK Server VM (24.79-b02 mixed mode linux-x86 )
# Derivative: IcedTea 2.5.6
# Distribution: Ubuntu 14.04 LTS, package 7u79-2.5.6-0ubuntu1.14.04.1
# Problematic frame:
# C  0x00001886
#
# Failed to write core dump. Core dumps have been disabled. To enable core dumping, try "ulimit -c unlimited" before starting Java again
#
# If you would like to submit a bug report, please include
# instructions on how to reproduce the bug and visit:
#   http://icedtea.classpath.org/bugzilla
# The crash happened outside the Java Virtual Machine in native code.
# See problematic frame for where to report the bug.
#

---------------  T H R E A D  ---------------

Current thread (0x893d9c00):  JavaThread "JNativeHook Hook Thread" [_thread_in_native, id=4621, stack(0x88c59000,0x88caa000)]

siginfo:si_signo=SIGSEGV: si_errno=0, si_code=1 (SEGV_MAPERR), si_addr=0x00001886

Registers:
EAX=0x8944d63c, EBX=0x8944d000, ECX=0x00000008, EDX=0x00000024
ESP=0x88ca8dfc, EBP=0x08e86a9c, ESI=0x08f1cc60, EDI=0x08f1cc60
EIP=0x00001886, EFLAGS=0x00010282, CR2=0x00001886

Top of Stack: (sp=0x88ca8dfc)
0x88ca8dfc:   894434d4 8944d63c 00000000 00000000
0x88ca8e0c:   88cd6000 08f13100 b76cafe8 88cd6000
0x88ca8e1c:   88cc0084 b777c450 b76cafe8 b777c420
0x88ca8e2c:   00000000 08f1310c 00000000 00000001
0x88ca8e3c:   88e2b000 08f124e8 08f12708 894434b9
0x88ca8e4c:   8941f000 88ca8ee0 08f1cc60 08e86a9c
0x88ca8e5c:   8941a519 00000000 08f1cc60 00000044
0x88ca8e6c:   88d2f6df 00000000 08f1df70 00000020 

Instructions: (pc=0x00001886)
0x00001866:   
[error occurred during error reporting (printing registers, top of stack, instructions near pc), id 0xb]

Register to memory mapping:

EAX=
[error occurred during error reporting (printing register info), id 0xb]

Stack: [0x88c59000,0x88caa000],  sp=0x88ca8dfc,  free space=319k
Native frames: (J=compiled Java code, j=interpreted, Vv=VM code, C=native code)
C  0x00001886
C  0x00000024

Java frames: (J=compiled Java code, j=interpreted, Vv=VM code)
j  org.jnativehook.GlobalScreen$NativeHookThread.enable()V+0
j  org.jnativehook.GlobalScreen$NativeHookThread.run()V+6
v  ~StubRoutines::call_stub

---------------  P R O C E S S  ---------------

Java Threads: ( => current thread )
  0x08f20c00 JavaThread "JNativeHook Dispatch Thread" daemon [_thread_blocked, id=4624, stack(0x880c2000,0x88113000)]
  0x88777400 JavaThread "AWT-XAWT" daemon [_thread_in_native, id=4623, stack(0x88113000,0x88164000)]
  0x88770c00 JavaThread "Java2D Disposer" daemon [_thread_blocked, id=4622, stack(0x88164000,0x881b5000)]
=>0x893d9c00 JavaThread "JNativeHook Hook Thread" [_thread_in_native, id=4621, stack(0x88c59000,0x88caa000)]
  0x8932b400 JavaThread "Service Thread" daemon [_thread_blocked, id=4619, stack(0x88f0b000,0x88f5c000)]
  0x89329800 JavaThread "C2 CompilerThread1" daemon [_thread_blocked, id=4618, stack(0x88f5c000,0x88fdd000)]
  0x89327800 JavaThread "C2 CompilerThread0" daemon [_thread_blocked, id=4617, stack(0x88fdd000,0x8905e000)]
  0x89325c00 JavaThread "Signal Dispatcher" daemon [_thread_blocked, id=4616, stack(0x8905e000,0x890af000)]
  0x89314400 JavaThread "Finalizer" daemon [_thread_blocked, id=4615, stack(0x892af000,0x89300000)]
  0x89312800 JavaThread "Reference Handler" daemon [_thread_blocked, id=4614, stack(0x8ae0b000,0x8ae5c000)]
  0xb6407c00 JavaThread "main" [_thread_in_native, id=4610, stack(0xb6588000,0xb65d9000)]

Other Threads:
  0x89310400 VMThread [stack: 0x8944e000,0x894cf000] [id=4613]
  0x8932d400 WatcherThread [stack: 0x88e8a000,0x88f0b000] [id=4620]

VM state:not at safepoint (normal execution)

VM Mutex/Monitor currently owned by a thread: None

Heap
 PSYoungGen      total 9216K, used 4228K [0xa8880000, 0xa92c0000, 0xb3340000)
  eden space 7936K, 44% used [0xa8880000,0xa8beefe0,0xa9040000)
  from space 1280K, 55% used [0xa9180000,0xa9232060,0xa92c0000)
  to   space 1280K, 0% used [0xa9040000,0xa9040000,0xa9180000)
 ParOldGen       total 20736K, used 8K [0x93340000, 0x94780000, 0xa8880000)
  object space 20736K, 0% used [0x93340000,0x93342000,0x94780000)
 PSPermGen       total 16384K, used 5159K [0x8b340000, 0x8c340000, 0x93340000)
  object space 16384K, 31% used [0x8b340000,0x8b849ee8,0x8c340000)

Card table byte_map: [0x8b1ff000,0x8b340000] byte_map_base: 0x8ada5600

Polling page: 0xb778f000

Code Cache  [0xb3400000, 0xb3640000, 0xb6400000)
 total_blobs=285 nmethods=89 adapters=151 free_code_cache=48701Kb largest_free_block=49852864

Compilation events (10 events):
Event: 494.761 Thread 0x89327800   85             org.jnativehook.mouse.NativeMouseEvent::<init> (36 bytes)
Event: 494.763 Thread 0x89327800 nmethod 85 0xb3469dc8 code [0xb3469ec0, 0xb3469f50]
Event: 617.649 Thread 0x89327800   86             java.util.concurrent.locks.AbstractQueuedSynchronizer::compareAndSetTail (13 bytes)
Event: 617.650 Thread 0x89327800 nmethod 86 0xb3466dc8 code [0xb3466ea0, 0xb3466f10]
Event: 617.785 Thread 0x89329800   87             java.util.concurrent.locks.AbstractQueuedSynchronizer::enq (58 bytes)
Event: 617.789 Thread 0x89329800 nmethod 87 0xb3466b48 code [0xb3466c40, 0xb3466d10]
Event: 617.793 Thread 0x89327800   88             java.util.concurrent.locks.AbstractQueuedSynchronizer::transferForSignal (45 bytes)
Event: 617.798 Thread 0x89327800 nmethod 88 0xb34667c8 code [0xb34668c0, 0xb3466a1c]
Event: 696.185 Thread 0x89329800   89 % !         java.util.concurrent.ThreadPoolExecutor::runWorker @ 21 (225 bytes)
Event: 696.213 Thread 0x89329800 nmethod 89% 0xb346fc88 code [0xb346fea0, 0xb347083c]

GC Heap History (4 events):
Event: 331.985 GC heap before
{Heap before GC invocations=1 (full 0):
 PSYoungGen      total 9216K, used 7936K [0xa8880000, 0xa92c0000, 0xb3340000)
  eden space 7936K, 100% used [0xa8880000,0xa9040000,0xa9040000)
  from space 1280K, 0% used [0xa9180000,0xa9180000,0xa92c0000)
  to   space 1280K, 0% used [0xa9040000,0xa9040000,0xa9180000)
 ParOldGen       total 20736K, used 0K [0x93340000, 0x94780000, 0xa8880000)
  object space 20736K, 0% used [0x93340000,0x93340000,0x94780000)
 PSPermGen       total 16384K, used 5159K [0x8b340000, 0x8c340000, 0x93340000)
  object space 16384K, 31% used [0x8b340000,0x8b849d68,0x8c340000)
Event: 331.997 GC heap after
Heap after GC invocations=1 (full 0):
 PSYoungGen      total 9216K, used 1250K [0xa8880000, 0xa92c0000, 0xb3340000)
  eden space 7936K, 0% used [0xa8880000,0xa8880000,0xa9040000)
  from space 1280K, 97% used [0xa9040000,0xa9178968,0xa9180000)
  to   space 1280K, 0% used [0xa9180000,0xa9180000,0xa92c0000)
 ParOldGen       total 20736K, used 4K [0x93340000, 0x94780000, 0xa8880000)
  object space 20736K, 0% used [0x93340000,0x93341000,0x94780000)
 PSPermGen       total 16384K, used 5159K [0x8b340000, 0x8c340000, 0x93340000)
  object space 16384K, 31% used [0x8b340000,0x8b849d68,0x8c340000)
}
Event: 937.449 GC heap before
{Heap before GC invocations=2 (full 0):
 PSYoungGen      total 9216K, used 9186K [0xa8880000, 0xa92c0000, 0xb3340000)
  eden space 7936K, 100% used [0xa8880000,0xa9040000,0xa9040000)
  from space 1280K, 97% used [0xa9040000,0xa9178968,0xa9180000)
  to   space 1280K, 0% used [0xa9180000,0xa9180000,0xa92c0000)
 ParOldGen       total 20736K, used 4K [0x93340000, 0x94780000, 0xa8880000)
  object space 20736K, 0% used [0x93340000,0x93341000,0x94780000)
 PSPermGen       total 16384K, used 5159K [0x8b340000, 0x8c340000, 0x93340000)
  object space 16384K, 31% used [0x8b340000,0x8b849ee8,0x8c340000)
Event: 937.456 GC heap after
Heap after GC invocations=2 (full 0):
 PSYoungGen      total 9216K, used 712K [0xa8880000, 0xa92c0000, 0xb3340000)
  eden space 7936K, 0% used [0xa8880000,0xa8880000,0xa9040000)
  from space 1280K, 55% used [0xa9180000,0xa9232060,0xa92c0000)
  to   space 1280K, 0% used [0xa9040000,0xa9040000,0xa9180000)
 ParOldGen       total 20736K, used 8K [0x93340000, 0x94780000, 0xa8880000)
  object space 20736K, 0% used [0x93340000,0x93342000,0x94780000)
 PSPermGen       total 16384K, used 5159K [0x8b340000, 0x8c340000, 0x93340000)
  object space 16384K, 31% used [0x8b340000,0x8b849ee8,0x8c340000)
}

Deoptimization events (1 events):
Event: 0.310 Thread 0xb6407c00 Uncommon trap: reason=class_check action=maybe_recompile pc=0xb344ca14 method=java.util.Properties$LineReader.readLine()I @ 62

Internal exceptions (10 events):
Event: 0.594 Thread 0xb6407c00 Threw 0xa8cbd180 at /build/openjdk-7-OXg_HK/openjdk-7-7u79-2.5.6/build/openjdk/hotspot/src/share/vm/prims/jvm.cpp:1284
Event: 0.595 Thread 0xb6407c00 Threw 0xa8cc0730 at /build/openjdk-7-OXg_HK/openjdk-7-7u79-2.5.6/build/openjdk/hotspot/src/share/vm/prims/jvm.cpp:1284
Event: 0.596 Thread 0xb6407c00 Threw 0xa8cc4898 at /build/openjdk-7-OXg_HK/openjdk-7-7u79-2.5.6/build/openjdk/hotspot/src/share/vm/prims/jvm.cpp:1284
Event: 0.596 Thread 0xb6407c00 Threw 0xa8cc8278 at /build/openjdk-7-OXg_HK/openjdk-7-7u79-2.5.6/build/openjdk/hotspot/src/share/vm/prims/jvm.cpp:1284
Event: 0.598 Thread 0xb6407c00 Threw 0xa8ccbfd8 at /build/openjdk-7-OXg_HK/openjdk-7-7u79-2.5.6/build/openjdk/hotspot/src/share/vm/prims/jvm.cpp:1284
Event: 0.598 Thread 0xb6407c00 Threw 0xa8ccfa88 at /build/openjdk-7-OXg_HK/openjdk-7-7u79-2.5.6/build/openjdk/hotspot/src/share/vm/prims/jvm.cpp:1284
Event: 0.599 Thread 0xb6407c00 Threw 0xa8cd3450 at /build/openjdk-7-OXg_HK/openjdk-7-7u79-2.5.6/build/openjdk/hotspot/src/share/vm/prims/jvm.cpp:1284
Event: 0.604 Thread 0xb6407c00 Threw 0xa8cd6d90 at /build/openjdk-7-OXg_HK/openjdk-7-7u79-2.5.6/build/openjdk/hotspot/src/share/vm/prims/jvm.cpp:1284
Event: 0.605 Thread 0xb6407c00 Threw 0xa8cda5f8 at /build/openjdk-7-OXg_HK/openjdk-7-7u79-2.5.6/build/openjdk/hotspot/src/share/vm/prims/jvm.cpp:1284
Event: 48.407 Thread 0x08f20c00 Threw 0xa8aa4380 at /build/openjdk-7-OXg_HK/openjdk-7-7u79-2.5.6/build/openjdk/hotspot/src/share/vm/prims/jvm.cpp:1284

Events (10 events):
Event: 258.374 loading class 0x8933d980
Event: 258.374 loading class 0x8933d980 done
Event: 331.985 Executing VM operation: ParallelGCFailedAllocation
Event: 331.997 Executing VM operation: ParallelGCFailedAllocation done
Event: 331.998 Executing VM operation: RevokeBias
Event: 331.998 Executing VM operation: RevokeBias done
Event: 331.998 Executing VM operation: RevokeBias
Event: 331.998 Executing VM operation: RevokeBias done
Event: 937.449 Executing VM operation: ParallelGCFailedAllocation
Event: 937.456 Executing VM operation: ParallelGCFailedAllocation done


Dynamic libraries:
08048000-08049000 r-xp 00000000 08:06 1328247    /usr/lib/jvm/java-7-openjdk-i386/jre/bin/java
08049000-0804a000 r--p 00000000 08:06 1328247    /usr/lib/jvm/java-7-openjdk-i386/jre/bin/java
0804a000-0804b000 rw-p 00001000 08:06 1328247    /usr/lib/jvm/java-7-openjdk-i386/jre/bin/java
08e85000-0904a000 rw-p 00000000 00:00 0          [heap]
87f00000-87fb7000 rw-p 00000000 00:00 0 
87fb7000-88000000 ---p 00000000 00:00 0 
880a8000-880af000 r--s 00000000 08:06 1312905    /usr/lib/i386-linux-gnu/gconv/gconv-modules.cache
880af000-880c0000 r-xp 00000000 08:06 1326815    /usr/lib/jvm/java-7-openjdk-i386/jre/lib/i386/libnio.so
880c0000-880c1000 r--p 00010000 08:06 1326815    /usr/lib/jvm/java-7-openjdk-i386/jre/lib/i386/libnio.so
880c1000-880c2000 rw-p 00011000 08:06 1326815    /usr/lib/jvm/java-7-openjdk-i386/jre/lib/i386/libnio.so
880c2000-880c5000 ---p 00000000 00:00 0 
880c5000-88113000 rw-p 00000000 00:00 0          [stack:4624]
88113000-88116000 ---p 00000000 00:00 0 
88116000-88164000 rw-p 00000000 00:00 0          [stack:4623]
88164000-88167000 ---p 00000000 00:00 0 
88167000-881b5000 rw-p 00000000 00:00 0          [stack:4622]
881b5000-881b8000 r-xp 00000000 08:06 1704982    /lib/i386-linux-gnu/libgpg-error.so.0.10.0
881b8000-881b9000 r--p 00002000 08:06 1704982    /lib/i386-linux-gnu/libgpg-error.so.0.10.0
881b9000-881ba000 rw-p 00003000 08:06 1704982    /lib/i386-linux-gnu/libgpg-error.so.0.10.0
881ba000-881bc000 r-xp 00000000 08:06 1704992    /lib/i386-linux-gnu/libkeyutils.so.1.4
881bc000-881bd000 r--p 00002000 08:06 1704992    /lib/i386-linux-gnu/libkeyutils.so.1.4
881bd000-881be000 rw-p 00003000 08:06 1704992    /lib/i386-linux-gnu/libkeyutils.so.1.4
881be000-881e4000 r-xp 00000000 08:06 1705064    /lib/i386-linux-gnu/libpng12.so.0.50.0
881e4000-881e5000 r--p 00025000 08:06 1705064    /lib/i386-linux-gnu/libpng12.so.0.50.0
881e5000-881e6000 rw-p 00026000 08:06 1705064    /lib/i386-linux-gnu/libpng12.so.0.50.0
881e6000-8822f000 r-xp 00000000 08:06 1705035    /lib/i386-linux-gnu/libdbus-1.so.3.7.6
8822f000-88230000 r--p 00048000 08:06 1705035    /lib/i386-linux-gnu/libdbus-1.so.3.7.6
88230000-88231000 rw-p 00049000 08:06 1705035    /lib/i386-linux-gnu/libdbus-1.so.3.7.6
88231000-88268000 r-xp 00000000 08:06 1316761    /usr/lib/i386-linux-gnu/libp11-kit.so.0.0.0
88268000-88269000 ---p 00037000 08:06 1316761    /usr/lib/i386-linux-gnu/libp11-kit.so.0.0.0
88269000-8826c000 r--p 00037000 08:06 1316761    /usr/lib/i386-linux-gnu/libp11-kit.so.0.0.0
8826c000-8826d000 rw-p 0003a000 08:06 1316761    /usr/lib/i386-linux-gnu/libp11-kit.so.0.0.0
8826d000-8827f000 r-xp 00000000 08:06 1321233    /usr/lib/i386-linux-gnu/libtasn1.so.6.2.0
8827f000-88280000 r--p 00011000 08:06 1321233    /usr/lib/i386-linux-gnu/libtasn1.so.6.2.0
88280000-88281000 rw-p 00012000 08:06 1321233    /usr/lib/i386-linux-gnu/libtasn1.so.6.2.0
88281000-88303000 r-xp 00000000 08:06 1710819    /lib/i386-linux-gnu/libgcrypt.so.11.8.2
88303000-88304000 r--p 00082000 08:06 1710819    /lib/i386-linux-gnu/libgcrypt.so.11.8.2
88304000-88306000 rw-p 00083000 08:06 1710819    /lib/i386-linux-gnu/libgcrypt.so.11.8.2
88306000-88307000 rw-p 00000000 00:00 0 
88307000-88311000 r-xp 00000000 08:06 1316822    /usr/lib/i386-linux-gnu/libkrb5support.so.0.1
88311000-88312000 r--p 00009000 08:06 1316822    /usr/lib/i386-linux-gnu/libkrb5support.so.0.1
88312000-88313000 rw-p 0000a000 08:06 1316822    /usr/lib/i386-linux-gnu/libkrb5support.so.0.1
88313000-88316000 r-xp 00000000 08:06 1710309    /lib/i386-linux-gnu/libcom_err.so.2.1
88316000-88317000 r--p 00002000 08:06 1710309    /lib/i386-linux-gnu/libcom_err.so.2.1
88317000-88318000 rw-p 00003000 08:06 1710309    /lib/i386-linux-gnu/libcom_err.so.2.1
88318000-88346000 r-xp 00000000 08:06 1313841    /usr/lib/i386-linux-gnu/libk5crypto.so.3.1
88346000-88347000 r--p 0002d000 08:06 1313841    /usr/lib/i386-linux-gnu/libk5crypto.so.3.1
88347000-88348000 rw-p 0002e000 08:06 1313841    /usr/lib/i386-linux-gnu/libk5crypto.so.3.1
88348000-883ff000 r-xp 00000000 08:06 1316641    /usr/lib/i386-linux-gnu/libkrb5.so.3.3
883ff000-88405000 r--p 000b7000 08:06 1316641    /usr/lib/i386-linux-gnu/libkrb5.so.3.3
88405000-88406000 rw-p 000bd000 08:06 1316641    /usr/lib/i386-linux-gnu/libkrb5.so.3.3
88406000-8842b000 r-xp 00000000 08:06 1706683    /lib/i386-linux-gnu/libexpat.so.1.6.0
8842b000-8842c000 ---p 00025000 08:06 1706683    /lib/i386-linux-gnu/libexpat.so.1.6.0
8842c000-8842e000 r--p 00025000 08:06 1706683    /lib/i386-linux-gnu/libexpat.so.1.6.0
8842e000-8842f000 rw-p 00027000 08:06 1706683    /lib/i386-linux-gnu/libexpat.so.1.6.0
8842f000-884ca000 r-xp 00000000 08:06 1310861    /usr/lib/i386-linux-gnu/libfreetype.so.6.11.1
884ca000-884ce000 r--p 0009a000 08:06 1310861    /usr/lib/i386-linux-gnu/libfreetype.so.6.11.1
884ce000-884cf000 rw-p 0009e000 08:06 1310861    /usr/lib/i386-linux-gnu/libfreetype.so.6.11.1
884cf000-884df000 r-xp 00000000 08:06 1316138    /usr/lib/i386-linux-gnu/libavahi-client.so.3.2.9
884df000-884e0000 r--p 0000f000 08:06 1316138    /usr/lib/i386-linux-gnu/libavahi-client.so.3.2.9
884e0000-884e1000 rw-p 00010000 08:06 1316138    /usr/lib/i386-linux-gnu/libavahi-client.so.3.2.9
884e1000-885a2000 r-xp 00000000 08:06 1313122    /usr/lib/i386-linux-gnu/libgnutls.so.26.22.6
885a2000-885a6000 r--p 000c0000 08:06 1313122    /usr/lib/i386-linux-gnu/libgnutls.so.26.22.6
885a6000-885a7000 rw-p 000c4000 08:06 1313122    /usr/lib/i386-linux-gnu/libgnutls.so.26.22.6
885a7000-885ea000 r-xp 00000000 08:06 1313266    /usr/lib/i386-linux-gnu/libgssapi_krb5.so.2.2
885ea000-885eb000 r--p 00042000 08:06 1313266    /usr/lib/i386-linux-gnu/libgssapi_krb5.so.2.2
885eb000-885ec000 rw-p 00043000 08:06 1313266    /usr/lib/i386-linux-gnu/libgssapi_krb5.so.2.2
885ec000-88625000 r-xp 00000000 08:06 1316326    /usr/lib/i386-linux-gnu/libfontconfig.so.1.8.0
88625000-88626000 r--p 00039000 08:06 1316326    /usr/lib/i386-linux-gnu/libfontconfig.so.1.8.0
88626000-88627000 rw-p 0003a000 08:06 1316326    /usr/lib/i386-linux-gnu/libfontconfig.so.1.8.0
88627000-8868e000 r-xp 00000000 08:06 1311613    /usr/lib/i386-linux-gnu/libcups.so.2
8868e000-8868f000 ---p 00067000 08:06 1311613    /usr/lib/i386-linux-gnu/libcups.so.2
8868f000-88693000 r--p 00067000 08:06 1311613    /usr/lib/i386-linux-gnu/libcups.so.2
88693000-88694000 rw-p 0006b000 08:06 1311613    /usr/lib/i386-linux-gnu/libcups.so.2
88699000-8869d000 r-xp 00000000 08:06 1320169    /usr/lib/i386-linux-gnu/libXfixes.so.3.1.0
8869d000-8869e000 r--p 00003000 08:06 1320169    /usr/lib/i386-linux-gnu/libXfixes.so.3.1.0
8869e000-8869f000 rw-p 00004000 08:06 1320169    /usr/lib/i386-linux-gnu/libXfixes.so.3.1.0
8869f000-886a8000 r-xp 00000000 08:06 1316041    /usr/lib/i386-linux-gnu/libXcursor.so.1.0.2
886a8000-886a9000 r--p 00008000 08:06 1316041    /usr/lib/i386-linux-gnu/libXcursor.so.1.0.2
886a9000-886aa000 rw-p 00009000 08:06 1316041    /usr/lib/i386-linux-gnu/libXcursor.so.1.0.2
886aa000-886b4000 r--s 000ae000 08:06 1314788    /usr/lib/jvm/java-7-openjdk-i386/jre/lib/resources.jar
886b4000-886fc000 r-xp 00000000 08:06 1313112    /usr/lib/jvm/java-7-openjdk-i386/jre/lib/i386/xawt/libmawt.so
886fc000-886fd000 r--p 00047000 08:06 1313112    /usr/lib/jvm/java-7-openjdk-i386/jre/lib/i386/xawt/libmawt.so
886fd000-886ff000 rw-p 00048000 08:06 1313112    /usr/lib/jvm/java-7-openjdk-i386/jre/lib/i386/xawt/libmawt.so
886ff000-88700000 rw-p 00000000 00:00 0 
88700000-887b1000 rw-p 00000000 00:00 0 
887b1000-88800000 ---p 00000000 00:00 0 
88801000-8880d000 r-xp 00000000 08:06 1316140    /usr/lib/i386-linux-gnu/libavahi-common.so.3.5.3
8880d000-8880e000 r--p 0000b000 08:06 1316140    /usr/lib/i386-linux-gnu/libavahi-common.so.3.5.3
8880e000-8880f000 rw-p 0000c000 08:06 1316140    /usr/lib/i386-linux-gnu/libavahi-common.so.3.5.3
8880f000-8881d000 r-xp 00000000 08:06 1316048    /usr/lib/i386-linux-gnu/libXi.so.6.1.0
8881d000-8881e000 r--p 0000e000 08:06 1316048    /usr/lib/i386-linux-gnu/libXi.so.6.1.0
8881e000-8881f000 rw-p 0000f000 08:06 1316048    /usr/lib/i386-linux-gnu/libXi.so.6.1.0
8881f000-888ae000 r-xp 00000000 08:06 1322126    /usr/lib/jvm/java-7-openjdk-i386/jre/lib/i386/libawt.so
888ae000-888af000 r--p 0008f000 08:06 1322126    /usr/lib/jvm/java-7-openjdk-i386/jre/lib/i386/libawt.so
888af000-888b6000 rw-p 00090000 08:06 1322126    /usr/lib/jvm/java-7-openjdk-i386/jre/lib/i386/libawt.so
888b6000-888da000 rw-p 00000000 00:00 0 
888da000-88916000 r-xp 00000000 08:06 1706702    /lib/i386-linux-gnu/libpcre.so.3.13.1
88916000-88917000 r--p 0003b000 08:06 1706702    /lib/i386-linux-gnu/libpcre.so.3.13.1
88917000-88918000 rw-p 0003c000 08:06 1706702    /lib/i386-linux-gnu/libpcre.so.3.13.1
88918000-8891d000 r-xp 00000000 08:06 1316312    /usr/lib/i386-linux-gnu/libffi.so.6.0.1
8891d000-8891e000 r--p 00005000 08:06 1316312    /usr/lib/i386-linux-gnu/libffi.so.6.0.1
8891e000-8891f000 rw-p 00006000 08:06 1316312    /usr/lib/i386-linux-gnu/libffi.so.6.0.1
8891f000-88932000 r-xp 00000000 08:06 1733007    /lib/i386-linux-gnu/libresolv-2.19.so
88932000-88933000 ---p 00013000 08:06 1733007    /lib/i386-linux-gnu/libresolv-2.19.so
88933000-88934000 r--p 00013000 08:06 1733007    /lib/i386-linux-gnu/libresolv-2.19.so
88934000-88935000 rw-p 00014000 08:06 1733007    /lib/i386-linux-gnu/libresolv-2.19.so
88935000-88937000 rw-p 00000000 00:00 0 
88937000-88957000 r-xp 00000000 08:06 1705079    /lib/i386-linux-gnu/libselinux.so.1
88957000-88958000 r--p 0001f000 08:06 1705079    /lib/i386-linux-gnu/libselinux.so.1
88958000-88959000 rw-p 00020000 08:06 1705079    /lib/i386-linux-gnu/libselinux.so.1
88959000-8895a000 rw-p 00000000 00:00 0 
8895a000-88a64000 r-xp 00000000 08:06 1710653    /lib/i386-linux-gnu/libglib-2.0.so.0.4002.0
88a64000-88a65000 r--p 00109000 08:06 1710653    /lib/i386-linux-gnu/libglib-2.0.so.0.4002.0
88a65000-88a66000 rw-p 0010a000 08:06 1710653    /lib/i386-linux-gnu/libglib-2.0.so.0.4002.0
88a66000-88ab6000 r-xp 00000000 08:06 1311107    /usr/lib/i386-linux-gnu/libgobject-2.0.so.0.4002.0
88ab6000-88ab7000 r--p 0004f000 08:06 1311107    /usr/lib/i386-linux-gnu/libgobject-2.0.so.0.4002.0
88ab7000-88ab8000 rw-p 00050000 08:06 1311107    /usr/lib/i386-linux-gnu/libgobject-2.0.so.0.4002.0
88ab8000-88c35000 r-xp 00000000 08:06 1311176    /usr/lib/i386-linux-gnu/libgio-2.0.so.0.4002.0
88c35000-88c37000 r--p 0017d000 08:06 1311176    /usr/lib/i386-linux-gnu/libgio-2.0.so.0.4002.0
88c37000-88c38000 rw-p 0017f000 08:06 1311176    /usr/lib/i386-linux-gnu/libgio-2.0.so.0.4002.0
88c38000-88c39000 rw-p 00000000 00:00 0 
88c3b000-88c44000 r-xp 00000000 08:06 1316054    /usr/lib/i386-linux-gnu/libXrender.so.1.3.0
88c44000-88c45000 r--p 00008000 08:06 1316054    /usr/lib/i386-linux-gnu/libXrender.so.1.3.0
88c45000-88c46000 rw-p 00009000 08:06 1316054    /usr/lib/i386-linux-gnu/libXrender.so.1.3.0
88c46000-88c4b000 r--s 00033000 08:06 1374662    /usr/lib/jvm/java-7-openjdk-i386/jre/lib/dropbox-core-sdk-1.8.1.jar
88c4b000-88c4f000 r--s 0003c000 08:06 1374663    /usr/lib/jvm/java-7-openjdk-i386/jre/lib/jackson-core-2.6.1.jar
88c4f000-88c59000 r--s 00203000 08:06 1314787    /usr/lib/jvm/java-7-openjdk-i386/jre/lib/charsets.jar
88c59000-88c5c000 ---p 00000000 00:00 0 
88c5c000-88caa000 rw-p 00000000 00:00 0          [stack:4621]
88caa000-88caf000 r-xp 00000000 08:06 1316045    /usr/lib/i386-linux-gnu/libXdmcp.so.6.0.0
88caf000-88cb0000 r--p 00004000 08:06 1316045    /usr/lib/i386-linux-gnu/libXdmcp.so.6.0.0
88cb0000-88cb1000 rw-p 00005000 08:06 1316045    /usr/lib/i386-linux-gnu/libXdmcp.so.6.0.0
88cb1000-88cb3000 r-xp 00000000 08:06 1316034    /usr/lib/i386-linux-gnu/libXau.so.6.0.0
88cb3000-88cb4000 r--p 00001000 08:06 1316034    /usr/lib/i386-linux-gnu/libXau.so.6.0.0
88cb4000-88cb5000 rw-p 00002000 08:06 1316034    /usr/lib/i386-linux-gnu/libXau.so.6.0.0
88cb5000-88cd5000 r-xp 00000000 08:06 1317100    /usr/lib/i386-linux-gnu/libxcb.so.1.1.0
88cd5000-88cd6000 r--p 0001f000 08:06 1317100    /usr/lib/i386-linux-gnu/libxcb.so.1.1.0
88cd6000-88cd7000 rw-p 00020000 08:06 1317100    /usr/lib/i386-linux-gnu/libxcb.so.1.1.0
88cd7000-88ced000 r-xp 00000000 08:06 1315905    /usr/lib/i386-linux-gnu/libICE.so.6.3.0
88ced000-88cee000 r--p 00015000 08:06 1315905    /usr/lib/i386-linux-gnu/libICE.so.6.3.0
88cee000-88cef000 rw-p 00016000 08:06 1315905    /usr/lib/i386-linux-gnu/libICE.so.6.3.0
88cef000-88cf1000 rw-p 00000000 00:00 0 
88cf1000-88cf8000 r-xp 00000000 08:06 1316026    /usr/lib/i386-linux-gnu/libSM.so.6.0.1
88cf8000-88cf9000 r--p 00006000 08:06 1316026    /usr/lib/i386-linux-gnu/libSM.so.6.0.1
88cf9000-88cfa000 rw-p 00007000 08:06 1316026    /usr/lib/i386-linux-gnu/libSM.so.6.0.1
88cfa000-88e2a000 r-xp 00000000 08:06 1316030    /usr/lib/i386-linux-gnu/libX11.so.6.3.0
88e2a000-88e2b000 r--p 00130000 08:06 1316030    /usr/lib/i386-linux-gnu/libX11.so.6.3.0
88e2b000-88e2d000 rw-p 00131000 08:06 1316030    /usr/lib/i386-linux-gnu/libX11.so.6.3.0
88e2d000-88e2e000 rw-p 00000000 00:00 0 
88e2e000-88e86000 r-xp 00000000 08:06 1316073    /usr/lib/i386-linux-gnu/libXt.so.6.0.0
88e86000-88e87000 r--p 00058000 08:06 1316073    /usr/lib/i386-linux-gnu/libXt.so.6.0.0
88e87000-88e8a000 rw-p 00059000 08:06 1316073    /usr/lib/i386-linux-gnu/libXt.so.6.0.0
88e8a000-88e8b000 ---p 00000000 00:00 0 
88e8b000-88f0b000 rw-p 00000000 00:00 0          [stack:4620]
88f0b000-88f0e000 ---p 00000000 00:00 0 
88f0e000-88f5c000 rw-p 00000000 00:00 0          [stack:4619]
88f5c000-88f5f000 ---p 00000000 00:00 0 
88f5f000-88fdd000 rw-p 00000000 00:00 0          [stack:4618]
88fdd000-88fe0000 ---p 00000000 00:00 0 
88fe0000-8905e000 rw-p 00000000 00:00 0          [stack:4617]
8905e000-89061000 ---p 00000000 00:00 0 
89061000-890af000 rw-p 00000000 00:00 0          [stack:4616]
890af000-892af000 r--p 00000000 08:06 1320544    /usr/lib/locale/locale-archive
892af000-892b2000 ---p 00000000 00:00 0 
892b2000-89300000 rw-p 00000000 00:00 0          [stack:4615]
89300000-893ec000 rw-p 00000000 00:00 0 
893ec000-89400000 ---p 00000000 00:00 0 
89400000-89404000 r-xp 00000000 08:06 1710322    /lib/i386-linux-gnu/libuuid.so.1.3.0
89404000-89405000 r--p 00003000 08:06 1710322    /lib/i386-linux-gnu/libuuid.so.1.3.0
89405000-89406000 rw-p 00004000 08:06 1710322    /lib/i386-linux-gnu/libuuid.so.1.3.0
89406000-89417000 r-xp 00000000 08:06 1320163    /usr/lib/i386-linux-gnu/libXext.so.6.4.0
89417000-89418000 r--p 00010000 08:06 1320163    /usr/lib/i386-linux-gnu/libXext.so.6.4.0
89418000-89419000 rw-p 00011000 08:06 1320163    /usr/lib/i386-linux-gnu/libXext.so.6.4.0
89419000-8941e000 r-xp 00000000 08:06 1316075    /usr/lib/i386-linux-gnu/libXtst.so.6.1.0
8941e000-8941f000 r--p 00004000 08:06 1316075    /usr/lib/i386-linux-gnu/libXtst.so.6.1.0
8941f000-89420000 rw-p 00005000 08:06 1316075    /usr/lib/i386-linux-gnu/libXtst.so.6.1.0
89422000-89425000 r-xp 00000000 08:06 1319365    /usr/lib/i386-linux-gnu/libgmodule-2.0.so.0.4002.0
89425000-89426000 r--p 00002000 08:06 1319365    /usr/lib/i386-linux-gnu/libgmodule-2.0.so.0.4002.0
89426000-89427000 rw-p 00003000 08:06 1319365    /usr/lib/i386-linux-gnu/libgmodule-2.0.so.0.4002.0
89427000-8943e000 r-xp 00000000 08:06 1322445    /usr/lib/jvm/java-7-openjdk-i386/jre/lib/i386/libnet.so
8943e000-8943f000 r--p 00017000 08:06 1322445    /usr/lib/jvm/java-7-openjdk-i386/jre/lib/i386/libnet.so
8943f000-89440000 rw-p 00018000 08:06 1322445    /usr/lib/jvm/java-7-openjdk-i386/jre/lib/i386/libnet.so
89440000-8944c000 r-xp 00000000 08:06 1086901    /tmp/libJNativeHook-2.0.2.so
8944c000-8944d000 r--p 0000b000 08:06 1086901    /tmp/libJNativeHook-2.0.2.so
8944d000-8944e000 rw-p 0000c000 08:06 1086901    /tmp/libJNativeHook-2.0.2.so
8944e000-8944f000 ---p 00000000 00:00 0 
8944f000-894cf000 rw-p 00000000 00:00 0          [stack:4613]
894cf000-89680000 r--s 01d29000 08:06 1314785    /usr/lib/jvm/java-7-openjdk-i386/jre/lib/rt.jar
89680000-8ad00000 rw-p 00000000 00:00 0 
8ad00000-8adfd000 rw-p 00000000 00:00 0 
8adfd000-8ae00000 ---p 00000000 00:00 0 
8ae02000-8ae04000 r-xp 00000000 08:06 1316057    /usr/lib/i386-linux-gnu/libXinerama.so.1.0.0
8ae04000-8ae05000 r--p 00001000 08:06 1316057    /usr/lib/i386-linux-gnu/libXinerama.so.1.0.0
8ae05000-8ae06000 rw-p 00002000 08:06 1316057    /usr/lib/i386-linux-gnu/libXinerama.so.1.0.0
8ae06000-8ae0b000 r--s 0004d000 08:06 1314792    /usr/lib/jvm/java-7-openjdk-i386/jre/lib/jsse.jar
8ae0b000-8ae0e000 ---p 00000000 00:00 0 
8ae0e000-8af00000 rw-p 00000000 00:00 0          [stack:4614]
8af00000-8af21000 rw-p 00000000 00:00 0 
8af21000-8b000000 ---p 00000000 00:00 0 
8b000000-8b003000 r--s 00011000 08:06 1374664    /usr/lib/jvm/java-7-openjdk-i386/jre/lib/dropbox.java.api-1.3.1.1.jar
8b003000-8b012000 rw-p 00000000 00:00 0 
8b012000-8b013000 ---p 00000000 00:00 0 
8b013000-8b093000 rw-p 00000000 00:00 0          [stack:4612]
8b093000-8b094000 ---p 00000000 00:00 0 
8b094000-8b11c000 rw-p 00000000 00:00 0          [stack:4611]
8b11c000-8b154000 rw-p 00000000 00:00 0 
8b154000-8b15f000 rw-p 00000000 00:00 0 
8b15f000-8b1ff000 rw-p 00000000 00:00 0 
8b1ff000-8b207000 rw-p 00000000 00:00 0 
8b207000-8b23f000 rw-p 00000000 00:00 0 
8b23f000-8b24a000 rw-p 00000000 00:00 0 
8b24a000-8b2e9000 rw-p 00000000 00:00 0 
8b2e9000-8b2ef000 rw-p 00000000 00:00 0 
8b2ef000-8b33f000 rw-p 00000000 00:00 0 
8b33f000-8c340000 rw-p 00000000 00:00 0 
8c340000-93340000 rw-p 00000000 00:00 0 
93340000-94780000 rw-p 00000000 00:00 0 
94780000-a8880000 rw-p 00000000 00:00 0 
a8880000-a92c0000 rw-p 00000000 00:00 0 
a92c0000-b3340000 rw-p 00000000 00:00 0 
b3340000-b3349000 rw-p 00000000 00:00 0 
b3349000-b3400000 rw-p 00000000 00:00 0 
b3400000-b3640000 rwxp 00000000 00:00 0 
b3640000-b64fd000 rw-p 00000000 00:00 0 
b64fd000-b6500000 ---p 00000000 00:00 0 
b6500000-b6502000 r--s 0002e000 08:06 1373262    /usr/lib/jvm/java-7-openjdk-i386/jre/lib/jnativehook-2.0.2.jar
b6502000-b6504000 r--s 00006000 08:06 1598237    /usr/share/java/java-atk-wrapper.jar
b6504000-b650f000 r-xp 00000000 08:06 1733009    /lib/i386-linux-gnu/libnss_files-2.19.so
b650f000-b6510000 r--p 0000a000 08:06 1733009    /lib/i386-linux-gnu/libnss_files-2.19.so
b6510000-b6511000 rw-p 0000b000 08:06 1733009    /lib/i386-linux-gnu/libnss_files-2.19.so
b6511000-b651b000 r-xp 00000000 08:06 1732977    /lib/i386-linux-gnu/libnss_nis-2.19.so
b651b000-b651c000 r--p 00009000 08:06 1732977    /lib/i386-linux-gnu/libnss_nis-2.19.so
b651c000-b651d000 rw-p 0000a000 08:06 1732977    /lib/i386-linux-gnu/libnss_nis-2.19.so
b651d000-b6532000 r-xp 00000000 08:06 1732978    /lib/i386-linux-gnu/libnsl-2.19.so
b6532000-b6533000 r--p 00015000 08:06 1732978    /lib/i386-linux-gnu/libnsl-2.19.so
b6533000-b6534000 rw-p 00016000 08:06 1732978    /lib/i386-linux-gnu/libnsl-2.19.so
b6534000-b6536000 rw-p 00000000 00:00 0 
b6536000-b653a000 r--s 00085000 08:06 1326839    /usr/lib/jvm/java-7-openjdk-i386/jre/lib/ext/localedata.jar
b653a000-b653c000 r--s 00012000 08:06 1326851    /usr/lib/jvm/java-7-openjdk-i386/jre/lib/ext/zipfs.jar
b653c000-b6540000 r--s 0003c000 08:06 1326847    /usr/lib/jvm/java-7-openjdk-i386/jre/lib/ext/sunpkcs11.jar
b6540000-b6544000 r--s 00034000 08:06 1326843    /usr/lib/jvm/java-7-openjdk-i386/jre/lib/ext/sunjce_provider.jar
b6544000-b654c000 r-xp 00000000 08:06 1316744    /usr/lib/jvm/java-7-openjdk-i386/jre/lib/i386/libzip.so
b654c000-b654d000 r--p 00007000 08:06 1316744    /usr/lib/jvm/java-7-openjdk-i386/jre/lib/i386/libzip.so
b654d000-b654e000 rw-p 00008000 08:06 1316744    /usr/lib/jvm/java-7-openjdk-i386/jre/lib/i386/libzip.so
b654e000-b6556000 rw-s 00000000 08:06 1087294    /tmp/hsperfdata_soumya/4605
b6556000-b657d000 r-xp 00000000 08:06 1326825    /usr/lib/jvm/java-7-openjdk-i386/jre/lib/i386/libjava.so
b657d000-b657e000 r--p 00026000 08:06 1326825    /usr/lib/jvm/java-7-openjdk-i386/jre/lib/i386/libjava.so
b657e000-b657f000 rw-p 00027000 08:06 1326825    /usr/lib/jvm/java-7-openjdk-i386/jre/lib/i386/libjava.so
b657f000-b6586000 r-xp 00000000 08:06 1733010    /lib/i386-linux-gnu/librt-2.19.so
b6586000-b6587000 r--p 00006000 08:06 1733010    /lib/i386-linux-gnu/librt-2.19.so
b6587000-b6588000 rw-p 00007000 08:06 1733010    /lib/i386-linux-gnu/librt-2.19.so
b6588000-b658b000 ---p 00000000 00:00 0 
b658b000-b65d9000 rw-p 00000000 00:00 0          [stack:4610]
b65d9000-b65f5000 r-xp 00000000 08:06 1704926    /lib/i386-linux-gnu/libgcc_s.so.1
b65f5000-b65f6000 rw-p 0001b000 08:06 1704926    /lib/i386-linux-gnu/libgcc_s.so.1
b65f6000-b663a000 r-xp 00000000 08:06 1732983    /lib/i386-linux-gnu/libm-2.19.so
b663a000-b663b000 r--p 00043000 08:06 1732983    /lib/i386-linux-gnu/libm-2.19.so
b663b000-b663c000 rw-p 00044000 08:06 1732983    /lib/i386-linux-gnu/libm-2.19.so
b663c000-b6718000 r-xp 00000000 08:06 1314969    /usr/lib/i386-linux-gnu/libstdc++.so.6.0.19
b6718000-b671c000 r--p 000dc000 08:06 1314969    /usr/lib/i386-linux-gnu/libstdc++.so.6.0.19
b671c000-b671d000 rw-p 000e0000 08:06 1314969    /usr/lib/i386-linux-gnu/libstdc++.so.6.0.19
b671d000-b6724000 rw-p 00000000 00:00 0 
b6724000-b7113000 r-xp 00000000 08:06 1320160    /usr/lib/jvm/java-7-openjdk-i386/jre/lib/i386/server/libjvm.so
b7113000-b7165000 r--p 009ee000 08:06 1320160    /usr/lib/jvm/java-7-openjdk-i386/jre/lib/i386/server/libjvm.so
b7165000-b7179000 rw-p 00a40000 08:06 1320160    /usr/lib/jvm/java-7-openjdk-i386/jre/lib/i386/server/libjvm.so
b7179000-b7596000 rw-p 00000000 00:00 0 
b7596000-b75ae000 r-xp 00000000 08:06 1705112    /lib/i386-linux-gnu/libz.so.1.2.8
b75ae000-b75af000 r--p 00017000 08:06 1705112    /lib/i386-linux-gnu/libz.so.1.2.8
b75af000-b75b0000 rw-p 00018000 08:06 1705112    /lib/i386-linux-gnu/libz.so.1.2.8
b75b0000-b75b1000 rw-p 00000000 00:00 0 
b75b1000-b75c9000 r-xp 00000000 08:06 1733005    /lib/i386-linux-gnu/libpthread-2.19.so
b75c9000-b75ca000 r--p 00018000 08:06 1733005    /lib/i386-linux-gnu/libpthread-2.19.so
b75ca000-b75cb000 rw-p 00019000 08:06 1733005    /lib/i386-linux-gnu/libpthread-2.19.so
b75cb000-b75cd000 rw-p 00000000 00:00 0 
b75cd000-b75d0000 r-xp 00000000 08:06 1732974    /lib/i386-linux-gnu/libdl-2.19.so
b75d0000-b75d1000 r--p 00002000 08:06 1732974    /lib/i386-linux-gnu/libdl-2.19.so
b75d1000-b75d2000 rw-p 00003000 08:06 1732974    /lib/i386-linux-gnu/libdl-2.19.so
b75d2000-b777a000 r-xp 00000000 08:06 1728717    /lib/i386-linux-gnu/libc-2.19.so
b777a000-b777c000 r--p 001a8000 08:06 1728717    /lib/i386-linux-gnu/libc-2.19.so
b777c000-b777d000 rw-p 001aa000 08:06 1728717    /lib/i386-linux-gnu/libc-2.19.so
b777d000-b7780000 rw-p 00000000 00:00 0 
b7780000-b7781000 r--s 00002000 08:06 1326841    /usr/lib/jvm/java-7-openjdk-i386/jre/lib/ext/dnsns.jar
b7781000-b7784000 r--s 0000f000 08:06 1326849    /usr/lib/jvm/java-7-openjdk-i386/jre/lib/ext/icedtea-sound.jar
b7784000-b7785000 r--p 00850000 08:06 1320544    /usr/lib/locale/locale-archive
b7785000-b778c000 r-xp 00000000 08:06 1732984    /lib/i386-linux-gnu/libnss_compat-2.19.so
b778c000-b778d000 r--p 00006000 08:06 1732984    /lib/i386-linux-gnu/libnss_compat-2.19.so
b778d000-b778e000 rw-p 00007000 08:06 1732984    /lib/i386-linux-gnu/libnss_compat-2.19.so
b778e000-b778f000 rw-p 00000000 00:00 0 
b778f000-b7790000 r--p 00000000 00:00 0 
b7790000-b779e000 r-xp 00000000 08:06 1322192    /usr/lib/jvm/java-7-openjdk-i386/jre/lib/i386/libverify.so
b779e000-b779f000 r--p 0000d000 08:06 1322192    /usr/lib/jvm/java-7-openjdk-i386/jre/lib/i386/libverify.so
b779f000-b77a0000 rw-p 0000e000 08:06 1322192    /usr/lib/jvm/java-7-openjdk-i386/jre/lib/i386/libverify.so
b77a0000-b77ac000 r-xp 00000000 08:06 1316787    /usr/lib/jvm/java-7-openjdk-i386/jre/lib/i386/jli/libjli.so
b77ac000-b77ad000 r--p 0000c000 08:06 1316787    /usr/lib/jvm/java-7-openjdk-i386/jre/lib/i386/jli/libjli.so
b77ad000-b77ae000 rw-p 0000d000 08:06 1316787    /usr/lib/jvm/java-7-openjdk-i386/jre/lib/i386/jli/libjli.so
b77ae000-b77b1000 rw-p 00000000 00:00 0 
b77b1000-b77b2000 r-xp 00000000 00:00 0          [vdso]
b77b2000-b77d2000 r-xp 00000000 08:06 1732976    /lib/i386-linux-gnu/ld-2.19.so
b77d2000-b77d3000 r--p 0001f000 08:06 1732976    /lib/i386-linux-gnu/ld-2.19.so
b77d3000-b77d4000 rw-p 00020000 08:06 1732976    /lib/i386-linux-gnu/ld-2.19.so
bfd2d000-bfd2e000 rwxp 00000000 00:00 0 
bfd60000-bfd81000 rw-p 00000000 00:00 0          [stack]

VM Arguments:
jvm_args: -Dfile.encoding=UTF-8 
java_command: GlobalMouseListenerExample
Launcher Type: SUN_STANDARD

Environment Variables:
PATH=/usr/local/sbin:/usr/local/bin:/usr/sbin:/usr/bin:/sbin:/bin:/usr/games:/usr/local/games
LD_LIBRARY_PATH=/usr/lib/jvm/java-7-openjdk-i386/jre/lib/i386/server:/usr/lib/jvm/java-7-openjdk-i386/jre/lib/i386:/usr/lib/jvm/java-7-openjdk-i386/jre/../lib/i386:/usr/lib/jvm/java-7-openjdk-i386/jre/lib/i386/client:/usr/lib/jvm/java-7-openjdk-i386/jre/lib/i386:
SHELL=/bin/bash
DISPLAY=:0

Signal Handlers:
SIGSEGV: [libjvm.so+0x80cb90], sa_mask[0]=0x7ffbfeff, sa_flags=0x10000004
SIGBUS: [libjvm.so+0x80cb90], sa_mask[0]=0x7ffbfeff, sa_flags=0x10000004
SIGFPE: [libjvm.so+0x684e30], sa_mask[0]=0x7ffbfeff, sa_flags=0x10000004
SIGPIPE: [libjvm.so+0x684e30], sa_mask[0]=0x7ffbfeff, sa_flags=0x10000004
SIGXFSZ: [libjvm.so+0x684e30], sa_mask[0]=0x7ffbfeff, sa_flags=0x10000004
SIGILL: [libjvm.so+0x684e30], sa_mask[0]=0x7ffbfeff, sa_flags=0x10000004
SIGUSR1: SIG_DFL, sa_mask[0]=0x00000000, sa_flags=0x00000000
SIGUSR2: [libjvm.so+0x684cc0], sa_mask[0]=0x00000004, sa_flags=0x10000004
SIGHUP: [libjvm.so+0x684ef0], sa_mask[0]=0x7ffbfeff, sa_flags=0x10000004
SIGINT: [libjvm.so+0x684ef0], sa_mask[0]=0x7ffbfeff, sa_flags=0x10000004
SIGTERM: [libjvm.so+0x684ef0], sa_mask[0]=0x7ffbfeff, sa_flags=0x10000004
SIGQUIT: [libjvm.so+0x684ef0], sa_mask[0]=0x7ffbfeff, sa_flags=0x10000004
SIGTRAP: SIG_DFL, sa_mask[0]=0x00000000, sa_flags=0x00000000


---------------  S Y S T E M  ---------------

OS:Ubuntu 14.04 (trusty)
uname:Linux 3.13.0-63-generic #103-Ubuntu SMP Fri Aug 14 21:43:30 UTC 2015 i686
libc:glibc 2.19 NPTL 2.19 
rlimit: STACK 8192k, CORE 0k, NPROC 15433, NOFILE 4096, AS infinity
load average:0.27 0.41 0.41

/proc/meminfo:
MemTotal:        1994772 kB
MemFree:          168912 kB
Buffers:           38812 kB
Cached:           698196 kB
SwapCached:         1640 kB
Active:           959148 kB
Inactive:         770040 kB
Active(anon):     618144 kB
Inactive(anon):   605056 kB
Active(file):     341004 kB
Inactive(file):   164984 kB
Unevictable:          32 kB
Mlocked:              32 kB
HighTotal:       1113688 kB
HighFree:          48568 kB
LowTotal:         881084 kB
LowFree:          120344 kB
SwapTotal:       2928636 kB
SwapFree:        2918176 kB
Dirty:              2372 kB
Writeback:             0 kB
AnonPages:        990700 kB
Mapped:           212324 kB
Shmem:            230996 kB
Slab:              62012 kB
SReclaimable:      44244 kB
SUnreclaim:        17768 kB
KernelStack:        4304 kB
PageTables:        11204 kB
NFS_Unstable:          0 kB
Bounce:                0 kB
WritebackTmp:          0 kB
CommitLimit:     3926020 kB
Committed_AS:    4268216 kB
VmallocTotal:     122880 kB
VmallocUsed:       14744 kB
VmallocChunk:     101376 kB
HardwareCorrupted:     0 kB
AnonHugePages:    329728 kB
HugePages_Total:       0
HugePages_Free:        0
HugePages_Rsvd:        0
HugePages_Surp:        0
Hugepagesize:       2048 kB
DirectMap4k:       28664 kB
DirectMap2M:      884736 kB


CPU:total 2 (2 cores per cpu, 1 threads per core) family 6 model 15 stepping 13, cmov, cx8, fxsr, mmx, sse, sse2, sse3, ssse3, tsc

/proc/cpuinfo:
processor	: 0
vendor_id	: GenuineIntel
cpu family	: 6
model		: 15
model name	: Intel(R) Pentium(R) Dual  CPU  T3400  @ 2.16GHz
stepping	: 13
microcode	: 0xa3
cpu MHz		: 2166.000
cache size	: 1024 KB
physical id	: 0
siblings	: 2
core id		: 0
cpu cores	: 2
apicid		: 0
initial apicid	: 0
fdiv_bug	: no
f00f_bug	: no
coma_bug	: no
fpu		: yes
fpu_exception	: yes
cpuid level	: 10
wp		: yes
flags		: fpu vme de pse tsc msr pae mce cx8 apic sep mtrr pge mca cmov pat pse36 clflush dts acpi mmx fxsr sse sse2 ss ht tm pbe nx lm constant_tsc arch_perfmon pebs bts aperfmperf pni dtes64 monitor ds_cpl est tm2 ssse3 cx16 xtpr pdcm lahf_lm dtherm
bogomips	: 4322.40
clflush size	: 64
cache_alignment	: 64
address sizes	: 36 bits physical, 48 bits virtual
power management:

processor	: 1
vendor_id	: GenuineIntel
cpu family	: 6
model		: 15
model name	: Intel(R) Pentium(R) Dual  CPU  T3400  @ 2.16GHz
stepping	: 13
microcode	: 0xa3
cpu MHz		: 2166.000
cache size	: 1024 KB
physical id	: 0
siblings	: 2
core id		: 1
cpu cores	: 2
apicid		: 1
initial apicid	: 1
fdiv_bug	: no
f00f_bug	: no
coma_bug	: no
fpu		: yes
fpu_exception	: yes
cpuid level	: 10
wp		: yes
flags		: fpu vme de pse tsc msr pae mce cx8 apic sep mtrr pge mca cmov pat pse36 clflush dts acpi mmx fxsr sse sse2 ss ht tm pbe nx lm constant_tsc arch_perfmon pebs bts aperfmperf pni dtes64 monitor ds_cpl est tm2 ssse3 cx16 xtpr pdcm lahf_lm dtherm
bogomips	: 4322.40
clflush size	: 64
cache_alignment	: 64
address sizes	: 36 bits physical, 48 bits virtual
power management:



Memory: 4k page, physical 1994772k(168912k free), swap 2928636k(2918176k free)

vm_info: OpenJDK Server VM (24.79-b02) for linux-x86 JRE (1.7.0_79-b14), built on Jul 24 2015 08:25:15 by "buildd" with gcc 4.8.2

time: Mon Sep 28 01:02:51 2015
elapsed time: 1227 seconds

