#
# A fatal error has been detected by the Java Runtime Environment:
#
#  SIGBUS (0x7) at pc=0x8ad194b0, pid=4243, tid=2294266688
#
# JRE version: OpenJDK Runtime Environment (7.0_79-b14) (build 1.7.0_79-b14)
# Java VM: OpenJDK Server VM (24.79-b02 mixed mode linux-x86 )
# Derivative: IcedTea 2.5.6
# Distribution: Ubuntu 14.04 LTS, package 7u79-2.5.6-0ubuntu1.14.04.1
# Problematic frame:
# 
[error occurred during error reporting (printing problematic frame), id 0x7]

# Failed to write core dump. Core dumps have been disabled. To enable core dumping, try "ulimit -c unlimited" before starting Java again
#
# If you would like to submit a bug report, please include
# instructions on how to reproduce the bug and visit:
#   http://icedtea.classpath.org/bugzilla
# The crash happened outside the Java Virtual Machine in native code.
# See problematic frame for where to report the bug.
#

---------------  T H R E A D  ---------------

Current thread (0x88a0b000):  JavaThread "JNativeHook Hook Thread" [_thread_in_native, id=4261, stack(0x88bab000,0x88bfc000)]

siginfo:si_signo=SIGBUS: si_errno=0, si_code=2 (BUS_ADRERR), si_addr=0x8ad194b0

Registers:
EAX=0x00000000, EBX=0x8ad15000, ECX=0x00000008, EDX=0x00000024
ESP=0x88bfae5c, EBP=0x08ec2eac, ESI=0x88bfaee0, EDI=0x08ec2ce0
EIP=0x8ad194b0, EFLAGS=0x00010202, CR2=0x8ad194b0

Top of Stack: (sp=0x88bfae5c)
0x88bfae5c:   8ad10519 00000000 08ec2ce0 00000044
0x88bfae6c:   88c806df 00000000 08ee2218 00000020
0x88bfae7c:   88c840d4 b759d6b7 00000024 00000020
0x88bfae8c:   00000024 08ec2cc8 08ee2238 00000024
0x88bfae9c:   08ec19c8 88bfaee0 b771b500 8ad10449
0x88bfaeac:   8ad15000 08ec19c8 08ec2cc8 88bfaee0
0x88bfaebc:   8ad1163d 88bfaee0 08ec2eac 08ec2eb4
0x88bfaecc:   8ad194b0 00000000 8ad16528 08e6f578 

Instructions: (pc=0x8ad194b0)
0x8ad19490:   
[error occurred during error reporting (printing registers, top of stack, instructions near pc), id 0x7]

Register to memory mapping:

EAX=0x00000000 is an unknown value
EBX=0x8ad15000: <offset 0x6000> in /usr/lib/i386-linux-gnu/libXtst.so.6 at 0x8ad0f000
ECX=0x00000008 is an unknown value
EDX=0x00000024 is an unknown value
ESP=0x88bfae5c is pointing into the stack for thread: 0x88a0b000
EBP=0x08ec2eac is an unknown value
ESI=0x88bfaee0 is pointing into the stack for thread: 0x88a0b000
EDI=0x08ec2ce0 is an unknown value


Stack: [0x88bab000,0x88bfc000],  sp=0x88bfae5c,  free space=319k
Native frames: (J=compiled Java code, j=interpreted, Vv=VM code, C=native code)

[error occurred during error reporting (printing native stack), id 0x7]

Java frames: (J=compiled Java code, j=interpreted, Vv=VM code)
j  org.jnativehook.GlobalScreen$NativeHookThread.enable()V+0
j  org.jnativehook.GlobalScreen$NativeHookThread.run()V+6
v  ~StubRoutines::call_stub

---------------  P R O C E S S  ---------------

Java Threads: ( => current thread )
  0xb6307c00 JavaThread "DestroyJavaVM" [_thread_blocked, id=4249, stack(0xb64dd000,0xb652e000)]
  0x88a94400 JavaThread "AWT-XAWT" daemon [_thread_in_native, id=4267, stack(0x88014000,0x88065000)]
  0x88a8dc00 JavaThread "Java2D Disposer" daemon [_thread_blocked, id=4266, stack(0x88065000,0x880b6000)]
  0x08ee0800 JavaThread "JNativeHook Dispatch Thread" daemon [_thread_blocked, id=4262, stack(0x886cc000,0x8871d000)]
=>0x88a0b000 JavaThread "JNativeHook Hook Thread" [_thread_in_native, id=4261, stack(0x88bab000,0x88bfc000)]
  0x8922c400 JavaThread "Service Thread" daemon [_thread_blocked, id=4258, stack(0x88e5c000,0x88ead000)]
  0x8922a800 JavaThread "C2 CompilerThread1" daemon [_thread_blocked, id=4257, stack(0x88ead000,0x88f2e000)]
  0x89228800 JavaThread "C2 CompilerThread0" daemon [_thread_blocked, id=4256, stack(0x88f2e000,0x88faf000)]
  0x89226c00 JavaThread "Signal Dispatcher" daemon [_thread_blocked, id=4255, stack(0x88faf000,0x89000000)]
  0x89214400 JavaThread "Finalizer" daemon [_thread_blocked, id=4254, stack(0x8932d000,0x8937e000)]
  0x89212800 JavaThread "Reference Handler" daemon [_thread_blocked, id=4253, stack(0x8937e000,0x893cf000)]

Other Threads:
  0x89210400 VMThread [stack: 0x8ad24000,0x8ada5000] [id=4252]
  0x8922e000 WatcherThread [stack: 0x88ddb000,0x88e5c000] [id=4259]

VM state:not at safepoint (normal execution)

VM Mutex/Monitor currently owned by a thread: None

Heap
 PSYoungGen      total 9216K, used 8515K [0xa8780000, 0xa91c0000, 0xb3240000)
  eden space 7936K, 97% used [0xa8780000,0xa8f05148,0xa8f40000)
  from space 1280K, 63% used [0xa8f40000,0xa900bbf8,0xa9080000)
  to   space 1280K, 0% used [0xa9080000,0xa9080000,0xa91c0000)
 ParOldGen       total 20736K, used 4K [0x93240000, 0x94680000, 0xa8780000)
  object space 20736K, 0% used [0x93240000,0x93241000,0x94680000)
 PSPermGen       total 16384K, used 4776K [0x8b240000, 0x8c240000, 0x93240000)
  object space 16384K, 29% used [0x8b240000,0x8b6ea1a8,0x8c240000)

Card table byte_map: [0x8b0ff000,0x8b240000] byte_map_base: 0x8aca5e00

Polling page: 0xb76e4000

Code Cache  [0xb3300000, 0xb3540000, 0xb6300000)
 total_blobs=281 nmethods=85 adapters=151 free_code_cache=48715Kb largest_free_block=49856000

Compilation events (10 events):
Event: 482.018 Thread 0x8922a800 nmethod 79 0xb335f748 code [0xb335f820, 0xb335f870]
Event: 482.019 Thread 0x8922a800   82   !         java.util.concurrent.ThreadPoolExecutor::getTask (186 bytes)
Event: 482.019 Thread 0x89228800 nmethod 81 0xb335f5c8 code [0xb335f6a0, 0xb335f6f0]
Event: 482.046 Thread 0x8922a800 nmethod 82 0xb335ee88 code [0xb335efe0, 0xb335f290]
Event: 482.250 Thread 0x89228800   83             org.jnativehook.mouse.NativeMouseEvent::<init> (36 bytes)
Event: 482.251 Thread 0x89228800 nmethod 83 0xb335ecc8 code [0xb335edc0, 0xb335ee50]
Event: 534.530 Thread 0x8922a800   84             org.jnativehook.GlobalScreen$EventDispatchTask::processMouseEvent (94 bytes)
Event: 534.536 Thread 0x8922a800 nmethod 84 0xb33670c8 code [0xb33671e0, 0xb336739c]
Event: 607.010 Thread 0x89228800   85 % !         java.util.concurrent.ThreadPoolExecutor::runWorker @ 21 (225 bytes)
Event: 607.057 Thread 0x89228800 nmethod 85% 0xb3371b88 code [0xb3371e40, 0xb3372ddc]

GC Heap History (2 events):
Event: 469.266 GC heap before
{Heap before GC invocations=1 (full 0):
 PSYoungGen      total 9216K, used 7936K [0xa8780000, 0xa91c0000, 0xb3240000)
  eden space 7936K, 100% used [0xa8780000,0xa8f40000,0xa8f40000)
  from space 1280K, 0% used [0xa9080000,0xa9080000,0xa91c0000)
  to   space 1280K, 0% used [0xa8f40000,0xa8f40000,0xa9080000)
 ParOldGen       total 20736K, used 0K [0x93240000, 0x94680000, 0xa8780000)
  object space 20736K, 0% used [0x93240000,0x93240000,0x94680000)
 PSPermGen       total 16384K, used 4776K [0x8b240000, 0x8c240000, 0x93240000)
  object space 16384K, 29% used [0x8b240000,0x8b6ea028,0x8c240000)
Event: 469.276 GC heap after
Heap after GC invocations=1 (full 0):
 PSYoungGen      total 9216K, used 814K [0xa8780000, 0xa91c0000, 0xb3240000)
  eden space 7936K, 0% used [0xa8780000,0xa8780000,0xa8f40000)
  from space 1280K, 63% used [0xa8f40000,0xa900bbf8,0xa9080000)
  to   space 1280K, 0% used [0xa9080000,0xa9080000,0xa91c0000)
 ParOldGen       total 20736K, used 4K [0x93240000, 0x94680000, 0xa8780000)
  object space 20736K, 0% used [0x93240000,0x93241000,0x94680000)
 PSPermGen       total 16384K, used 4776K [0x8b240000, 0x8c240000, 0x93240000)
  object space 16384K, 29% used [0x8b240000,0x8b6ea028,0x8c240000)
}

Deoptimization events (2 events):
Event: 0.556 Thread 0xb6307c00 Uncommon trap: reason=class_check action=maybe_recompile pc=0xb334ca38 method=java.util.Properties$LineReader.readLine()I @ 62
Event: 499.612 Thread 0x08ee0800 Uncommon trap: reason=unreached action=reinterpret pc=0xb335d304 method=org.jnativehook.GlobalScreen$EventDispatchTask.run()V @ 7

Internal exceptions (10 events):
Event: 0.764 Thread 0xb6307c00 Threw 0xa89e6d08 at /build/openjdk-7-OXg_HK/openjdk-7-7u79-2.5.6/build/openjdk/hotspot/src/share/vm/prims/jvm.cpp:1284
Event: 0.766 Thread 0xb6307c00 Threw 0xa89eeea0 at /build/openjdk-7-OXg_HK/openjdk-7-7u79-2.5.6/build/openjdk/hotspot/src/share/vm/prims/jvm.cpp:1284
Event: 0.767 Thread 0xb6307c00 Threw 0xa89f3560 at /build/openjdk-7-OXg_HK/openjdk-7-7u79-2.5.6/build/openjdk/hotspot/src/share/vm/prims/jvm.cpp:1284
Event: 0.767 Thread 0xb6307c00 Threw 0xa89f6c58 at /build/openjdk-7-OXg_HK/openjdk-7-7u79-2.5.6/build/openjdk/hotspot/src/share/vm/prims/jvm.cpp:1284
Event: 0.768 Thread 0xb6307c00 Threw 0xa89fb600 at /build/openjdk-7-OXg_HK/openjdk-7-7u79-2.5.6/build/openjdk/hotspot/src/share/vm/prims/jvm.cpp:1284
Event: 0.770 Thread 0xb6307c00 Threw 0xa8a01fd8 at /build/openjdk-7-OXg_HK/openjdk-7-7u79-2.5.6/build/openjdk/hotspot/src/share/vm/prims/jvm.cpp:1284
Event: 0.771 Thread 0xb6307c00 Threw 0xa8a0c580 at /build/openjdk-7-OXg_HK/openjdk-7-7u79-2.5.6/build/openjdk/hotspot/src/share/vm/prims/jvm.cpp:1284
Event: 0.772 Thread 0xb6307c00 Threw 0xa8a0dc58 at /build/openjdk-7-OXg_HK/openjdk-7-7u79-2.5.6/build/openjdk/hotspot/src/share/vm/prims/jvm.cpp:1284
Event: 0.772 Thread 0xb6307c00 Threw 0xa8a0dde8 at /build/openjdk-7-OXg_HK/openjdk-7-7u79-2.5.6/build/openjdk/hotspot/src/share/vm/classfile/systemDictionary.cpp:174
Event: 15.698 Thread 0x08ee0800 Threw 0xa89024e0 at /build/openjdk-7-OXg_HK/openjdk-7-7u79-2.5.6/build/openjdk/hotspot/src/share/vm/prims/jvm.cpp:1284

Events (10 events):
Event: 328.106 loading class 0x8923ea48 done
Event: 469.266 Executing VM operation: ParallelGCFailedAllocation
Event: 469.276 Executing VM operation: ParallelGCFailedAllocation done
Event: 469.277 Executing VM operation: RevokeBias
Event: 469.277 Executing VM operation: RevokeBias done
Event: 469.277 Executing VM operation: RevokeBias
Event: 469.277 Executing VM operation: RevokeBias done
Event: 499.612 Thread 0x08ee0800 Uncommon trap: trap_request=0xffffffad fr.pc=0xb335d304
Event: 499.612 Thread 0x08ee0800 DEOPT PACKING pc=0xb335d304 sp=0x8871bf30
Event: 499.613 Thread 0x08ee0800 DEOPT UNPACKING pc=0xb332cbc8 sp=0x8871bf34 mode 2


Dynamic libraries:
08048000-08049000 r-xp 00000000 08:06 1328247    /usr/lib/jvm/java-7-openjdk-i386/jre/bin/java
08049000-0804a000 r--p 00000000 08:06 1328247    /usr/lib/jvm/java-7-openjdk-i386/jre/bin/java
0804a000-0804b000 rw-p 00001000 08:06 1328247    /usr/lib/jvm/java-7-openjdk-i386/jre/bin/java
08e08000-09066000 rw-p 00000000 00:00 0          [heap]
87e00000-87eb7000 rw-p 00000000 00:00 0 
87eb7000-87f00000 ---p 00000000 00:00 0 
87ffa000-88001000 r--s 00000000 08:06 1312905    /usr/lib/i386-linux-gnu/gconv/gconv-modules.cache
88001000-88012000 r-xp 00000000 08:06 1326815    /usr/lib/jvm/java-7-openjdk-i386/jre/lib/i386/libnio.so
88012000-88013000 r--p 00010000 08:06 1326815    /usr/lib/jvm/java-7-openjdk-i386/jre/lib/i386/libnio.so
88013000-88014000 rw-p 00011000 08:06 1326815    /usr/lib/jvm/java-7-openjdk-i386/jre/lib/i386/libnio.so
88014000-88017000 ---p 00000000 00:00 0 
88017000-88065000 rw-p 00000000 00:00 0          [stack:4267]
88065000-88068000 ---p 00000000 00:00 0 
88068000-880b6000 rw-p 00000000 00:00 0          [stack:4266]
880b6000-880b9000 r-xp 00000000 08:06 1704982    /lib/i386-linux-gnu/libgpg-error.so.0.10.0
880b9000-880ba000 r--p 00002000 08:06 1704982    /lib/i386-linux-gnu/libgpg-error.so.0.10.0
880ba000-880bb000 rw-p 00003000 08:06 1704982    /lib/i386-linux-gnu/libgpg-error.so.0.10.0
880bb000-880bd000 r-xp 00000000 08:06 1704992    /lib/i386-linux-gnu/libkeyutils.so.1.4
880bd000-880be000 r--p 00002000 08:06 1704992    /lib/i386-linux-gnu/libkeyutils.so.1.4
880be000-880bf000 rw-p 00003000 08:06 1704992    /lib/i386-linux-gnu/libkeyutils.so.1.4
880bf000-880e5000 r-xp 00000000 08:06 1705064    /lib/i386-linux-gnu/libpng12.so.0.50.0
880e5000-880e6000 r--p 00025000 08:06 1705064    /lib/i386-linux-gnu/libpng12.so.0.50.0
880e6000-880e7000 rw-p 00026000 08:06 1705064    /lib/i386-linux-gnu/libpng12.so.0.50.0
880e7000-88130000 r-xp 00000000 08:06 1705035    /lib/i386-linux-gnu/libdbus-1.so.3.7.6
88130000-88131000 r--p 00048000 08:06 1705035    /lib/i386-linux-gnu/libdbus-1.so.3.7.6
88131000-88132000 rw-p 00049000 08:06 1705035    /lib/i386-linux-gnu/libdbus-1.so.3.7.6
88132000-88169000 r-xp 00000000 08:06 1316761    /usr/lib/i386-linux-gnu/libp11-kit.so.0.0.0
88169000-8816a000 ---p 00037000 08:06 1316761    /usr/lib/i386-linux-gnu/libp11-kit.so.0.0.0
8816a000-8816d000 r--p 00037000 08:06 1316761    /usr/lib/i386-linux-gnu/libp11-kit.so.0.0.0
8816d000-8816e000 rw-p 0003a000 08:06 1316761    /usr/lib/i386-linux-gnu/libp11-kit.so.0.0.0
8816e000-88180000 r-xp 00000000 08:06 1321233    /usr/lib/i386-linux-gnu/libtasn1.so.6.2.0
88180000-88181000 r--p 00011000 08:06 1321233    /usr/lib/i386-linux-gnu/libtasn1.so.6.2.0
88181000-88182000 rw-p 00012000 08:06 1321233    /usr/lib/i386-linux-gnu/libtasn1.so.6.2.0
88182000-88204000 r-xp 00000000 08:06 1710819    /lib/i386-linux-gnu/libgcrypt.so.11.8.2
88204000-88205000 r--p 00082000 08:06 1710819    /lib/i386-linux-gnu/libgcrypt.so.11.8.2
88205000-88207000 rw-p 00083000 08:06 1710819    /lib/i386-linux-gnu/libgcrypt.so.11.8.2
88207000-88208000 rw-p 00000000 00:00 0 
88208000-88212000 r-xp 00000000 08:06 1316822    /usr/lib/i386-linux-gnu/libkrb5support.so.0.1
88212000-88213000 r--p 00009000 08:06 1316822    /usr/lib/i386-linux-gnu/libkrb5support.so.0.1
88213000-88214000 rw-p 0000a000 08:06 1316822    /usr/lib/i386-linux-gnu/libkrb5support.so.0.1
88214000-88217000 r-xp 00000000 08:06 1710309    /lib/i386-linux-gnu/libcom_err.so.2.1
88217000-88218000 r--p 00002000 08:06 1710309    /lib/i386-linux-gnu/libcom_err.so.2.1
88218000-88219000 rw-p 00003000 08:06 1710309    /lib/i386-linux-gnu/libcom_err.so.2.1
88219000-88247000 r-xp 00000000 08:06 1313841    /usr/lib/i386-linux-gnu/libk5crypto.so.3.1
88247000-88248000 r--p 0002d000 08:06 1313841    /usr/lib/i386-linux-gnu/libk5crypto.so.3.1
88248000-88249000 rw-p 0002e000 08:06 1313841    /usr/lib/i386-linux-gnu/libk5crypto.so.3.1
88249000-88300000 r-xp 00000000 08:06 1316641    /usr/lib/i386-linux-gnu/libkrb5.so.3.3
88300000-88306000 r--p 000b7000 08:06 1316641    /usr/lib/i386-linux-gnu/libkrb5.so.3.3
88306000-88307000 rw-p 000bd000 08:06 1316641    /usr/lib/i386-linux-gnu/libkrb5.so.3.3
88307000-8832c000 r-xp 00000000 08:06 1706683    /lib/i386-linux-gnu/libexpat.so.1.6.0
8832c000-8832d000 ---p 00025000 08:06 1706683    /lib/i386-linux-gnu/libexpat.so.1.6.0
8832d000-8832f000 r--p 00025000 08:06 1706683    /lib/i386-linux-gnu/libexpat.so.1.6.0
8832f000-88330000 rw-p 00027000 08:06 1706683    /lib/i386-linux-gnu/libexpat.so.1.6.0
88330000-883cb000 r-xp 00000000 08:06 1310861    /usr/lib/i386-linux-gnu/libfreetype.so.6.11.1
883cb000-883cf000 r--p 0009a000 08:06 1310861    /usr/lib/i386-linux-gnu/libfreetype.so.6.11.1
883cf000-883d0000 rw-p 0009e000 08:06 1310861    /usr/lib/i386-linux-gnu/libfreetype.so.6.11.1
883d0000-883e0000 r-xp 00000000 08:06 1316138    /usr/lib/i386-linux-gnu/libavahi-client.so.3.2.9
883e0000-883e1000 r--p 0000f000 08:06 1316138    /usr/lib/i386-linux-gnu/libavahi-client.so.3.2.9
883e1000-883e2000 rw-p 00010000 08:06 1316138    /usr/lib/i386-linux-gnu/libavahi-client.so.3.2.9
883e2000-884a3000 r-xp 00000000 08:06 1313122    /usr/lib/i386-linux-gnu/libgnutls.so.26.22.6
884a3000-884a7000 r--p 000c0000 08:06 1313122    /usr/lib/i386-linux-gnu/libgnutls.so.26.22.6
884a7000-884a8000 rw-p 000c4000 08:06 1313122    /usr/lib/i386-linux-gnu/libgnutls.so.26.22.6
884a8000-884eb000 r-xp 00000000 08:06 1313266    /usr/lib/i386-linux-gnu/libgssapi_krb5.so.2.2
884eb000-884ec000 r--p 00042000 08:06 1313266    /usr/lib/i386-linux-gnu/libgssapi_krb5.so.2.2
884ec000-884ed000 rw-p 00043000 08:06 1313266    /usr/lib/i386-linux-gnu/libgssapi_krb5.so.2.2
884ed000-88526000 r-xp 00000000 08:06 1316326    /usr/lib/i386-linux-gnu/libfontconfig.so.1.8.0
88526000-88527000 r--p 00039000 08:06 1316326    /usr/lib/i386-linux-gnu/libfontconfig.so.1.8.0
88527000-88528000 rw-p 0003a000 08:06 1316326    /usr/lib/i386-linux-gnu/libfontconfig.so.1.8.0
88528000-8858f000 r-xp 00000000 08:06 1311613    /usr/lib/i386-linux-gnu/libcups.so.2
8858f000-88590000 ---p 00067000 08:06 1311613    /usr/lib/i386-linux-gnu/libcups.so.2
88590000-88594000 r--p 00067000 08:06 1311613    /usr/lib/i386-linux-gnu/libcups.so.2
88594000-88595000 rw-p 0006b000 08:06 1311613    /usr/lib/i386-linux-gnu/libcups.so.2
88595000-885a3000 r-xp 00000000 08:06 1316048    /usr/lib/i386-linux-gnu/libXi.so.6.1.0
885a3000-885a4000 r--p 0000e000 08:06 1316048    /usr/lib/i386-linux-gnu/libXi.so.6.1.0
885a4000-885a5000 rw-p 0000f000 08:06 1316048    /usr/lib/i386-linux-gnu/libXi.so.6.1.0
885aa000-885ae000 r-xp 00000000 08:06 1320169    /usr/lib/i386-linux-gnu/libXfixes.so.3.1.0
885ae000-885af000 r--p 00003000 08:06 1320169    /usr/lib/i386-linux-gnu/libXfixes.so.3.1.0
885af000-885b0000 rw-p 00004000 08:06 1320169    /usr/lib/i386-linux-gnu/libXfixes.so.3.1.0
885b0000-885b9000 r-xp 00000000 08:06 1316041    /usr/lib/i386-linux-gnu/libXcursor.so.1.0.2
885b9000-885ba000 r--p 00008000 08:06 1316041    /usr/lib/i386-linux-gnu/libXcursor.so.1.0.2
885ba000-885bb000 rw-p 00009000 08:06 1316041    /usr/lib/i386-linux-gnu/libXcursor.so.1.0.2
885bb000-885c5000 r--s 000ae000 08:06 1314788    /usr/lib/jvm/java-7-openjdk-i386/jre/lib/resources.jar
885c5000-8860d000 r-xp 00000000 08:06 1313112    /usr/lib/jvm/java-7-openjdk-i386/jre/lib/i386/xawt/libmawt.so
8860d000-8860e000 r--p 00047000 08:06 1313112    /usr/lib/jvm/java-7-openjdk-i386/jre/lib/i386/xawt/libmawt.so
8860e000-88610000 rw-p 00048000 08:06 1313112    /usr/lib/jvm/java-7-openjdk-i386/jre/lib/i386/xawt/libmawt.so
88610000-88611000 rw-p 00000000 00:00 0 
88611000-886a0000 r-xp 00000000 08:06 1322126    /usr/lib/jvm/java-7-openjdk-i386/jre/lib/i386/libawt.so
886a0000-886a1000 r--p 0008f000 08:06 1322126    /usr/lib/jvm/java-7-openjdk-i386/jre/lib/i386/libawt.so
886a1000-886a8000 rw-p 00090000 08:06 1322126    /usr/lib/jvm/java-7-openjdk-i386/jre/lib/i386/libawt.so
886a8000-886cc000 rw-p 00000000 00:00 0 
886cc000-886cf000 ---p 00000000 00:00 0 
886cf000-8871d000 rw-p 00000000 00:00 0          [stack:4262]
8871d000-88759000 r-xp 00000000 08:06 1706702    /lib/i386-linux-gnu/libpcre.so.3.13.1
88759000-8875a000 r--p 0003b000 08:06 1706702    /lib/i386-linux-gnu/libpcre.so.3.13.1
8875a000-8875b000 rw-p 0003c000 08:06 1706702    /lib/i386-linux-gnu/libpcre.so.3.13.1
8875b000-8876e000 r-xp 00000000 08:06 1733007    /lib/i386-linux-gnu/libresolv-2.19.so
8876e000-8876f000 ---p 00013000 08:06 1733007    /lib/i386-linux-gnu/libresolv-2.19.so
8876f000-88770000 r--p 00013000 08:06 1733007    /lib/i386-linux-gnu/libresolv-2.19.so
88770000-88771000 rw-p 00014000 08:06 1733007    /lib/i386-linux-gnu/libresolv-2.19.so
88771000-88773000 rw-p 00000000 00:00 0 
88773000-8887d000 r-xp 00000000 08:06 1710653    /lib/i386-linux-gnu/libglib-2.0.so.0.4002.0
8887d000-8887e000 r--p 00109000 08:06 1710653    /lib/i386-linux-gnu/libglib-2.0.so.0.4002.0
8887e000-8887f000 rw-p 0010a000 08:06 1710653    /lib/i386-linux-gnu/libglib-2.0.so.0.4002.0
8887f000-889fc000 r-xp 00000000 08:06 1311176    /usr/lib/i386-linux-gnu/libgio-2.0.so.0.4002.0
889fc000-889fe000 r--p 0017d000 08:06 1311176    /usr/lib/i386-linux-gnu/libgio-2.0.so.0.4002.0
889fe000-889ff000 rw-p 0017f000 08:06 1311176    /usr/lib/i386-linux-gnu/libgio-2.0.so.0.4002.0
889ff000-88a00000 rw-p 00000000 00:00 0 
88a00000-88ab7000 rw-p 00000000 00:00 0 
88ab7000-88b00000 ---p 00000000 00:00 0 
88b01000-88b0d000 r-xp 00000000 08:06 1316140    /usr/lib/i386-linux-gnu/libavahi-common.so.3.5.3
88b0d000-88b0e000 r--p 0000b000 08:06 1316140    /usr/lib/i386-linux-gnu/libavahi-common.so.3.5.3
88b0e000-88b0f000 rw-p 0000c000 08:06 1316140    /usr/lib/i386-linux-gnu/libavahi-common.so.3.5.3
88b0f000-88b14000 r-xp 00000000 08:06 1316312    /usr/lib/i386-linux-gnu/libffi.so.6.0.1
88b14000-88b15000 r--p 00005000 08:06 1316312    /usr/lib/i386-linux-gnu/libffi.so.6.0.1
88b15000-88b16000 rw-p 00006000 08:06 1316312    /usr/lib/i386-linux-gnu/libffi.so.6.0.1
88b16000-88b36000 r-xp 00000000 08:06 1705079    /lib/i386-linux-gnu/libselinux.so.1
88b36000-88b37000 r--p 0001f000 08:06 1705079    /lib/i386-linux-gnu/libselinux.so.1
88b37000-88b38000 rw-p 00020000 08:06 1705079    /lib/i386-linux-gnu/libselinux.so.1
88b38000-88b39000 rw-p 00000000 00:00 0 
88b39000-88b89000 r-xp 00000000 08:06 1311107    /usr/lib/i386-linux-gnu/libgobject-2.0.so.0.4002.0
88b89000-88b8a000 r--p 0004f000 08:06 1311107    /usr/lib/i386-linux-gnu/libgobject-2.0.so.0.4002.0
88b8a000-88b8b000 rw-p 00050000 08:06 1311107    /usr/lib/i386-linux-gnu/libgobject-2.0.so.0.4002.0
88b8e000-88b97000 r-xp 00000000 08:06 1316054    /usr/lib/i386-linux-gnu/libXrender.so.1.3.0
88b97000-88b98000 r--p 00008000 08:06 1316054    /usr/lib/i386-linux-gnu/libXrender.so.1.3.0
88b98000-88b99000 rw-p 00009000 08:06 1316054    /usr/lib/i386-linux-gnu/libXrender.so.1.3.0
88b99000-88b9c000 r--s 00011000 08:06 1374664    /usr/lib/jvm/java-7-openjdk-i386/jre/lib/dropbox.java.api-1.3.1.1.jar
88b9c000-88ba1000 r--s 00033000 08:06 1374662    /usr/lib/jvm/java-7-openjdk-i386/jre/lib/dropbox-core-sdk-1.8.1.jar
88ba1000-88bab000 r--s 00203000 08:06 1314787    /usr/lib/jvm/java-7-openjdk-i386/jre/lib/charsets.jar
88bab000-88bae000 ---p 00000000 00:00 0 
88bae000-88bfc000 rw-p 00000000 00:00 0          [stack:4261]
88bfc000-88c1c000 r-xp 00000000 08:06 1317100    /usr/lib/i386-linux-gnu/libxcb.so.1.1.0
88c1c000-88c1d000 r--p 0001f000 08:06 1317100    /usr/lib/i386-linux-gnu/libxcb.so.1.1.0
88c1d000-88c1e000 rw-p 00020000 08:06 1317100    /usr/lib/i386-linux-gnu/libxcb.so.1.1.0
88c1e000-88c34000 r-xp 00000000 08:06 1315905    /usr/lib/i386-linux-gnu/libICE.so.6.3.0
88c34000-88c35000 r--p 00015000 08:06 1315905    /usr/lib/i386-linux-gnu/libICE.so.6.3.0
88c35000-88c36000 rw-p 00016000 08:06 1315905    /usr/lib/i386-linux-gnu/libICE.so.6.3.0
88c36000-88c38000 rw-p 00000000 00:00 0 
88c38000-88c49000 r-xp 00000000 08:06 1320163    /usr/lib/i386-linux-gnu/libXext.so.6.4.0
88c49000-88c4a000 r--p 00010000 08:06 1320163    /usr/lib/i386-linux-gnu/libXext.so.6.4.0
88c4a000-88c4b000 rw-p 00011000 08:06 1320163    /usr/lib/i386-linux-gnu/libXext.so.6.4.0
88c4b000-88d7b000 r-xp 00000000 08:06 1316030    /usr/lib/i386-linux-gnu/libX11.so.6.3.0
88d7b000-88d7c000 r--p 00130000 08:06 1316030    /usr/lib/i386-linux-gnu/libX11.so.6.3.0
88d7c000-88d7e000 rw-p 00131000 08:06 1316030    /usr/lib/i386-linux-gnu/libX11.so.6.3.0
88d7e000-88d7f000 rw-p 00000000 00:00 0 
88d7f000-88dd7000 r-xp 00000000 08:06 1316073    /usr/lib/i386-linux-gnu/libXt.so.6.0.0
88dd7000-88dd8000 r--p 00058000 08:06 1316073    /usr/lib/i386-linux-gnu/libXt.so.6.0.0
88dd8000-88ddb000 rw-p 00059000 08:06 1316073    /usr/lib/i386-linux-gnu/libXt.so.6.0.0
88ddb000-88ddc000 ---p 00000000 00:00 0 
88ddc000-88e5c000 rw-p 00000000 00:00 0          [stack:4259]
88e5c000-88e5f000 ---p 00000000 00:00 0 
88e5f000-88ead000 rw-p 00000000 00:00 0          [stack:4258]
88ead000-88eb0000 ---p 00000000 00:00 0 
88eb0000-88f2e000 rw-p 00000000 00:00 0          [stack:4257]
88f2e000-88f31000 ---p 00000000 00:00 0 
88f31000-88faf000 rw-p 00000000 00:00 0          [stack:4256]
88faf000-88fb2000 ---p 00000000 00:00 0 
88fb2000-89000000 rw-p 00000000 00:00 0          [stack:4255]
89000000-89200000 r--p 00000000 08:06 1320544    /usr/lib/locale/locale-archive
89200000-89300000 rw-p 00000000 00:00 0 
89302000-89306000 r--s 0003c000 08:06 1374663    /usr/lib/jvm/java-7-openjdk-i386/jre/lib/jackson-core-2.6.1.jar
89306000-8930b000 r-xp 00000000 08:06 1316045    /usr/lib/i386-linux-gnu/libXdmcp.so.6.0.0
8930b000-8930c000 r--p 00004000 08:06 1316045    /usr/lib/i386-linux-gnu/libXdmcp.so.6.0.0
8930c000-8930d000 rw-p 00005000 08:06 1316045    /usr/lib/i386-linux-gnu/libXdmcp.so.6.0.0
8930f000-89312000 r-xp 00000000 08:06 1319365    /usr/lib/i386-linux-gnu/libgmodule-2.0.so.0.4002.0
89312000-89313000 r--p 00002000 08:06 1319365    /usr/lib/i386-linux-gnu/libgmodule-2.0.so.0.4002.0
89313000-89314000 rw-p 00003000 08:06 1319365    /usr/lib/i386-linux-gnu/libgmodule-2.0.so.0.4002.0
89314000-8932b000 r-xp 00000000 08:06 1322445    /usr/lib/jvm/java-7-openjdk-i386/jre/lib/i386/libnet.so
8932b000-8932c000 r--p 00017000 08:06 1322445    /usr/lib/jvm/java-7-openjdk-i386/jre/lib/i386/libnet.so
8932c000-8932d000 rw-p 00018000 08:06 1322445    /usr/lib/jvm/java-7-openjdk-i386/jre/lib/i386/libnet.so
8932d000-89330000 ---p 00000000 00:00 0 
89330000-8937e000 rw-p 00000000 00:00 0          [stack:4254]
8937e000-89381000 ---p 00000000 00:00 0 
89381000-893cf000 rw-p 00000000 00:00 0          [stack:4253]
893cf000-89580000 r--s 01d29000 08:06 1314785    /usr/lib/jvm/java-7-openjdk-i386/jre/lib/rt.jar
89580000-8ac00000 rw-p 00000000 00:00 0 
8ac00000-8acf0000 rw-p 00000000 00:00 0 
8acf0000-8ad00000 ---p 00000000 00:00 0 
8ad00000-8ad04000 r-xp 00000000 08:06 1710322    /lib/i386-linux-gnu/libuuid.so.1.3.0
8ad04000-8ad05000 r--p 00003000 08:06 1710322    /lib/i386-linux-gnu/libuuid.so.1.3.0
8ad05000-8ad06000 rw-p 00004000 08:06 1710322    /lib/i386-linux-gnu/libuuid.so.1.3.0
8ad06000-8ad0d000 r-xp 00000000 08:06 1316026    /usr/lib/i386-linux-gnu/libSM.so.6.0.1
8ad0d000-8ad0e000 r--p 00006000 08:06 1316026    /usr/lib/i386-linux-gnu/libSM.so.6.0.1
8ad0e000-8ad0f000 rw-p 00007000 08:06 1316026    /usr/lib/i386-linux-gnu/libSM.so.6.0.1
8ad0f000-8ad14000 r-xp 00000000 08:06 1316075    /usr/lib/i386-linux-gnu/libXtst.so.6.1.0
8ad14000-8ad15000 r--p 00004000 08:06 1316075    /usr/lib/i386-linux-gnu/libXtst.so.6.1.0
8ad15000-8ad16000 rw-p 00005000 08:06 1316075    /usr/lib/i386-linux-gnu/libXtst.so.6.1.0
8ad16000-8ad22000 r-xp 00000000 08:06 1086901    /tmp/libJNativeHook-2.0.2.so
8ad22000-8ad23000 r--p 0000b000 08:06 1086901    /tmp/libJNativeHook-2.0.2.so
8ad23000-8ad24000 rw-p 0000c000 08:06 1086901    /tmp/libJNativeHook-2.0.2.so
8ad24000-8ad25000 ---p 00000000 00:00 0 
8ad25000-8ae00000 rw-p 00000000 00:00 0          [stack:4252]
8ae00000-8ae21000 rw-p 00000000 00:00 0 
8ae21000-8af00000 ---p 00000000 00:00 0 
8af01000-8af03000 r-xp 00000000 08:06 1316034    /usr/lib/i386-linux-gnu/libXau.so.6.0.0
8af03000-8af04000 r--p 00001000 08:06 1316034    /usr/lib/i386-linux-gnu/libXau.so.6.0.0
8af04000-8af05000 rw-p 00002000 08:06 1316034    /usr/lib/i386-linux-gnu/libXau.so.6.0.0
8af05000-8af07000 r-xp 00000000 08:06 1316057    /usr/lib/i386-linux-gnu/libXinerama.so.1.0.0
8af07000-8af08000 r--p 00001000 08:06 1316057    /usr/lib/i386-linux-gnu/libXinerama.so.1.0.0
8af08000-8af09000 rw-p 00002000 08:06 1316057    /usr/lib/i386-linux-gnu/libXinerama.so.1.0.0
8af09000-8af52000 rw-p 00000000 00:00 0 
8af52000-8af53000 ---p 00000000 00:00 0 
8af53000-8afd3000 rw-p 00000000 00:00 0          [stack:4251]
8afd3000-8afd4000 ---p 00000000 00:00 0 
8afd4000-8b05f000 rw-p 00000000 00:00 0          [stack:4250]
8b05f000-8b0ff000 rw-p 00000000 00:00 0 
8b0ff000-8b107000 rw-p 00000000 00:00 0 
8b107000-8b13f000 rw-p 00000000 00:00 0 
8b13f000-8b14a000 rw-p 00000000 00:00 0 
8b14a000-8b1e9000 rw-p 00000000 00:00 0 
8b1e9000-8b1ef000 rw-p 00000000 00:00 0 
8b1ef000-8b23f000 rw-p 00000000 00:00 0 
8b23f000-8c240000 rw-p 00000000 00:00 0 
8c240000-93240000 rw-p 00000000 00:00 0 
93240000-94680000 rw-p 00000000 00:00 0 
94680000-a8780000 rw-p 00000000 00:00 0 
a8780000-a91c0000 rw-p 00000000 00:00 0 
a91c0000-b3240000 rw-p 00000000 00:00 0 
b3240000-b3249000 rw-p 00000000 00:00 0 
b3249000-b3300000 rw-p 00000000 00:00 0 
b3300000-b3540000 rwxp 00000000 00:00 0 
b3540000-b63fd000 rw-p 00000000 00:00 0 
b63fd000-b6400000 ---p 00000000 00:00 0 
b6401000-b6406000 r--s 0004d000 08:06 1314792    /usr/lib/jvm/java-7-openjdk-i386/jre/lib/jsse.jar
b6406000-b6408000 r--s 0002e000 08:06 1373262    /usr/lib/jvm/java-7-openjdk-i386/jre/lib/jnativehook-2.0.2.jar
b6408000-b640a000 r--s 00006000 08:06 1598237    /usr/share/java/java-atk-wrapper.jar
b640a000-b6421000 rw-p 00000000 00:00 0 
b6421000-b6459000 rw-p 00000000 00:00 0 
b6459000-b6464000 r-xp 00000000 08:06 1733009    /lib/i386-linux-gnu/libnss_files-2.19.so
b6464000-b6465000 r--p 0000a000 08:06 1733009    /lib/i386-linux-gnu/libnss_files-2.19.so
b6465000-b6466000 rw-p 0000b000 08:06 1733009    /lib/i386-linux-gnu/libnss_files-2.19.so
b6466000-b6470000 r-xp 00000000 08:06 1732977    /lib/i386-linux-gnu/libnss_nis-2.19.so
b6470000-b6471000 r--p 00009000 08:06 1732977    /lib/i386-linux-gnu/libnss_nis-2.19.so
b6471000-b6472000 rw-p 0000a000 08:06 1732977    /lib/i386-linux-gnu/libnss_nis-2.19.so
b6472000-b6487000 r-xp 00000000 08:06 1732978    /lib/i386-linux-gnu/libnsl-2.19.so
b6487000-b6488000 r--p 00015000 08:06 1732978    /lib/i386-linux-gnu/libnsl-2.19.so
b6488000-b6489000 rw-p 00016000 08:06 1732978    /lib/i386-linux-gnu/libnsl-2.19.so
b6489000-b648b000 rw-p 00000000 00:00 0 
b648b000-b648f000 r--s 00085000 08:06 1326839    /usr/lib/jvm/java-7-openjdk-i386/jre/lib/ext/localedata.jar
b648f000-b6491000 r--s 00012000 08:06 1326851    /usr/lib/jvm/java-7-openjdk-i386/jre/lib/ext/zipfs.jar
b6491000-b6495000 r--s 0003c000 08:06 1326847    /usr/lib/jvm/java-7-openjdk-i386/jre/lib/ext/sunpkcs11.jar
b6495000-b6499000 r--s 00034000 08:06 1326843    /usr/lib/jvm/java-7-openjdk-i386/jre/lib/ext/sunjce_provider.jar
b6499000-b64a1000 r-xp 00000000 08:06 1316744    /usr/lib/jvm/java-7-openjdk-i386/jre/lib/i386/libzip.so
b64a1000-b64a2000 r--p 00007000 08:06 1316744    /usr/lib/jvm/java-7-openjdk-i386/jre/lib/i386/libzip.so
b64a2000-b64a3000 rw-p 00008000 08:06 1316744    /usr/lib/jvm/java-7-openjdk-i386/jre/lib/i386/libzip.so
b64a3000-b64ab000 rw-s 00000000 08:06 1087330    /tmp/hsperfdata_soumya/4243
b64ab000-b64d2000 r-xp 00000000 08:06 1326825    /usr/lib/jvm/java-7-openjdk-i386/jre/lib/i386/libjava.so
b64d2000-b64d3000 r--p 00026000 08:06 1326825    /usr/lib/jvm/java-7-openjdk-i386/jre/lib/i386/libjava.so
b64d3000-b64d4000 rw-p 00027000 08:06 1326825    /usr/lib/jvm/java-7-openjdk-i386/jre/lib/i386/libjava.so
b64d4000-b64db000 r-xp 00000000 08:06 1733010    /lib/i386-linux-gnu/librt-2.19.so
b64db000-b64dc000 r--p 00006000 08:06 1733010    /lib/i386-linux-gnu/librt-2.19.so
b64dc000-b64dd000 rw-p 00007000 08:06 1733010    /lib/i386-linux-gnu/librt-2.19.so
b64dd000-b64e0000 ---p 00000000 00:00 0 
b64e0000-b652e000 rw-p 00000000 00:00 0          [stack:4249]
b652e000-b654a000 r-xp 00000000 08:06 1704926    /lib/i386-linux-gnu/libgcc_s.so.1
b654a000-b654b000 rw-p 0001b000 08:06 1704926    /lib/i386-linux-gnu/libgcc_s.so.1
b654b000-b658f000 r-xp 00000000 08:06 1732983    /lib/i386-linux-gnu/libm-2.19.so
b658f000-b6590000 r--p 00043000 08:06 1732983    /lib/i386-linux-gnu/libm-2.19.so
b6590000-b6591000 rw-p 00044000 08:06 1732983    /lib/i386-linux-gnu/libm-2.19.so
b6591000-b666d000 r-xp 00000000 08:06 1314969    /usr/lib/i386-linux-gnu/libstdc++.so.6.0.19
b666d000-b6671000 r--p 000dc000 08:06 1314969    /usr/lib/i386-linux-gnu/libstdc++.so.6.0.19
b6671000-b6672000 rw-p 000e0000 08:06 1314969    /usr/lib/i386-linux-gnu/libstdc++.so.6.0.19
b6672000-b6679000 rw-p 00000000 00:00 0 
b6679000-b7068000 r-xp 00000000 08:06 1320160    /usr/lib/jvm/java-7-openjdk-i386/jre/lib/i386/server/libjvm.so
b7068000-b70ba000 r--p 009ee000 08:06 1320160    /usr/lib/jvm/java-7-openjdk-i386/jre/lib/i386/server/libjvm.so
b70ba000-b70ce000 rw-p 00a40000 08:06 1320160    /usr/lib/jvm/java-7-openjdk-i386/jre/lib/i386/server/libjvm.so
b70ce000-b74eb000 rw-p 00000000 00:00 0 
b74eb000-b7503000 r-xp 00000000 08:06 1705112    /lib/i386-linux-gnu/libz.so.1.2.8
b7503000-b7504000 r--p 00017000 08:06 1705112    /lib/i386-linux-gnu/libz.so.1.2.8
b7504000-b7505000 rw-p 00018000 08:06 1705112    /lib/i386-linux-gnu/libz.so.1.2.8
b7505000-b7506000 rw-p 00000000 00:00 0 
b7506000-b751e000 r-xp 00000000 08:06 1733005    /lib/i386-linux-gnu/libpthread-2.19.so
b751e000-b751f000 r--p 00018000 08:06 1733005    /lib/i386-linux-gnu/libpthread-2.19.so
b751f000-b7520000 rw-p 00019000 08:06 1733005    /lib/i386-linux-gnu/libpthread-2.19.so
b7520000-b7522000 rw-p 00000000 00:00 0 
b7522000-b7525000 r-xp 00000000 08:06 1732974    /lib/i386-linux-gnu/libdl-2.19.so
b7525000-b7526000 r--p 00002000 08:06 1732974    /lib/i386-linux-gnu/libdl-2.19.so
b7526000-b7527000 rw-p 00003000 08:06 1732974    /lib/i386-linux-gnu/libdl-2.19.so
b7527000-b76cf000 r-xp 00000000 08:06 1728717    /lib/i386-linux-gnu/libc-2.19.so
b76cf000-b76d1000 r--p 001a8000 08:06 1728717    /lib/i386-linux-gnu/libc-2.19.so
b76d1000-b76d2000 rw-p 001aa000 08:06 1728717    /lib/i386-linux-gnu/libc-2.19.so
b76d2000-b76d5000 rw-p 00000000 00:00 0 
b76d5000-b76d6000 r--s 00002000 08:06 1326841    /usr/lib/jvm/java-7-openjdk-i386/jre/lib/ext/dnsns.jar
b76d6000-b76d9000 r--s 0000f000 08:06 1326849    /usr/lib/jvm/java-7-openjdk-i386/jre/lib/ext/icedtea-sound.jar
b76d9000-b76da000 r--p 00850000 08:06 1320544    /usr/lib/locale/locale-archive
b76da000-b76e1000 r-xp 00000000 08:06 1732984    /lib/i386-linux-gnu/libnss_compat-2.19.so
b76e1000-b76e2000 r--p 00006000 08:06 1732984    /lib/i386-linux-gnu/libnss_compat-2.19.so
b76e2000-b76e3000 rw-p 00007000 08:06 1732984    /lib/i386-linux-gnu/libnss_compat-2.19.so
b76e3000-b76e4000 rw-p 00000000 00:00 0 
b76e4000-b76e5000 r--p 00000000 00:00 0 
b76e5000-b76f3000 r-xp 00000000 08:06 1322192    /usr/lib/jvm/java-7-openjdk-i386/jre/lib/i386/libverify.so
b76f3000-b76f4000 r--p 0000d000 08:06 1322192    /usr/lib/jvm/java-7-openjdk-i386/jre/lib/i386/libverify.so
b76f4000-b76f5000 rw-p 0000e000 08:06 1322192    /usr/lib/jvm/java-7-openjdk-i386/jre/lib/i386/libverify.so
b76f5000-b7701000 r-xp 00000000 08:06 1316787    /usr/lib/jvm/java-7-openjdk-i386/jre/lib/i386/jli/libjli.so
b7701000-b7702000 r--p 0000c000 08:06 1316787    /usr/lib/jvm/java-7-openjdk-i386/jre/lib/i386/jli/libjli.so
b7702000-b7703000 rw-p 0000d000 08:06 1316787    /usr/lib/jvm/java-7-openjdk-i386/jre/lib/i386/jli/libjli.so
b7703000-b7706000 rw-p 00000000 00:00 0 
b7706000-b7707000 r-xp 00000000 00:00 0          [vdso]
b7707000-b7727000 r-xp 00000000 08:06 1732976    /lib/i386-linux-gnu/ld-2.19.so
b7727000-b7728000 r--p 0001f000 08:06 1732976    /lib/i386-linux-gnu/ld-2.19.so
b7728000-b7729000 rw-p 00020000 08:06 1732976    /lib/i386-linux-gnu/ld-2.19.so
bfa84000-bfa85000 rwxp 00000000 00:00 0 
bfab7000-bfad8000 rw-p 00000000 00:00 0          [stack]

VM Arguments:
jvm_args: -Dfile.encoding=UTF-8 
java_command: GlobalMouseListenerExample
Launcher Type: SUN_STANDARD

Environment Variables:
PATH=/usr/local/sbin:/usr/local/bin:/usr/sbin:/usr/bin:/sbin:/bin:/usr/games:/usr/local/games
LD_LIBRARY_PATH=/usr/lib/jvm/java-7-openjdk-i386/jre/lib/i386/server:/usr/lib/jvm/java-7-openjdk-i386/jre/lib/i386:/usr/lib/jvm/java-7-openjdk-i386/jre/../lib/i386:/usr/lib/jvm/java-7-openjdk-i386/jre/lib/i386/client:/usr/lib/jvm/java-7-openjdk-i386/jre/lib/i386:
SHELL=/bin/bash
DISPLAY=:0

Signal Handlers:
SIGSEGV: [libjvm.so+0x80cb90], sa_mask[0]=0x7ffbfeff, sa_flags=0x10000004
SIGBUS: [libjvm.so+0x80cb90], sa_mask[0]=0x7ffbfeff, sa_flags=0x10000004
SIGFPE: [libjvm.so+0x684e30], sa_mask[0]=0x7ffbfeff, sa_flags=0x10000004
SIGPIPE: [libjvm.so+0x684e30], sa_mask[0]=0x7ffbfeff, sa_flags=0x10000004
SIGXFSZ: [libjvm.so+0x684e30], sa_mask[0]=0x7ffbfeff, sa_flags=0x10000004
SIGILL: [libjvm.so+0x684e30], sa_mask[0]=0x7ffbfeff, sa_flags=0x10000004
SIGUSR1: SIG_DFL, sa_mask[0]=0x00000000, sa_flags=0x00000000
SIGUSR2: [libjvm.so+0x684cc0], sa_mask[0]=0x00000004, sa_flags=0x10000004
SIGHUP: [libjvm.so+0x684ef0], sa_mask[0]=0x7ffbfeff, sa_flags=0x10000004
SIGINT: [libjvm.so+0x684ef0], sa_mask[0]=0x7ffbfeff, sa_flags=0x10000004
SIGTERM: [libjvm.so+0x684ef0], sa_mask[0]=0x7ffbfeff, sa_flags=0x10000004
SIGQUIT: [libjvm.so+0x684ef0], sa_mask[0]=0x7ffbfeff, sa_flags=0x10000004
SIGTRAP: SIG_DFL, sa_mask[0]=0x00000000, sa_flags=0x00000000


---------------  S Y S T E M  ---------------

OS:Ubuntu 14.04 (trusty)
uname:Linux 3.13.0-63-generic #103-Ubuntu SMP Fri Aug 14 21:43:30 UTC 2015 i686
libc:glibc 2.19 NPTL 2.19 
rlimit: STACK 8192k, CORE 0k, NPROC 15433, NOFILE 4096, AS infinity
load average:0.31 0.35 0.39

/proc/meminfo:
MemTotal:        1994772 kB
MemFree:          209868 kB
Buffers:           36208 kB
Cached:           683584 kB
SwapCached:         1640 kB
Active:           921664 kB
Inactive:         767048 kB
Active(anon):     594912 kB
Inactive(anon):   599124 kB
Active(file):     326752 kB
Inactive(file):   167924 kB
Unevictable:          32 kB
Mlocked:              32 kB
HighTotal:       1113688 kB
HighFree:         105404 kB
LowTotal:         881084 kB
LowFree:          104464 kB
SwapTotal:       2928636 kB
SwapFree:        2918176 kB
Dirty:               152 kB
Writeback:             0 kB
AnonPages:        967448 kB
Mapped:           214492 kB
Shmem:            225076 kB
Slab:              61852 kB
SReclaimable:      44168 kB
SUnreclaim:        17684 kB
KernelStack:        4152 kB
PageTables:        11048 kB
NFS_Unstable:          0 kB
Bounce:                0 kB
WritebackTmp:          0 kB
CommitLimit:     3926020 kB
Committed_AS:    4235044 kB
VmallocTotal:     122880 kB
VmallocUsed:       14744 kB
VmallocChunk:     101376 kB
HardwareCorrupted:     0 kB
AnonHugePages:    342016 kB
HugePages_Total:       0
HugePages_Free:        0
HugePages_Rsvd:        0
HugePages_Surp:        0
Hugepagesize:       2048 kB
DirectMap4k:       28664 kB
DirectMap2M:      884736 kB


CPU:total 2 (2 cores per cpu, 1 threads per core) family 6 model 15 stepping 13, cmov, cx8, fxsr, mmx, sse, sse2, sse3, ssse3, tsc

/proc/cpuinfo:
processor	: 0
vendor_id	: GenuineIntel
cpu family	: 6
model		: 15
model name	: Intel(R) Pentium(R) Dual  CPU  T3400  @ 2.16GHz
stepping	: 13
microcode	: 0xa3
cpu MHz		: 2166.000
cache size	: 1024 KB
physical id	: 0
siblings	: 2
core id		: 0
cpu cores	: 2
apicid		: 0
initial apicid	: 0
fdiv_bug	: no
f00f_bug	: no
coma_bug	: no
fpu		: yes
fpu_exception	: yes
cpuid level	: 10
wp		: yes
flags		: fpu vme de pse tsc msr pae mce cx8 apic sep mtrr pge mca cmov pat pse36 clflush dts acpi mmx fxsr sse sse2 ss ht tm pbe nx lm constant_tsc arch_perfmon pebs bts aperfmperf pni dtes64 monitor ds_cpl est tm2 ssse3 cx16 xtpr pdcm lahf_lm dtherm
bogomips	: 4322.40
clflush size	: 64
cache_alignment	: 64
address sizes	: 36 bits physical, 48 bits virtual
power management:

processor	: 1
vendor_id	: GenuineIntel
cpu family	: 6
model		: 15
model name	: Intel(R) Pentium(R) Dual  CPU  T3400  @ 2.16GHz
stepping	: 13
microcode	: 0xa3
cpu MHz		: 2166.000
cache size	: 1024 KB
physical id	: 0
siblings	: 2
core id		: 1
cpu cores	: 2
apicid		: 1
initial apicid	: 1
fdiv_bug	: no
f00f_bug	: no
coma_bug	: no
fpu		: yes
fpu_exception	: yes
cpuid level	: 10
wp		: yes
flags		: fpu vme de pse tsc msr pae mce cx8 apic sep mtrr pge mca cmov pat pse36 clflush dts acpi mmx fxsr sse sse2 ss ht tm pbe nx lm constant_tsc arch_perfmon pebs bts aperfmperf pni dtes64 monitor ds_cpl est tm2 ssse3 cx16 xtpr pdcm lahf_lm dtherm
bogomips	: 4322.40
clflush size	: 64
cache_alignment	: 64
address sizes	: 36 bits physical, 48 bits virtual
power management:



Memory: 4k page, physical 1994772k(209496k free), swap 2928636k(2918176k free)

vm_info: OpenJDK Server VM (24.79-b02) for linux-x86 JRE (1.7.0_79-b14), built on Jul 24 2015 08:25:15 by "buildd" with gcc 4.8.2

time: Mon Sep 28 00:41:09 2015
elapsed time: 1070 seconds

