#
# A fatal error has been detected by the Java Runtime Environment:
#
#  SIGSEGV (0xb) at pc=0x00001886, pid=4133, tid=2293234496
#
# JRE version: OpenJDK Runtime Environment (7.0_79-b14) (build 1.7.0_79-b14)
# Java VM: OpenJDK Server VM (24.79-b02 mixed mode linux-x86 )
# Derivative: IcedTea 2.5.6
# Distribution: Ubuntu 14.04 LTS, package 7u79-2.5.6-0ubuntu1.14.04.1
# Problematic frame:
# C  0x00001886
#
# Failed to write core dump. Core dumps have been disabled. To enable core dumping, try "ulimit -c unlimited" before starting Java again
#
# If you would like to submit a bug report, please include
# instructions on how to reproduce the bug and visit:
#   http://icedtea.classpath.org/bugzilla
# The crash happened outside the Java Virtual Machine in native code.
# See problematic frame for where to report the bug.
#

---------------  T H R E A D  ---------------

Current thread (0x88b0b000):  JavaThread "JNativeHook Hook Thread" [_thread_in_native, id=4152, stack(0x88aaf000,0x88b00000)]

siginfo:si_signo=SIGSEGV: si_errno=0, si_code=1 (SEGV_MAPERR), si_addr=0x00001886

Registers:
EAX=0x8ad2363c, EBX=0x8ad23000, ECX=0x00000008, EDX=0x00000024
ESP=0x88afedfc, EBP=0x08e07ad4, ESI=0x08e91af8, EDI=0x08e91af8
EIP=0x00001886, EFLAGS=0x00010282, CR2=0x00001886

Top of Stack: (sp=0x88afedfc)
0x88afedfc:   8ad194d4 8ad2363c 00000000 00000000
0x88afee0c:   88c30000 08e87fa0 b7629fe8 88c30000
0x88afee1c:   88c1a084 b76db450 b7629fe8 b76db420
0x88afee2c:   00000000 08e87fac 00000000 00000001
0x88afee3c:   88d7c000 08e87398 08e875a8 8ad194b9
0x88afee4c:   b6406000 88afeee0 08e91af8 08e07ad4
0x88afee5c:   b6401519 00000000 08e91af8 00000044
0x88afee6c:   88c806df 00000000 08e91f10 00000020 

Instructions: (pc=0x00001886)
0x00001866:   
[error occurred during error reporting (printing registers, top of stack, instructions near pc), id 0xb]

Register to memory mapping:

EAX=
[error occurred during error reporting (printing register info), id 0xb]

Stack: [0x88aaf000,0x88b00000],  sp=0x88afedfc,  free space=319k
Native frames: (J=compiled Java code, j=interpreted, Vv=VM code, C=native code)
C  0x00001886

Java frames: (J=compiled Java code, j=interpreted, Vv=VM code)
j  org.jnativehook.GlobalScreen$NativeHookThread.enable()V+0
j  org.jnativehook.GlobalScreen$NativeHookThread.run()V+6
v  ~StubRoutines::call_stub

---------------  P R O C E S S  ---------------

Java Threads: ( => current thread )
  0x08e95400 JavaThread "JNativeHook Dispatch Thread" daemon [_thread_blocked, id=4155, stack(0x8800d000,0x8805e000)]
  0xb6307c00 JavaThread "DestroyJavaVM" [_thread_blocked, id=4139, stack(0xb64e7000,0xb6538000)]
  0x88b94400 JavaThread "AWT-XAWT" daemon [_thread_in_native, id=4154, stack(0x88071000,0x880c2000)]
  0x88b8dc00 JavaThread "Java2D Disposer" daemon [_thread_blocked, id=4153, stack(0x880c2000,0x88113000)]
=>0x88b0b000 JavaThread "JNativeHook Hook Thread" [_thread_in_native, id=4152, stack(0x88aaf000,0x88b00000)]
  0x8922b400 JavaThread "Service Thread" daemon [_thread_blocked, id=4150, stack(0x88e5c000,0x88ead000)]
  0x89229800 JavaThread "C2 CompilerThread1" daemon [_thread_blocked, id=4149, stack(0x88ead000,0x88f2e000)]
  0x89227800 JavaThread "C2 CompilerThread0" daemon [_thread_blocked, id=4148, stack(0x88f2e000,0x88faf000)]
  0x89225c00 JavaThread "Signal Dispatcher" daemon [_thread_blocked, id=4147, stack(0x88faf000,0x89000000)]
  0x89214400 JavaThread "Finalizer" daemon [_thread_blocked, id=4146, stack(0x8932d000,0x8937e000)]
  0x89212800 JavaThread "Reference Handler" daemon [_thread_blocked, id=4145, stack(0x8937e000,0x893cf000)]

Other Threads:
  0x89210400 VMThread [stack: 0x8ad24000,0x8ada5000] [id=4144]
  0x8922d400 WatcherThread [stack: 0x88ddb000,0x88e5c000] [id=4151]

VM state:not at safepoint (normal execution)

VM Mutex/Monitor currently owned by a thread: None

Heap
 PSYoungGen      total 9216K, used 3725K [0xa8780000, 0xa91c0000, 0xb3240000)
  eden space 7936K, 46% used [0xa8780000,0xa8b237c8,0xa8f40000)
  from space 1280K, 0% used [0xa9080000,0xa9080000,0xa91c0000)
  to   space 1280K, 0% used [0xa8f40000,0xa8f40000,0xa9080000)
 ParOldGen       total 20736K, used 0K [0x93240000, 0x94680000, 0xa8780000)
  object space 20736K, 0% used [0x93240000,0x93240000,0x94680000)
 PSPermGen       total 16384K, used 4751K [0x8b240000, 0x8c240000, 0x93240000)
  object space 16384K, 29% used [0x8b240000,0x8b6e3ee8,0x8c240000)

Card table byte_map: [0x8b0ff000,0x8b240000] byte_map_base: 0x8aca5e00

Polling page: 0xb76ee000

Code Cache  [0xb3300000, 0xb3540000, 0xb6300000)
 total_blobs=214 nmethods=18 adapters=151 free_code_cache=48806Kb largest_free_block=49960640

Compilation events (10 events):
Event: 2.281 Thread 0x89227800   12             java.lang.String::equals (81 bytes)
Event: 2.286 Thread 0x89227800 nmethod 12 0xb33556c8 code [0xb33557c0, 0xb33559d0]
Event: 30.558 Thread 0x89229800   15             java.util.concurrent.atomic.AtomicInteger::get (5 bytes)
Event: 30.559 Thread 0x89229800 nmethod 15 0xb3357908 code [0xb33579e0, 0xb3357a30]
Event: 31.294 Thread 0x89229800   16             java.util.concurrent.locks.AbstractOwnableSynchronizer::setExclusiveOwnerThread (6 bytes)
Event: 31.295 Thread 0x89229800 nmethod 16 0xb3355008 code [0xb33550e0, 0xb3355130]
Event: 35.958 Thread 0x89227800   17             java.util.concurrent.locks.AbstractQueuedSynchronizer::getState (5 bytes)
Event: 35.959 Thread 0x89227800 nmethod 17 0xb3354e88 code [0xb3354f60, 0xb3354fb0]
Event: 43.950 Thread 0x89229800   18             java.util.concurrent.locks.AbstractOwnableSynchronizer::getExclusiveOwnerThread (5 bytes)
Event: 43.950 Thread 0x89229800 nmethod 18 0xb3354d08 code [0xb3354de0, 0xb3354e30]

GC Heap History (0 events):
No events

Deoptimization events (1 events):
Event: 0.822 Thread 0xb6307c00 Uncommon trap: reason=class_check action=maybe_recompile pc=0xb334ca3c method=java.util.Properties$LineReader.readLine()I @ 62

Internal exceptions (10 events):
Event: 1.074 Thread 0xb6307c00 Threw 0xa89c6870 at /build/openjdk-7-OXg_HK/openjdk-7-7u79-2.5.6/build/openjdk/hotspot/src/share/vm/prims/jvm.cpp:1284
Event: 1.075 Thread 0xb6307c00 Threw 0xa89caf30 at /build/openjdk-7-OXg_HK/openjdk-7-7u79-2.5.6/build/openjdk/hotspot/src/share/vm/prims/jvm.cpp:1284
Event: 1.075 Thread 0xb6307c00 Threw 0xa89ce628 at /build/openjdk-7-OXg_HK/openjdk-7-7u79-2.5.6/build/openjdk/hotspot/src/share/vm/prims/jvm.cpp:1284
Event: 1.076 Thread 0xb6307c00 Threw 0xa89d30a0 at /build/openjdk-7-OXg_HK/openjdk-7-7u79-2.5.6/build/openjdk/hotspot/src/share/vm/prims/jvm.cpp:1284
Event: 1.077 Thread 0xb6307c00 Threw 0xa89d9a78 at /build/openjdk-7-OXg_HK/openjdk-7-7u79-2.5.6/build/openjdk/hotspot/src/share/vm/prims/jvm.cpp:1284
Event: 1.078 Thread 0xb6307c00 Threw 0xa89e4020 at /build/openjdk-7-OXg_HK/openjdk-7-7u79-2.5.6/build/openjdk/hotspot/src/share/vm/prims/jvm.cpp:1284
Event: 1.078 Thread 0xb6307c00 Threw 0xa89e56d8 at /build/openjdk-7-OXg_HK/openjdk-7-7u79-2.5.6/build/openjdk/hotspot/src/share/vm/prims/jvm.cpp:1284
Event: 1.078 Thread 0xb6307c00 Threw 0xa89e5868 at /build/openjdk-7-OXg_HK/openjdk-7-7u79-2.5.6/build/openjdk/hotspot/src/share/vm/classfile/systemDictionary.cpp:174
Event: 2.154 Thread 0x88b0b000 Threw 0xa88cf730 at /build/openjdk-7-OXg_HK/openjdk-7-7u79-2.5.6/build/openjdk/hotspot/src/share/vm/prims/jvm.cpp:1284
Event: 25.152 Thread 0x08e95400 Threw 0xa8a413f0 at /build/openjdk-7-OXg_HK/openjdk-7-7u79-2.5.6/build/openjdk/hotspot/src/share/vm/prims/jvm.cpp:1284

Events (10 events):
Event: 2.156 loading class 0x8928ac20 done
Event: 2.157 Thread 0x08e95400 Thread added: 0x08e95400
Event: 2.158 loading class 0x8ade9300
Event: 2.159 loading class 0x8ade9300 done
Event: 2.159 loading class 0x8adb90e0
Event: 2.159 loading class 0x8adb90e0 done
Event: 4.429 Executing VM operation: EnableBiasedLocking
Event: 4.429 Executing VM operation: EnableBiasedLocking done
Event: 25.151 loading class 0x89285070
Event: 25.151 loading class 0x89285070 done


Dynamic libraries:
08048000-08049000 r-xp 00000000 08:06 1328247    /usr/lib/jvm/java-7-openjdk-i386/jre/bin/java
08049000-0804a000 r--p 00000000 08:06 1328247    /usr/lib/jvm/java-7-openjdk-i386/jre/bin/java
0804a000-0804b000 rw-p 00001000 08:06 1328247    /usr/lib/jvm/java-7-openjdk-i386/jre/bin/java
08e06000-08e9e000 rw-p 00000000 00:00 0          [heap]
88006000-8800d000 r--s 00000000 08:06 1312905    /usr/lib/i386-linux-gnu/gconv/gconv-modules.cache
8800d000-88010000 ---p 00000000 00:00 0 
88010000-8805e000 rw-p 00000000 00:00 0          [stack:4155]
8805e000-8806f000 r-xp 00000000 08:06 1326815    /usr/lib/jvm/java-7-openjdk-i386/jre/lib/i386/libnio.so
8806f000-88070000 r--p 00010000 08:06 1326815    /usr/lib/jvm/java-7-openjdk-i386/jre/lib/i386/libnio.so
88070000-88071000 rw-p 00011000 08:06 1326815    /usr/lib/jvm/java-7-openjdk-i386/jre/lib/i386/libnio.so
88071000-88074000 ---p 00000000 00:00 0 
88074000-880c2000 rw-p 00000000 00:00 0          [stack:4154]
880c2000-880c5000 ---p 00000000 00:00 0 
880c5000-88113000 rw-p 00000000 00:00 0          [stack:4153]
88113000-88116000 r-xp 00000000 08:06 1704982    /lib/i386-linux-gnu/libgpg-error.so.0.10.0
88116000-88117000 r--p 00002000 08:06 1704982    /lib/i386-linux-gnu/libgpg-error.so.0.10.0
88117000-88118000 rw-p 00003000 08:06 1704982    /lib/i386-linux-gnu/libgpg-error.so.0.10.0
88118000-8811a000 r-xp 00000000 08:06 1704992    /lib/i386-linux-gnu/libkeyutils.so.1.4
8811a000-8811b000 r--p 00002000 08:06 1704992    /lib/i386-linux-gnu/libkeyutils.so.1.4
8811b000-8811c000 rw-p 00003000 08:06 1704992    /lib/i386-linux-gnu/libkeyutils.so.1.4
8811c000-88142000 r-xp 00000000 08:06 1705064    /lib/i386-linux-gnu/libpng12.so.0.50.0
88142000-88143000 r--p 00025000 08:06 1705064    /lib/i386-linux-gnu/libpng12.so.0.50.0
88143000-88144000 rw-p 00026000 08:06 1705064    /lib/i386-linux-gnu/libpng12.so.0.50.0
88144000-8818d000 r-xp 00000000 08:06 1705035    /lib/i386-linux-gnu/libdbus-1.so.3.7.6
8818d000-8818e000 r--p 00048000 08:06 1705035    /lib/i386-linux-gnu/libdbus-1.so.3.7.6
8818e000-8818f000 rw-p 00049000 08:06 1705035    /lib/i386-linux-gnu/libdbus-1.so.3.7.6
8818f000-881c6000 r-xp 00000000 08:06 1316761    /usr/lib/i386-linux-gnu/libp11-kit.so.0.0.0
881c6000-881c7000 ---p 00037000 08:06 1316761    /usr/lib/i386-linux-gnu/libp11-kit.so.0.0.0
881c7000-881ca000 r--p 00037000 08:06 1316761    /usr/lib/i386-linux-gnu/libp11-kit.so.0.0.0
881ca000-881cb000 rw-p 0003a000 08:06 1316761    /usr/lib/i386-linux-gnu/libp11-kit.so.0.0.0
881cb000-881dd000 r-xp 00000000 08:06 1321233    /usr/lib/i386-linux-gnu/libtasn1.so.6.2.0
881dd000-881de000 r--p 00011000 08:06 1321233    /usr/lib/i386-linux-gnu/libtasn1.so.6.2.0
881de000-881df000 rw-p 00012000 08:06 1321233    /usr/lib/i386-linux-gnu/libtasn1.so.6.2.0
881df000-88261000 r-xp 00000000 08:06 1710819    /lib/i386-linux-gnu/libgcrypt.so.11.8.2
88261000-88262000 r--p 00082000 08:06 1710819    /lib/i386-linux-gnu/libgcrypt.so.11.8.2
88262000-88264000 rw-p 00083000 08:06 1710819    /lib/i386-linux-gnu/libgcrypt.so.11.8.2
88264000-88265000 rw-p 00000000 00:00 0 
88265000-8826f000 r-xp 00000000 08:06 1316822    /usr/lib/i386-linux-gnu/libkrb5support.so.0.1
8826f000-88270000 r--p 00009000 08:06 1316822    /usr/lib/i386-linux-gnu/libkrb5support.so.0.1
88270000-88271000 rw-p 0000a000 08:06 1316822    /usr/lib/i386-linux-gnu/libkrb5support.so.0.1
88271000-88274000 r-xp 00000000 08:06 1710309    /lib/i386-linux-gnu/libcom_err.so.2.1
88274000-88275000 r--p 00002000 08:06 1710309    /lib/i386-linux-gnu/libcom_err.so.2.1
88275000-88276000 rw-p 00003000 08:06 1710309    /lib/i386-linux-gnu/libcom_err.so.2.1
88276000-882a4000 r-xp 00000000 08:06 1313841    /usr/lib/i386-linux-gnu/libk5crypto.so.3.1
882a4000-882a5000 r--p 0002d000 08:06 1313841    /usr/lib/i386-linux-gnu/libk5crypto.so.3.1
882a5000-882a6000 rw-p 0002e000 08:06 1313841    /usr/lib/i386-linux-gnu/libk5crypto.so.3.1
882a6000-8835d000 r-xp 00000000 08:06 1316641    /usr/lib/i386-linux-gnu/libkrb5.so.3.3
8835d000-88363000 r--p 000b7000 08:06 1316641    /usr/lib/i386-linux-gnu/libkrb5.so.3.3
88363000-88364000 rw-p 000bd000 08:06 1316641    /usr/lib/i386-linux-gnu/libkrb5.so.3.3
88364000-88389000 r-xp 00000000 08:06 1706683    /lib/i386-linux-gnu/libexpat.so.1.6.0
88389000-8838a000 ---p 00025000 08:06 1706683    /lib/i386-linux-gnu/libexpat.so.1.6.0
8838a000-8838c000 r--p 00025000 08:06 1706683    /lib/i386-linux-gnu/libexpat.so.1.6.0
8838c000-8838d000 rw-p 00027000 08:06 1706683    /lib/i386-linux-gnu/libexpat.so.1.6.0
8838d000-88428000 r-xp 00000000 08:06 1310861    /usr/lib/i386-linux-gnu/libfreetype.so.6.11.1
88428000-8842c000 r--p 0009a000 08:06 1310861    /usr/lib/i386-linux-gnu/libfreetype.so.6.11.1
8842c000-8842d000 rw-p 0009e000 08:06 1310861    /usr/lib/i386-linux-gnu/libfreetype.so.6.11.1
8842d000-8843d000 r-xp 00000000 08:06 1316138    /usr/lib/i386-linux-gnu/libavahi-client.so.3.2.9
8843d000-8843e000 r--p 0000f000 08:06 1316138    /usr/lib/i386-linux-gnu/libavahi-client.so.3.2.9
8843e000-8843f000 rw-p 00010000 08:06 1316138    /usr/lib/i386-linux-gnu/libavahi-client.so.3.2.9
8843f000-8844b000 r-xp 00000000 08:06 1316140    /usr/lib/i386-linux-gnu/libavahi-common.so.3.5.3
8844b000-8844c000 r--p 0000b000 08:06 1316140    /usr/lib/i386-linux-gnu/libavahi-common.so.3.5.3
8844c000-8844d000 rw-p 0000c000 08:06 1316140    /usr/lib/i386-linux-gnu/libavahi-common.so.3.5.3
8844d000-8850e000 r-xp 00000000 08:06 1313122    /usr/lib/i386-linux-gnu/libgnutls.so.26.22.6
8850e000-88512000 r--p 000c0000 08:06 1313122    /usr/lib/i386-linux-gnu/libgnutls.so.26.22.6
88512000-88513000 rw-p 000c4000 08:06 1313122    /usr/lib/i386-linux-gnu/libgnutls.so.26.22.6
88513000-88556000 r-xp 00000000 08:06 1313266    /usr/lib/i386-linux-gnu/libgssapi_krb5.so.2.2
88556000-88557000 r--p 00042000 08:06 1313266    /usr/lib/i386-linux-gnu/libgssapi_krb5.so.2.2
88557000-88558000 rw-p 00043000 08:06 1313266    /usr/lib/i386-linux-gnu/libgssapi_krb5.so.2.2
88558000-88591000 r-xp 00000000 08:06 1316326    /usr/lib/i386-linux-gnu/libfontconfig.so.1.8.0
88591000-88592000 r--p 00039000 08:06 1316326    /usr/lib/i386-linux-gnu/libfontconfig.so.1.8.0
88592000-88593000 rw-p 0003a000 08:06 1316326    /usr/lib/i386-linux-gnu/libfontconfig.so.1.8.0
88593000-885fa000 r-xp 00000000 08:06 1311613    /usr/lib/i386-linux-gnu/libcups.so.2
885fa000-885fb000 ---p 00067000 08:06 1311613    /usr/lib/i386-linux-gnu/libcups.so.2
885fb000-885ff000 r--p 00067000 08:06 1311613    /usr/lib/i386-linux-gnu/libcups.so.2
885ff000-88600000 rw-p 0006b000 08:06 1311613    /usr/lib/i386-linux-gnu/libcups.so.2
88600000-8860e000 r-xp 00000000 08:06 1316048    /usr/lib/i386-linux-gnu/libXi.so.6.1.0
8860e000-8860f000 r--p 0000e000 08:06 1316048    /usr/lib/i386-linux-gnu/libXi.so.6.1.0
8860f000-88610000 rw-p 0000f000 08:06 1316048    /usr/lib/i386-linux-gnu/libXi.so.6.1.0
88615000-88619000 r-xp 00000000 08:06 1320169    /usr/lib/i386-linux-gnu/libXfixes.so.3.1.0
88619000-8861a000 r--p 00003000 08:06 1320169    /usr/lib/i386-linux-gnu/libXfixes.so.3.1.0
8861a000-8861b000 rw-p 00004000 08:06 1320169    /usr/lib/i386-linux-gnu/libXfixes.so.3.1.0
8861b000-88624000 r-xp 00000000 08:06 1316041    /usr/lib/i386-linux-gnu/libXcursor.so.1.0.2
88624000-88625000 r--p 00008000 08:06 1316041    /usr/lib/i386-linux-gnu/libXcursor.so.1.0.2
88625000-88626000 rw-p 00009000 08:06 1316041    /usr/lib/i386-linux-gnu/libXcursor.so.1.0.2
88626000-88630000 r--s 000ae000 08:06 1314788    /usr/lib/jvm/java-7-openjdk-i386/jre/lib/resources.jar
88630000-88678000 r-xp 00000000 08:06 1313112    /usr/lib/jvm/java-7-openjdk-i386/jre/lib/i386/xawt/libmawt.so
88678000-88679000 r--p 00047000 08:06 1313112    /usr/lib/jvm/java-7-openjdk-i386/jre/lib/i386/xawt/libmawt.so
88679000-8867b000 rw-p 00048000 08:06 1313112    /usr/lib/jvm/java-7-openjdk-i386/jre/lib/i386/xawt/libmawt.so
8867b000-8867c000 rw-p 00000000 00:00 0 
8867c000-8870b000 r-xp 00000000 08:06 1322126    /usr/lib/jvm/java-7-openjdk-i386/jre/lib/i386/libawt.so
8870b000-8870c000 r--p 0008f000 08:06 1322126    /usr/lib/jvm/java-7-openjdk-i386/jre/lib/i386/libawt.so
8870c000-88713000 rw-p 00090000 08:06 1322126    /usr/lib/jvm/java-7-openjdk-i386/jre/lib/i386/libawt.so
88713000-88737000 rw-p 00000000 00:00 0 
88737000-88773000 r-xp 00000000 08:06 1706702    /lib/i386-linux-gnu/libpcre.so.3.13.1
88773000-88774000 r--p 0003b000 08:06 1706702    /lib/i386-linux-gnu/libpcre.so.3.13.1
88774000-88775000 rw-p 0003c000 08:06 1706702    /lib/i386-linux-gnu/libpcre.so.3.13.1
88775000-88788000 r-xp 00000000 08:06 1733007    /lib/i386-linux-gnu/libresolv-2.19.so
88788000-88789000 ---p 00013000 08:06 1733007    /lib/i386-linux-gnu/libresolv-2.19.so
88789000-8878a000 r--p 00013000 08:06 1733007    /lib/i386-linux-gnu/libresolv-2.19.so
8878a000-8878b000 rw-p 00014000 08:06 1733007    /lib/i386-linux-gnu/libresolv-2.19.so
8878b000-8878d000 rw-p 00000000 00:00 0 
8878d000-887ad000 r-xp 00000000 08:06 1705079    /lib/i386-linux-gnu/libselinux.so.1
887ad000-887ae000 r--p 0001f000 08:06 1705079    /lib/i386-linux-gnu/libselinux.so.1
887ae000-887af000 rw-p 00020000 08:06 1705079    /lib/i386-linux-gnu/libselinux.so.1
887af000-887b0000 rw-p 00000000 00:00 0 
887b0000-888ba000 r-xp 00000000 08:06 1710653    /lib/i386-linux-gnu/libglib-2.0.so.0.4002.0
888ba000-888bb000 r--p 00109000 08:06 1710653    /lib/i386-linux-gnu/libglib-2.0.so.0.4002.0
888bb000-888bc000 rw-p 0010a000 08:06 1710653    /lib/i386-linux-gnu/libglib-2.0.so.0.4002.0
888bc000-8890c000 r-xp 00000000 08:06 1311107    /usr/lib/i386-linux-gnu/libgobject-2.0.so.0.4002.0
8890c000-8890d000 r--p 0004f000 08:06 1311107    /usr/lib/i386-linux-gnu/libgobject-2.0.so.0.4002.0
8890d000-8890e000 rw-p 00050000 08:06 1311107    /usr/lib/i386-linux-gnu/libgobject-2.0.so.0.4002.0
8890e000-88a8b000 r-xp 00000000 08:06 1311176    /usr/lib/i386-linux-gnu/libgio-2.0.so.0.4002.0
88a8b000-88a8d000 r--p 0017d000 08:06 1311176    /usr/lib/i386-linux-gnu/libgio-2.0.so.0.4002.0
88a8d000-88a8e000 rw-p 0017f000 08:06 1311176    /usr/lib/i386-linux-gnu/libgio-2.0.so.0.4002.0
88a8e000-88a8f000 rw-p 00000000 00:00 0 
88a91000-88a9a000 r-xp 00000000 08:06 1316054    /usr/lib/i386-linux-gnu/libXrender.so.1.3.0
88a9a000-88a9b000 r--p 00008000 08:06 1316054    /usr/lib/i386-linux-gnu/libXrender.so.1.3.0
88a9b000-88a9c000 rw-p 00009000 08:06 1316054    /usr/lib/i386-linux-gnu/libXrender.so.1.3.0
88a9c000-88aa1000 r--s 00033000 08:06 1374662    /usr/lib/jvm/java-7-openjdk-i386/jre/lib/dropbox-core-sdk-1.8.1.jar
88aa1000-88aa5000 r--s 0003c000 08:06 1374663    /usr/lib/jvm/java-7-openjdk-i386/jre/lib/jackson-core-2.6.1.jar
88aa5000-88aaf000 r--s 00203000 08:06 1314787    /usr/lib/jvm/java-7-openjdk-i386/jre/lib/charsets.jar
88aaf000-88ab2000 ---p 00000000 00:00 0 
88ab2000-88b00000 rw-p 00000000 00:00 0          [stack:4152]
88b00000-88bb7000 rw-p 00000000 00:00 0 
88bb7000-88c00000 ---p 00000000 00:00 0 
88c01000-88c06000 r-xp 00000000 08:06 1316312    /usr/lib/i386-linux-gnu/libffi.so.6.0.1
88c06000-88c07000 r--p 00005000 08:06 1316312    /usr/lib/i386-linux-gnu/libffi.so.6.0.1
88c07000-88c08000 rw-p 00006000 08:06 1316312    /usr/lib/i386-linux-gnu/libffi.so.6.0.1
88c08000-88c0d000 r-xp 00000000 08:06 1316045    /usr/lib/i386-linux-gnu/libXdmcp.so.6.0.0
88c0d000-88c0e000 r--p 00004000 08:06 1316045    /usr/lib/i386-linux-gnu/libXdmcp.so.6.0.0
88c0e000-88c0f000 rw-p 00005000 08:06 1316045    /usr/lib/i386-linux-gnu/libXdmcp.so.6.0.0
88c0f000-88c2f000 r-xp 00000000 08:06 1317100    /usr/lib/i386-linux-gnu/libxcb.so.1.1.0
88c2f000-88c30000 r--p 0001f000 08:06 1317100    /usr/lib/i386-linux-gnu/libxcb.so.1.1.0
88c30000-88c31000 rw-p 00020000 08:06 1317100    /usr/lib/i386-linux-gnu/libxcb.so.1.1.0
88c31000-88c47000 r-xp 00000000 08:06 1315905    /usr/lib/i386-linux-gnu/libICE.so.6.3.0
88c47000-88c48000 r--p 00015000 08:06 1315905    /usr/lib/i386-linux-gnu/libICE.so.6.3.0
88c48000-88c49000 rw-p 00016000 08:06 1315905    /usr/lib/i386-linux-gnu/libICE.so.6.3.0
88c49000-88c4b000 rw-p 00000000 00:00 0 
88c4b000-88d7b000 r-xp 00000000 08:06 1316030    /usr/lib/i386-linux-gnu/libX11.so.6.3.0
88d7b000-88d7c000 r--p 00130000 08:06 1316030    /usr/lib/i386-linux-gnu/libX11.so.6.3.0
88d7c000-88d7e000 rw-p 00131000 08:06 1316030    /usr/lib/i386-linux-gnu/libX11.so.6.3.0
88d7e000-88d7f000 rw-p 00000000 00:00 0 
88d7f000-88dd7000 r-xp 00000000 08:06 1316073    /usr/lib/i386-linux-gnu/libXt.so.6.0.0
88dd7000-88dd8000 r--p 00058000 08:06 1316073    /usr/lib/i386-linux-gnu/libXt.so.6.0.0
88dd8000-88ddb000 rw-p 00059000 08:06 1316073    /usr/lib/i386-linux-gnu/libXt.so.6.0.0
88ddb000-88ddc000 ---p 00000000 00:00 0 
88ddc000-88e5c000 rw-p 00000000 00:00 0          [stack:4151]
88e5c000-88e5f000 ---p 00000000 00:00 0 
88e5f000-88ead000 rw-p 00000000 00:00 0          [stack:4150]
88ead000-88eb0000 ---p 00000000 00:00 0 
88eb0000-88f2e000 rw-p 00000000 00:00 0          [stack:4149]
88f2e000-88f31000 ---p 00000000 00:00 0 
88f31000-88faf000 rw-p 00000000 00:00 0          [stack:4148]
88faf000-88fb2000 ---p 00000000 00:00 0 
88fb2000-89000000 rw-p 00000000 00:00 0          [stack:4147]
89000000-89200000 r--p 00000000 08:06 1320544    /usr/lib/locale/locale-archive
89200000-892ff000 rw-p 00000000 00:00 0 
892ff000-89300000 ---p 00000000 00:00 0 
89303000-89305000 r-xp 00000000 08:06 1316034    /usr/lib/i386-linux-gnu/libXau.so.6.0.0
89305000-89306000 r--p 00001000 08:06 1316034    /usr/lib/i386-linux-gnu/libXau.so.6.0.0
89306000-89307000 rw-p 00002000 08:06 1316034    /usr/lib/i386-linux-gnu/libXau.so.6.0.0
89307000-8930b000 r-xp 00000000 08:06 1710322    /lib/i386-linux-gnu/libuuid.so.1.3.0
8930b000-8930c000 r--p 00003000 08:06 1710322    /lib/i386-linux-gnu/libuuid.so.1.3.0
8930c000-8930d000 rw-p 00004000 08:06 1710322    /lib/i386-linux-gnu/libuuid.so.1.3.0
8930f000-89312000 r-xp 00000000 08:06 1319365    /usr/lib/i386-linux-gnu/libgmodule-2.0.so.0.4002.0
89312000-89313000 r--p 00002000 08:06 1319365    /usr/lib/i386-linux-gnu/libgmodule-2.0.so.0.4002.0
89313000-89314000 rw-p 00003000 08:06 1319365    /usr/lib/i386-linux-gnu/libgmodule-2.0.so.0.4002.0
89314000-8932b000 r-xp 00000000 08:06 1322445    /usr/lib/jvm/java-7-openjdk-i386/jre/lib/i386/libnet.so
8932b000-8932c000 r--p 00017000 08:06 1322445    /usr/lib/jvm/java-7-openjdk-i386/jre/lib/i386/libnet.so
8932c000-8932d000 rw-p 00018000 08:06 1322445    /usr/lib/jvm/java-7-openjdk-i386/jre/lib/i386/libnet.so
8932d000-89330000 ---p 00000000 00:00 0 
89330000-8937e000 rw-p 00000000 00:00 0          [stack:4146]
8937e000-89381000 ---p 00000000 00:00 0 
89381000-893cf000 rw-p 00000000 00:00 0          [stack:4145]
893cf000-89580000 r--s 01d29000 08:06 1314785    /usr/lib/jvm/java-7-openjdk-i386/jre/lib/rt.jar
89580000-8ac00000 rw-p 00000000 00:00 0 
8ac00000-8acd7000 rw-p 00000000 00:00 0 
8acd7000-8ad00000 ---p 00000000 00:00 0 
8ad00000-8ad03000 r--s 00011000 08:06 1374664    /usr/lib/jvm/java-7-openjdk-i386/jre/lib/dropbox.java.api-1.3.1.1.jar
8ad03000-8ad14000 r-xp 00000000 08:06 1320163    /usr/lib/i386-linux-gnu/libXext.so.6.4.0
8ad14000-8ad15000 r--p 00010000 08:06 1320163    /usr/lib/i386-linux-gnu/libXext.so.6.4.0
8ad15000-8ad16000 rw-p 00011000 08:06 1320163    /usr/lib/i386-linux-gnu/libXext.so.6.4.0
8ad16000-8ad22000 r-xp 00000000 08:06 1086901    /tmp/libJNativeHook-2.0.2.so
8ad22000-8ad23000 r--p 0000b000 08:06 1086901    /tmp/libJNativeHook-2.0.2.so
8ad23000-8ad24000 rw-p 0000c000 08:06 1086901    /tmp/libJNativeHook-2.0.2.so
8ad24000-8ad25000 ---p 00000000 00:00 0 
8ad25000-8ae00000 rw-p 00000000 00:00 0          [stack:4144]
8ae00000-8ae21000 rw-p 00000000 00:00 0 
8ae21000-8af00000 ---p 00000000 00:00 0 
8af00000-8af07000 r-xp 00000000 08:06 1316026    /usr/lib/i386-linux-gnu/libSM.so.6.0.1
8af07000-8af08000 r--p 00006000 08:06 1316026    /usr/lib/i386-linux-gnu/libSM.so.6.0.1
8af08000-8af09000 rw-p 00007000 08:06 1316026    /usr/lib/i386-linux-gnu/libSM.so.6.0.1
8af09000-8af52000 rw-p 00000000 00:00 0 
8af52000-8af53000 ---p 00000000 00:00 0 
8af53000-8afd3000 rw-p 00000000 00:00 0          [stack:4141]
8afd3000-8afd4000 ---p 00000000 00:00 0 
8afd4000-8b05f000 rw-p 00000000 00:00 0          [stack:4140]
8b05f000-8b0ff000 rw-p 00000000 00:00 0 
8b0ff000-8b107000 rw-p 00000000 00:00 0 
8b107000-8b13f000 rw-p 00000000 00:00 0 
8b13f000-8b14a000 rw-p 00000000 00:00 0 
8b14a000-8b1e9000 rw-p 00000000 00:00 0 
8b1e9000-8b1ef000 rw-p 00000000 00:00 0 
8b1ef000-8b23f000 rw-p 00000000 00:00 0 
8b23f000-8c240000 rw-p 00000000 00:00 0 
8c240000-93240000 rw-p 00000000 00:00 0 
93240000-94680000 rw-p 00000000 00:00 0 
94680000-a8780000 rw-p 00000000 00:00 0 
a8780000-a91c0000 rw-p 00000000 00:00 0 
a91c0000-b3240000 rw-p 00000000 00:00 0 
b3240000-b3249000 rw-p 00000000 00:00 0 
b3249000-b3300000 rw-p 00000000 00:00 0 
b3300000-b3540000 rwxp 00000000 00:00 0 
b3540000-b63fd000 rw-p 00000000 00:00 0 
b63fd000-b6400000 ---p 00000000 00:00 0 
b6400000-b6405000 r-xp 00000000 08:06 1316075    /usr/lib/i386-linux-gnu/libXtst.so.6.1.0
b6405000-b6406000 r--p 00004000 08:06 1316075    /usr/lib/i386-linux-gnu/libXtst.so.6.1.0
b6406000-b6407000 rw-p 00005000 08:06 1316075    /usr/lib/i386-linux-gnu/libXtst.so.6.1.0
b6407000-b6409000 r-xp 00000000 08:06 1316057    /usr/lib/i386-linux-gnu/libXinerama.so.1.0.0
b6409000-b640a000 r--p 00001000 08:06 1316057    /usr/lib/i386-linux-gnu/libXinerama.so.1.0.0
b640a000-b640b000 rw-p 00002000 08:06 1316057    /usr/lib/i386-linux-gnu/libXinerama.so.1.0.0
b640b000-b6410000 r--s 0004d000 08:06 1314792    /usr/lib/jvm/java-7-openjdk-i386/jre/lib/jsse.jar
b6410000-b6412000 r--s 0002e000 08:06 1373262    /usr/lib/jvm/java-7-openjdk-i386/jre/lib/jnativehook-2.0.2.jar
b6412000-b6414000 r--s 00006000 08:06 1598237    /usr/share/java/java-atk-wrapper.jar
b6414000-b642b000 rw-p 00000000 00:00 0 
b642b000-b6463000 rw-p 00000000 00:00 0 
b6463000-b646e000 r-xp 00000000 08:06 1733009    /lib/i386-linux-gnu/libnss_files-2.19.so
b646e000-b646f000 r--p 0000a000 08:06 1733009    /lib/i386-linux-gnu/libnss_files-2.19.so
b646f000-b6470000 rw-p 0000b000 08:06 1733009    /lib/i386-linux-gnu/libnss_files-2.19.so
b6470000-b647a000 r-xp 00000000 08:06 1732977    /lib/i386-linux-gnu/libnss_nis-2.19.so
b647a000-b647b000 r--p 00009000 08:06 1732977    /lib/i386-linux-gnu/libnss_nis-2.19.so
b647b000-b647c000 rw-p 0000a000 08:06 1732977    /lib/i386-linux-gnu/libnss_nis-2.19.so
b647c000-b6491000 r-xp 00000000 08:06 1732978    /lib/i386-linux-gnu/libnsl-2.19.so
b6491000-b6492000 r--p 00015000 08:06 1732978    /lib/i386-linux-gnu/libnsl-2.19.so
b6492000-b6493000 rw-p 00016000 08:06 1732978    /lib/i386-linux-gnu/libnsl-2.19.so
b6493000-b6495000 rw-p 00000000 00:00 0 
b6495000-b6499000 r--s 00085000 08:06 1326839    /usr/lib/jvm/java-7-openjdk-i386/jre/lib/ext/localedata.jar
b6499000-b649b000 r--s 00012000 08:06 1326851    /usr/lib/jvm/java-7-openjdk-i386/jre/lib/ext/zipfs.jar
b649b000-b649f000 r--s 0003c000 08:06 1326847    /usr/lib/jvm/java-7-openjdk-i386/jre/lib/ext/sunpkcs11.jar
b649f000-b64a3000 r--s 00034000 08:06 1326843    /usr/lib/jvm/java-7-openjdk-i386/jre/lib/ext/sunjce_provider.jar
b64a3000-b64ab000 r-xp 00000000 08:06 1316744    /usr/lib/jvm/java-7-openjdk-i386/jre/lib/i386/libzip.so
b64ab000-b64ac000 r--p 00007000 08:06 1316744    /usr/lib/jvm/java-7-openjdk-i386/jre/lib/i386/libzip.so
b64ac000-b64ad000 rw-p 00008000 08:06 1316744    /usr/lib/jvm/java-7-openjdk-i386/jre/lib/i386/libzip.so
b64ad000-b64b5000 rw-s 00000000 08:06 1087325    /tmp/hsperfdata_soumya/4133
b64b5000-b64dc000 r-xp 00000000 08:06 1326825    /usr/lib/jvm/java-7-openjdk-i386/jre/lib/i386/libjava.so
b64dc000-b64dd000 r--p 00026000 08:06 1326825    /usr/lib/jvm/java-7-openjdk-i386/jre/lib/i386/libjava.so
b64dd000-b64de000 rw-p 00027000 08:06 1326825    /usr/lib/jvm/java-7-openjdk-i386/jre/lib/i386/libjava.so
b64de000-b64e5000 r-xp 00000000 08:06 1733010    /lib/i386-linux-gnu/librt-2.19.so
b64e5000-b64e6000 r--p 00006000 08:06 1733010    /lib/i386-linux-gnu/librt-2.19.so
b64e6000-b64e7000 rw-p 00007000 08:06 1733010    /lib/i386-linux-gnu/librt-2.19.so
b64e7000-b64ea000 ---p 00000000 00:00 0 
b64ea000-b6538000 rw-p 00000000 00:00 0          [stack:4139]
b6538000-b6554000 r-xp 00000000 08:06 1704926    /lib/i386-linux-gnu/libgcc_s.so.1
b6554000-b6555000 rw-p 0001b000 08:06 1704926    /lib/i386-linux-gnu/libgcc_s.so.1
b6555000-b6599000 r-xp 00000000 08:06 1732983    /lib/i386-linux-gnu/libm-2.19.so
b6599000-b659a000 r--p 00043000 08:06 1732983    /lib/i386-linux-gnu/libm-2.19.so
b659a000-b659b000 rw-p 00044000 08:06 1732983    /lib/i386-linux-gnu/libm-2.19.so
b659b000-b6677000 r-xp 00000000 08:06 1314969    /usr/lib/i386-linux-gnu/libstdc++.so.6.0.19
b6677000-b667b000 r--p 000dc000 08:06 1314969    /usr/lib/i386-linux-gnu/libstdc++.so.6.0.19
b667b000-b667c000 rw-p 000e0000 08:06 1314969    /usr/lib/i386-linux-gnu/libstdc++.so.6.0.19
b667c000-b6683000 rw-p 00000000 00:00 0 
b6683000-b7072000 r-xp 00000000 08:06 1320160    /usr/lib/jvm/java-7-openjdk-i386/jre/lib/i386/server/libjvm.so
b7072000-b70c4000 r--p 009ee000 08:06 1320160    /usr/lib/jvm/java-7-openjdk-i386/jre/lib/i386/server/libjvm.so
b70c4000-b70d8000 rw-p 00a40000 08:06 1320160    /usr/lib/jvm/java-7-openjdk-i386/jre/lib/i386/server/libjvm.so
b70d8000-b74f5000 rw-p 00000000 00:00 0 
b74f5000-b750d000 r-xp 00000000 08:06 1705112    /lib/i386-linux-gnu/libz.so.1.2.8
b750d000-b750e000 r--p 00017000 08:06 1705112    /lib/i386-linux-gnu/libz.so.1.2.8
b750e000-b750f000 rw-p 00018000 08:06 1705112    /lib/i386-linux-gnu/libz.so.1.2.8
b750f000-b7510000 rw-p 00000000 00:00 0 
b7510000-b7528000 r-xp 00000000 08:06 1733005    /lib/i386-linux-gnu/libpthread-2.19.so
b7528000-b7529000 r--p 00018000 08:06 1733005    /lib/i386-linux-gnu/libpthread-2.19.so
b7529000-b752a000 rw-p 00019000 08:06 1733005    /lib/i386-linux-gnu/libpthread-2.19.so
b752a000-b752c000 rw-p 00000000 00:00 0 
b752c000-b752f000 r-xp 00000000 08:06 1732974    /lib/i386-linux-gnu/libdl-2.19.so
b752f000-b7530000 r--p 00002000 08:06 1732974    /lib/i386-linux-gnu/libdl-2.19.so
b7530000-b7531000 rw-p 00003000 08:06 1732974    /lib/i386-linux-gnu/libdl-2.19.so
b7531000-b76d9000 r-xp 00000000 08:06 1728717    /lib/i386-linux-gnu/libc-2.19.so
b76d9000-b76db000 r--p 001a8000 08:06 1728717    /lib/i386-linux-gnu/libc-2.19.so
b76db000-b76dc000 rw-p 001aa000 08:06 1728717    /lib/i386-linux-gnu/libc-2.19.so
b76dc000-b76df000 rw-p 00000000 00:00 0 
b76df000-b76e0000 r--s 00002000 08:06 1326841    /usr/lib/jvm/java-7-openjdk-i386/jre/lib/ext/dnsns.jar
b76e0000-b76e3000 r--s 0000f000 08:06 1326849    /usr/lib/jvm/java-7-openjdk-i386/jre/lib/ext/icedtea-sound.jar
b76e3000-b76e4000 r--p 00850000 08:06 1320544    /usr/lib/locale/locale-archive
b76e4000-b76eb000 r-xp 00000000 08:06 1732984    /lib/i386-linux-gnu/libnss_compat-2.19.so
b76eb000-b76ec000 r--p 00006000 08:06 1732984    /lib/i386-linux-gnu/libnss_compat-2.19.so
b76ec000-b76ed000 rw-p 00007000 08:06 1732984    /lib/i386-linux-gnu/libnss_compat-2.19.so
b76ed000-b76ee000 rw-p 00000000 00:00 0 
b76ee000-b76ef000 r--p 00000000 00:00 0 
b76ef000-b76fd000 r-xp 00000000 08:06 1322192    /usr/lib/jvm/java-7-openjdk-i386/jre/lib/i386/libverify.so
b76fd000-b76fe000 r--p 0000d000 08:06 1322192    /usr/lib/jvm/java-7-openjdk-i386/jre/lib/i386/libverify.so
b76fe000-b76ff000 rw-p 0000e000 08:06 1322192    /usr/lib/jvm/java-7-openjdk-i386/jre/lib/i386/libverify.so
b76ff000-b770b000 r-xp 00000000 08:06 1316787    /usr/lib/jvm/java-7-openjdk-i386/jre/lib/i386/jli/libjli.so
b770b000-b770c000 r--p 0000c000 08:06 1316787    /usr/lib/jvm/java-7-openjdk-i386/jre/lib/i386/jli/libjli.so
b770c000-b770d000 rw-p 0000d000 08:06 1316787    /usr/lib/jvm/java-7-openjdk-i386/jre/lib/i386/jli/libjli.so
b770d000-b7710000 rw-p 00000000 00:00 0 
b7710000-b7711000 r-xp 00000000 00:00 0          [vdso]
b7711000-b7731000 r-xp 00000000 08:06 1732976    /lib/i386-linux-gnu/ld-2.19.so
b7731000-b7732000 r--p 0001f000 08:06 1732976    /lib/i386-linux-gnu/ld-2.19.so
b7732000-b7733000 rw-p 00020000 08:06 1732976    /lib/i386-linux-gnu/ld-2.19.so
bfeeb000-bfeec000 rwxp 00000000 00:00 0 
bff1e000-bff3f000 rw-p 00000000 00:00 0          [stack]

VM Arguments:
jvm_args: -Dfile.encoding=UTF-8 
java_command: GlobalMouseListenerExample
Launcher Type: SUN_STANDARD

Environment Variables:
PATH=/usr/local/sbin:/usr/local/bin:/usr/sbin:/usr/bin:/sbin:/bin:/usr/games:/usr/local/games
LD_LIBRARY_PATH=/usr/lib/jvm/java-7-openjdk-i386/jre/lib/i386/server:/usr/lib/jvm/java-7-openjdk-i386/jre/lib/i386:/usr/lib/jvm/java-7-openjdk-i386/jre/../lib/i386:/usr/lib/jvm/java-7-openjdk-i386/jre/lib/i386/client:/usr/lib/jvm/java-7-openjdk-i386/jre/lib/i386:
SHELL=/bin/bash
DISPLAY=:0

Signal Handlers:
SIGSEGV: [libjvm.so+0x80cb90], sa_mask[0]=0x7ffbfeff, sa_flags=0x10000004
SIGBUS: [libjvm.so+0x80cb90], sa_mask[0]=0x7ffbfeff, sa_flags=0x10000004
SIGFPE: [libjvm.so+0x684e30], sa_mask[0]=0x7ffbfeff, sa_flags=0x10000004
SIGPIPE: [libjvm.so+0x684e30], sa_mask[0]=0x7ffbfeff, sa_flags=0x10000004
SIGXFSZ: [libjvm.so+0x684e30], sa_mask[0]=0x7ffbfeff, sa_flags=0x10000004
SIGILL: [libjvm.so+0x684e30], sa_mask[0]=0x7ffbfeff, sa_flags=0x10000004
SIGUSR1: SIG_DFL, sa_mask[0]=0x00000000, sa_flags=0x00000000
SIGUSR2: [libjvm.so+0x684cc0], sa_mask[0]=0x00000004, sa_flags=0x10000004
SIGHUP: [libjvm.so+0x684ef0], sa_mask[0]=0x7ffbfeff, sa_flags=0x10000004
SIGINT: [libjvm.so+0x684ef0], sa_mask[0]=0x7ffbfeff, sa_flags=0x10000004
SIGTERM: [libjvm.so+0x684ef0], sa_mask[0]=0x7ffbfeff, sa_flags=0x10000004
SIGQUIT: [libjvm.so+0x684ef0], sa_mask[0]=0x7ffbfeff, sa_flags=0x10000004
SIGTRAP: SIG_DFL, sa_mask[0]=0x00000000, sa_flags=0x00000000


---------------  S Y S T E M  ---------------

OS:Ubuntu 14.04 (trusty)
uname:Linux 3.13.0-63-generic #103-Ubuntu SMP Fri Aug 14 21:43:30 UTC 2015 i686
libc:glibc 2.19 NPTL 2.19 
rlimit: STACK 8192k, CORE 0k, NPROC 15433, NOFILE 4096, AS infinity
load average:0.30 0.37 0.45

/proc/meminfo:
MemTotal:        1994772 kB
MemFree:          178768 kB
Buffers:           54936 kB
Cached:           698184 kB
SwapCached:           32 kB
Active:          1038248 kB
Inactive:         681716 kB
Active(anon):     672644 kB
Inactive(anon):   517484 kB
Active(file):     365604 kB
Inactive(file):   164232 kB
Unevictable:          32 kB
Mlocked:              32 kB
HighTotal:       1113688 kB
HighFree:          79592 kB
LowTotal:         881084 kB
LowFree:           99176 kB
SwapTotal:       2928636 kB
SwapFree:        2928244 kB
Dirty:               316 kB
Writeback:             0 kB
AnonPages:        966888 kB
Mapped:           221124 kB
Shmem:            223284 kB
Slab:              61916 kB
SReclaimable:      44356 kB
SUnreclaim:        17560 kB
KernelStack:        4112 kB
PageTables:        10944 kB
NFS_Unstable:          0 kB
Bounce:                0 kB
WritebackTmp:          0 kB
CommitLimit:     3926020 kB
Committed_AS:    4059768 kB
VmallocTotal:     122880 kB
VmallocUsed:       14744 kB
VmallocChunk:     101376 kB
HardwareCorrupted:     0 kB
AnonHugePages:    327680 kB
HugePages_Total:       0
HugePages_Free:        0
HugePages_Rsvd:        0
HugePages_Surp:        0
Hugepagesize:       2048 kB
DirectMap4k:       28664 kB
DirectMap2M:      884736 kB


CPU:total 2 (2 cores per cpu, 1 threads per core) family 6 model 15 stepping 13, cmov, cx8, fxsr, mmx, sse, sse2, sse3, ssse3, tsc

/proc/cpuinfo:
processor	: 0
vendor_id	: GenuineIntel
cpu family	: 6
model		: 15
model name	: Intel(R) Pentium(R) Dual  CPU  T3400  @ 2.16GHz
stepping	: 13
microcode	: 0xa3
cpu MHz		: 2166.000
cache size	: 1024 KB
physical id	: 0
siblings	: 2
core id		: 0
cpu cores	: 2
apicid		: 0
initial apicid	: 0
fdiv_bug	: no
f00f_bug	: no
coma_bug	: no
fpu		: yes
fpu_exception	: yes
cpuid level	: 10
wp		: yes
flags		: fpu vme de pse tsc msr pae mce cx8 apic sep mtrr pge mca cmov pat pse36 clflush dts acpi mmx fxsr sse sse2 ss ht tm pbe nx lm constant_tsc arch_perfmon pebs bts aperfmperf pni dtes64 monitor ds_cpl est tm2 ssse3 cx16 xtpr pdcm lahf_lm dtherm
bogomips	: 4322.40
clflush size	: 64
cache_alignment	: 64
address sizes	: 36 bits physical, 48 bits virtual
power management:

processor	: 1
vendor_id	: GenuineIntel
cpu family	: 6
model		: 15
model name	: Intel(R) Pentium(R) Dual  CPU  T3400  @ 2.16GHz
stepping	: 13
microcode	: 0xa3
cpu MHz		: 2166.000
cache size	: 1024 KB
physical id	: 0
siblings	: 2
core id		: 1
cpu cores	: 2
apicid		: 1
initial apicid	: 1
fdiv_bug	: no
f00f_bug	: no
coma_bug	: no
fpu		: yes
fpu_exception	: yes
cpuid level	: 10
wp		: yes
flags		: fpu vme de pse tsc msr pae mce cx8 apic sep mtrr pge mca cmov pat pse36 clflush dts acpi mmx fxsr sse sse2 ss ht tm pbe nx lm constant_tsc arch_perfmon pebs bts aperfmperf pni dtes64 monitor ds_cpl est tm2 ssse3 cx16 xtpr pdcm lahf_lm dtherm
bogomips	: 4322.40
clflush size	: 64
cache_alignment	: 64
address sizes	: 36 bits physical, 48 bits virtual
power management:



Memory: 4k page, physical 1994772k(178768k free), swap 2928636k(2928244k free)

vm_info: OpenJDK Server VM (24.79-b02) for linux-x86 JRE (1.7.0_79-b14), built on Jul 24 2015 08:25:15 by "buildd" with gcc 4.8.2

time: Mon Sep 28 00:21:48 2015
elapsed time: 44 seconds

