#
# A fatal error has been detected by the Java Runtime Environment:
#
#  SIGSEGV (0xb) at pc=0x00001886, pid=15739, tid=2293234496
#
# JRE version: OpenJDK Runtime Environment (7.0_79-b14) (build 1.7.0_79-b14)
# Java VM: OpenJDK Server VM (24.79-b02 mixed mode linux-x86 )
# Derivative: IcedTea 2.5.6
# Distribution: Ubuntu 14.04 LTS, package 7u79-2.5.6-0ubuntu1.14.04.1
# Problematic frame:
# C  0x00001886
#
# Failed to write core dump. Core dumps have been disabled. To enable core dumping, try "ulimit -c unlimited" before starting Java again
#
# If you would like to submit a bug report, please include
# instructions on how to reproduce the bug and visit:
#   http://icedtea.classpath.org/bugzilla
# The crash happened outside the Java Virtual Machine in native code.
# See problematic frame for where to report the bug.
#

---------------  T H R E A D  ---------------

Current thread (0x88b0bc00):  JavaThread "JNativeHook Hook Thread" [_thread_in_native, id=15757, stack(0x88aaf000,0x88b00000)]

siginfo:si_signo=SIGSEGV: si_errno=0, si_code=1 (SEGV_MAPERR), si_addr=0x00001886

Registers:
EAX=0x8b00d63c, EBX=0x8b00d000, ECX=0x00000008, EDX=0x00000024
ESP=0x88afedfc, EBP=0x08e87dbc, ESI=0x08e88050, EDI=0x08e88050
EIP=0x00001886, EFLAGS=0x00010282, CR2=0x00001886

Top of Stack: (sp=0x88afedfc)
0x88afedfc:   8b0034d4 8b00d63c 00000000 00000000
0x88afee0c:   88c6b000 08eb44e8 b765cfe8 88c6b000
0x88afee1c:   88c55084 b770e450 b765cfe8 b770e420
0x88afee2c:   00000000 08eb44f4 00000000 00000001
0x88afee3c:   88dda000 08e86ad8 08e86cf8 8b0034b9
0x88afee4c:   88ca8000 88afeee0 08e88050 08e87dbc
0x88afee5c:   88ca3519 00000000 08e88050 00000044
0x88afee6c:   88cde6df 00000000 08e80478 00000020 

Instructions: (pc=0x00001886)
0x00001866:   
[error occurred during error reporting (printing registers, top of stack, instructions near pc), id 0xb]

Register to memory mapping:

EAX=
[error occurred during error reporting (printing register info), id 0xb]

Stack: [0x88aaf000,0x88b00000],  sp=0x88afedfc,  free space=319k
Native frames: (J=compiled Java code, j=interpreted, Vv=VM code, C=native code)
C  0x00001886

Java frames: (J=compiled Java code, j=interpreted, Vv=VM code)
j  org.jnativehook.GlobalScreen$NativeHookThread.enable()V+0
j  org.jnativehook.GlobalScreen$NativeHookThread.run()V+6
v  ~StubRoutines::call_stub

---------------  P R O C E S S  ---------------

Java Threads: ( => current thread )
  0xb6407800 JavaThread "DestroyJavaVM" [_thread_blocked, id=15745, stack(0xb651a000,0xb656b000)]
  0x08ebdc00 JavaThread "JNativeHook Dispatch Thread" daemon [_thread_blocked, id=15758, stack(0x88a5e000,0x88aaf000)]
=>0x88b0bc00 JavaThread "JNativeHook Hook Thread" [_thread_in_native, id=15757, stack(0x88aaf000,0x88b00000)]
  0x8932b400 JavaThread "Service Thread" daemon [_thread_blocked, id=15754, stack(0x88eba000,0x88f0b000)]
  0x89329800 JavaThread "C2 CompilerThread1" daemon [_thread_blocked, id=15753, stack(0x88f0b000,0x88f8c000)]
  0x89327400 JavaThread "C2 CompilerThread0" daemon [_thread_blocked, id=15752, stack(0x88f8c000,0x8900d000)]
  0x89325c00 JavaThread "Signal Dispatcher" daemon [_thread_blocked, id=15751, stack(0x8900d000,0x8905e000)]
  0x89314000 JavaThread "Finalizer" daemon [_thread_blocked, id=15750, stack(0x8925e000,0x892af000)]
  0x89312800 JavaThread "Reference Handler" daemon [_thread_blocked, id=15749, stack(0x892af000,0x89300000)]

Other Threads:
  0x89310400 VMThread [stack: 0x89405000,0x89486000] [id=15748]
  0x8932d400 WatcherThread [stack: 0x88e39000,0x88eba000] [id=15755]

VM state:not at safepoint (normal execution)

VM Mutex/Monitor currently owned by a thread: None

Heap
 PSYoungGen      total 8704K, used 1930K [0xa8800000, 0xa91c0000, 0xb32c0000)
  eden space 7936K, 23% used [0xa8800000,0xa89da860,0xa8fc0000)
  from space 768K, 4% used [0xa8fc0000,0xa8fc8000,0xa9080000)
  to   space 1024K, 0% used [0xa90c0000,0xa90c0000,0xa91c0000)
 ParOldGen       total 20736K, used 482K [0x932c0000, 0x94700000, 0xa8800000)
  object space 20736K, 2% used [0x932c0000,0x93338b00,0x94700000)
 PSPermGen       total 16384K, used 3852K [0x8b2c0000, 0x8c2c0000, 0x932c0000)
  object space 16384K, 23% used [0x8b2c0000,0x8b6833f8,0x8c2c0000)

Card table byte_map: [0x8b17f000,0x8b2c0000] byte_map_base: 0x8ad25a00

Polling page: 0xb7721000

Code Cache  [0xb3391000, 0xb35d1000, 0xb6391000)
 total_blobs=217 nmethods=88 adapters=84 free_code_cache=48741Kb largest_free_block=49889600

Compilation events (10 events):
Event: 359.082 Thread 0x89327400   82             java.util.concurrent.locks.AbstractQueuedSynchronizer::compareAndSetTail (13 bytes)
Event: 359.082 Thread 0x89329800   84             java.util.concurrent.locks.AbstractQueuedSynchronizer::enq (58 bytes)
Event: 359.082 Thread 0x89327400 nmethod 82 0xb33eefc8 code [0xb33ef0a0, 0xb33ef110]
Event: 359.084 Thread 0x89329800 nmethod 84 0xb33ee508 code [0xb33ee600, 0xb33ee6d0]
Event: 359.089 Thread 0x89327400   86             java.util.concurrent.locks.AbstractQueuedSynchronizer::transferForSignal (45 bytes)
Event: 359.092 Thread 0x89327400 nmethod 86 0xb33ee188 code [0xb33ee280, 0xb33ee3dc]
Event: 360.687 Thread 0x89329800   87             org.jnativehook.mouse.NativeMouseEvent::<init> (36 bytes)
Event: 360.688 Thread 0x89329800 nmethod 87 0xb33edfc8 code [0xb33ee0c0, 0xb33ee150]
Event: 566.507 Thread 0x89327400   88 % !         java.util.concurrent.ThreadPoolExecutor::runWorker @ 21 (225 bytes)
Event: 566.554 Thread 0x89327400 nmethod 88% 0xb33ef148 code [0xb33ef360, 0xb33efcfc]

GC Heap History (10 events):
Event: 1489.953 GC heap before
{Heap before GC invocations=3 (full 0):
 PSYoungGen      total 9216K, used 8456K [0xa8800000, 0xa9240000, 0xb32c0000)
  eden space 7936K, 100% used [0xa8800000,0xa8fc0000,0xa8fc0000)
  from space 1280K, 40% used [0xa9100000,0xa9182050,0xa9240000)
  to   space 1280K, 0% used [0xa8fc0000,0xa8fc0000,0xa9100000)
 ParOldGen       total 20736K, used 8K [0x932c0000, 0x94700000, 0xa8800000)
  object space 20736K, 0% used [0x932c0000,0x932c2000,0x94700000)
 PSPermGen       total 16384K, used 3852K [0x8b2c0000, 0x8c2c0000, 0x932c0000)
  object space 16384K, 23% used [0x8b2c0000,0x8b683178,0x8c2c0000)
Event: 1489.959 GC heap after
Heap after GC invocations=3 (full 0):
 PSYoungGen      total 9216K, used 464K [0xa8800000, 0xa9240000, 0xb32c0000)
  eden space 7936K, 0% used [0xa8800000,0xa8800000,0xa8fc0000)
  from space 1280K, 36% used [0xa8fc0000,0xa9034040,0xa9100000)
  to   space 1280K, 0% used [0xa9100000,0xa9100000,0xa9240000)
 ParOldGen       total 20736K, used 8K [0x932c0000, 0x94700000, 0xa8800000)
  object space 20736K, 0% used [0x932c0000,0x932c2000,0x94700000)
 PSPermGen       total 16384K, used 3852K [0x8b2c0000, 0x8c2c0000, 0x932c0000)
  object space 16384K, 23% used [0x8b2c0000,0x8b683178,0x8c2c0000)
}
Event: 2038.658 GC heap before
{Heap before GC invocations=4 (full 0):
 PSYoungGen      total 9216K, used 8400K [0xa8800000, 0xa9240000, 0xb32c0000)
  eden space 7936K, 100% used [0xa8800000,0xa8fc0000,0xa8fc0000)
  from space 1280K, 36% used [0xa8fc0000,0xa9034040,0xa9100000)
  to   space 1280K, 0% used [0xa9100000,0xa9100000,0xa9240000)
 ParOldGen       total 20736K, used 8K [0x932c0000, 0x94700000, 0xa8800000)
  object space 20736K, 0% used [0x932c0000,0x932c2000,0x94700000)
 PSPermGen       total 16384K, used 3852K [0x8b2c0000, 0x8c2c0000, 0x932c0000)
  object space 16384K, 23% used [0x8b2c0000,0x8b683178,0x8c2c0000)
Event: 2038.662 GC heap after
Heap after GC invocations=4 (full 0):
 PSYoungGen      total 9216K, used 480K [0xa8800000, 0xa9240000, 0xb32c0000)
  eden space 7936K, 0% used [0xa8800000,0xa8800000,0xa8fc0000)
  from space 1280K, 37% used [0xa9100000,0xa9178040,0xa9240000)
  to   space 1280K, 0% used [0xa8fc0000,0xa8fc0000,0xa9100000)
 ParOldGen       total 20736K, used 8K [0x932c0000, 0x94700000, 0xa8800000)
  object space 20736K, 0% used [0x932c0000,0x932c2000,0x94700000)
 PSPermGen       total 16384K, used 3852K [0x8b2c0000, 0x8c2c0000, 0x932c0000)
  object space 16384K, 23% used [0x8b2c0000,0x8b683178,0x8c2c0000)
}
Event: 2609.473 GC heap before
{Heap before GC invocations=5 (full 0):
 PSYoungGen      total 9216K, used 8416K [0xa8800000, 0xa9240000, 0xb32c0000)
  eden space 7936K, 100% used [0xa8800000,0xa8fc0000,0xa8fc0000)
  from space 1280K, 37% used [0xa9100000,0xa9178040,0xa9240000)
  to   space 1280K, 0% used [0xa8fc0000,0xa8fc0000,0xa9100000)
 ParOldGen       total 20736K, used 8K [0x932c0000, 0x94700000, 0xa8800000)
  object space 20736K, 0% used [0x932c0000,0x932c2000,0x94700000)
 PSPermGen       total 16384K, used 3852K [0x8b2c0000, 0x8c2c0000, 0x932c0000)
  object space 16384K, 23% used [0x8b2c0000,0x8b683178,0x8c2c0000)
Event: 2609.502 GC heap after
Heap after GC invocations=5 (full 0):
 PSYoungGen      total 8448K, used 480K [0xa8800000, 0xa9140000, 0xb32c0000)
  eden space 7936K, 0% used [0xa8800000,0xa8800000,0xa8fc0000)
  from space 512K, 93% used [0xa8fc0000,0xa9038040,0xa9040000)
  to   space 768K, 0% used [0xa9080000,0xa9080000,0xa9140000)
 ParOldGen       total 20736K, used 8K [0x932c0000, 0x94700000, 0xa8800000)
  object space 20736K, 0% used [0x932c0000,0x932c2000,0x94700000)
 PSPermGen       total 16384K, used 3852K [0x8b2c0000, 0x8c2c0000, 0x932c0000)
  object space 16384K, 23% used [0x8b2c0000,0x8b683178,0x8c2c0000)
}
Event: 3324.835 GC heap before
{Heap before GC invocations=6 (full 0):
 PSYoungGen      total 8448K, used 8416K [0xa8800000, 0xa9140000, 0xb32c0000)
  eden space 7936K, 100% used [0xa8800000,0xa8fc0000,0xa8fc0000)
  from space 512K, 93% used [0xa8fc0000,0xa9038040,0xa9040000)
  to   space 768K, 0% used [0xa9080000,0xa9080000,0xa9140000)
 ParOldGen       total 20736K, used 8K [0x932c0000, 0x94700000, 0xa8800000)
  object space 20736K, 0% used [0x932c0000,0x932c2000,0x94700000)
 PSPermGen       total 16384K, used 3852K [0x8b2c0000, 0x8c2c0000, 0x932c0000)
  object space 16384K, 23% used [0x8b2c0000,0x8b683178,0x8c2c0000)
Event: 3324.837 GC heap after
Heap after GC invocations=6 (full 0):
 PSYoungGen      total 8704K, used 472K [0xa8800000, 0xa9140000, 0xb32c0000)
  eden space 7936K, 0% used [0xa8800000,0xa8800000,0xa8fc0000)
  from space 768K, 61% used [0xa9080000,0xa90f6030,0xa9140000)
  to   space 768K, 0% used [0xa8fc0000,0xa8fc0000,0xa9080000)
 ParOldGen       total 20736K, used 12K [0x932c0000, 0x94700000, 0xa8800000)
  object space 20736K, 0% used [0x932c0000,0x932c3000,0x94700000)
 PSPermGen       total 16384K, used 3852K [0x8b2c0000, 0x8c2c0000, 0x932c0000)
  object space 16384K, 23% used [0x8b2c0000,0x8b683178,0x8c2c0000)
}
Event: 4172.986 GC heap before
{Heap before GC invocations=7 (full 0):
 PSYoungGen      total 8704K, used 8408K [0xa8800000, 0xa9140000, 0xb32c0000)
  eden space 7936K, 100% used [0xa8800000,0xa8fc0000,0xa8fc0000)
  from space 768K, 61% used [0xa9080000,0xa90f6030,0xa9140000)
  to   space 768K, 0% used [0xa8fc0000,0xa8fc0000,0xa9080000)
 ParOldGen       total 20736K, used 12K [0x932c0000, 0x94700000, 0xa8800000)
  object space 20736K, 0% used [0x932c0000,0x932c3000,0x94700000)
 PSPermGen       total 16384K, used 3852K [0x8b2c0000, 0x8c2c0000, 0x932c0000)
  object space 16384K, 23% used [0x8b2c0000,0x8b6833f8,0x8c2c0000)
Event: 4173.005 GC heap after
Heap after GC invocations=7 (full 0):
 PSYoungGen      total 8704K, used 32K [0xa8800000, 0xa91c0000, 0xb32c0000)
  eden space 7936K, 0% used [0xa8800000,0xa8800000,0xa8fc0000)
  from space 768K, 4% used [0xa8fc0000,0xa8fc8000,0xa9080000)
  to   space 1024K, 0% used [0xa90c0000,0xa90c0000,0xa91c0000)
 ParOldGen       total 20736K, used 482K [0x932c0000, 0x94700000, 0xa8800000)
  object space 20736K, 2% used [0x932c0000,0x93338b00,0x94700000)
 PSPermGen       total 16384K, used 3852K [0x8b2c0000, 0x8c2c0000, 0x932c0000)
  object space 16384K, 23% used [0x8b2c0000,0x8b6833f8,0x8c2c0000)
}

Deoptimization events (0 events):
No events

Internal exceptions (10 events):
Event: 0.467 Thread 0xb6407800 Threw 0xa8a2e488 at /build/openjdk-7-OXg_HK/openjdk-7-7u79-2.5.6/build/openjdk/hotspot/src/share/vm/prims/jvm.cpp:1284
Event: 0.469 Thread 0xb6407800 Threw 0xa8a32110 at /build/openjdk-7-OXg_HK/openjdk-7-7u79-2.5.6/build/openjdk/hotspot/src/share/vm/prims/jvm.cpp:1284
Event: 0.470 Thread 0xb6407800 Threw 0xa8a36318 at /build/openjdk-7-OXg_HK/openjdk-7-7u79-2.5.6/build/openjdk/hotspot/src/share/vm/prims/jvm.cpp:1284
Event: 0.479 Thread 0xb6407800 Threw 0xa8a3b600 at /build/openjdk-7-OXg_HK/openjdk-7-7u79-2.5.6/build/openjdk/hotspot/src/share/vm/prims/jvm.cpp:1284
Event: 0.480 Thread 0xb6407800 Threw 0xa8a40090 at /build/openjdk-7-OXg_HK/openjdk-7-7u79-2.5.6/build/openjdk/hotspot/src/share/vm/prims/jvm.cpp:1284
Event: 0.482 Thread 0xb6407800 Threw 0xa8a44d80 at /build/openjdk-7-OXg_HK/openjdk-7-7u79-2.5.6/build/openjdk/hotspot/src/share/vm/prims/jvm.cpp:1284
Event: 0.483 Thread 0xb6407800 Threw 0xa8a4ce88 at /build/openjdk-7-OXg_HK/openjdk-7-7u79-2.5.6/build/openjdk/hotspot/src/share/vm/prims/jvm.cpp:1284
Event: 0.490 Thread 0xb6407800 Threw 0xa8a544b0 at /build/openjdk-7-OXg_HK/openjdk-7-7u79-2.5.6/build/openjdk/hotspot/src/share/vm/prims/jvm.cpp:1284
Event: 0.905 Thread 0xb6407800 Threw 0xa8a760b8 at /build/openjdk-7-OXg_HK/openjdk-7-7u79-2.5.6/build/openjdk/hotspot/src/share/vm/prims/jvm.cpp:1284
Event: 31.117 Thread 0x08ebdc00 Threw 0xa898ab70 at /build/openjdk-7-OXg_HK/openjdk-7-7u79-2.5.6/build/openjdk/hotspot/src/share/vm/prims/jvm.cpp:1284

Events (10 events):
Event: 1489.953 Executing VM operation: ParallelGCFailedAllocation
Event: 1489.959 Executing VM operation: ParallelGCFailedAllocation done
Event: 2038.658 Executing VM operation: ParallelGCFailedAllocation
Event: 2038.662 Executing VM operation: ParallelGCFailedAllocation done
Event: 2609.473 Executing VM operation: ParallelGCFailedAllocation
Event: 2609.502 Executing VM operation: ParallelGCFailedAllocation done
Event: 3324.835 Executing VM operation: ParallelGCFailedAllocation
Event: 3324.837 Executing VM operation: ParallelGCFailedAllocation done
Event: 4172.986 Executing VM operation: ParallelGCFailedAllocation
Event: 4173.005 Executing VM operation: ParallelGCFailedAllocation done


Dynamic libraries:
08048000-08049000 r-xp 00000000 08:06 1328247    /usr/lib/jvm/java-7-openjdk-i386/jre/bin/java
08049000-0804a000 r--p 00000000 08:06 1328247    /usr/lib/jvm/java-7-openjdk-i386/jre/bin/java
0804a000-0804b000 rw-p 00001000 08:06 1328247    /usr/lib/jvm/java-7-openjdk-i386/jre/bin/java
08e50000-08f58000 rw-p 00000000 00:00 0          [heap]
88600000-886b9000 rw-p 00000000 00:00 0 
886b9000-88700000 ---p 00000000 00:00 0 
88706000-88742000 r-xp 00000000 08:06 1706702    /lib/i386-linux-gnu/libpcre.so.3.13.1
88742000-88743000 r--p 0003b000 08:06 1706702    /lib/i386-linux-gnu/libpcre.so.3.13.1
88743000-88744000 rw-p 0003c000 08:06 1706702    /lib/i386-linux-gnu/libpcre.so.3.13.1
88744000-88757000 r-xp 00000000 08:06 1733007    /lib/i386-linux-gnu/libresolv-2.19.so
88757000-88758000 ---p 00013000 08:06 1733007    /lib/i386-linux-gnu/libresolv-2.19.so
88758000-88759000 r--p 00013000 08:06 1733007    /lib/i386-linux-gnu/libresolv-2.19.so
88759000-8875a000 rw-p 00014000 08:06 1733007    /lib/i386-linux-gnu/libresolv-2.19.so
8875a000-8875c000 rw-p 00000000 00:00 0 
8875c000-8877c000 r-xp 00000000 08:06 1705079    /lib/i386-linux-gnu/libselinux.so.1
8877c000-8877d000 r--p 0001f000 08:06 1705079    /lib/i386-linux-gnu/libselinux.so.1
8877d000-8877e000 rw-p 00020000 08:06 1705079    /lib/i386-linux-gnu/libselinux.so.1
8877e000-8877f000 rw-p 00000000 00:00 0 
8877f000-88889000 r-xp 00000000 08:06 1710653    /lib/i386-linux-gnu/libglib-2.0.so.0.4002.0
88889000-8888a000 r--p 00109000 08:06 1710653    /lib/i386-linux-gnu/libglib-2.0.so.0.4002.0
8888a000-8888b000 rw-p 0010a000 08:06 1710653    /lib/i386-linux-gnu/libglib-2.0.so.0.4002.0
8888b000-888db000 r-xp 00000000 08:06 1311107    /usr/lib/i386-linux-gnu/libgobject-2.0.so.0.4002.0
888db000-888dc000 r--p 0004f000 08:06 1311107    /usr/lib/i386-linux-gnu/libgobject-2.0.so.0.4002.0
888dc000-888dd000 rw-p 00050000 08:06 1311107    /usr/lib/i386-linux-gnu/libgobject-2.0.so.0.4002.0
888dd000-88a5a000 r-xp 00000000 08:06 1311176    /usr/lib/i386-linux-gnu/libgio-2.0.so.0.4002.0
88a5a000-88a5c000 r--p 0017d000 08:06 1311176    /usr/lib/i386-linux-gnu/libgio-2.0.so.0.4002.0
88a5c000-88a5d000 rw-p 0017f000 08:06 1311176    /usr/lib/i386-linux-gnu/libgio-2.0.so.0.4002.0
88a5d000-88a5e000 rw-p 00000000 00:00 0 
88a5e000-88a61000 ---p 00000000 00:00 0 
88a61000-88aaf000 rw-p 00000000 00:00 0          [stack:15758]
88aaf000-88ab2000 ---p 00000000 00:00 0 
88ab2000-88b00000 rw-p 00000000 00:00 0          [stack:15757]
88b00000-88b80000 rw-p 00000000 00:00 0 
88b80000-88c00000 ---p 00000000 00:00 0 
88c17000-88c1e000 r--s 00000000 08:06 1312905    /usr/lib/i386-linux-gnu/gconv/gconv-modules.cache
88c1e000-88c24000 r--s 0003f000 08:06 1311200    /usr/lib/jvm/java-7-openjdk-i386/jre/lib/commons-net-3.3.jar
88c24000-88c3b000 r-xp 00000000 08:06 1322445    /usr/lib/jvm/java-7-openjdk-i386/jre/lib/i386/libnet.so
88c3b000-88c3c000 r--p 00017000 08:06 1322445    /usr/lib/jvm/java-7-openjdk-i386/jre/lib/i386/libnet.so
88c3c000-88c3d000 rw-p 00018000 08:06 1322445    /usr/lib/jvm/java-7-openjdk-i386/jre/lib/i386/libnet.so
88c3d000-88c42000 r-xp 00000000 08:06 1316045    /usr/lib/i386-linux-gnu/libXdmcp.so.6.0.0
88c42000-88c43000 r--p 00004000 08:06 1316045    /usr/lib/i386-linux-gnu/libXdmcp.so.6.0.0
88c43000-88c44000 rw-p 00005000 08:06 1316045    /usr/lib/i386-linux-gnu/libXdmcp.so.6.0.0
88c44000-88c48000 r-xp 00000000 08:06 1710322    /lib/i386-linux-gnu/libuuid.so.1.3.0
88c48000-88c49000 r--p 00003000 08:06 1710322    /lib/i386-linux-gnu/libuuid.so.1.3.0
88c49000-88c4a000 rw-p 00004000 08:06 1710322    /lib/i386-linux-gnu/libuuid.so.1.3.0
88c4a000-88c6a000 r-xp 00000000 08:06 1317100    /usr/lib/i386-linux-gnu/libxcb.so.1.1.0
88c6a000-88c6b000 r--p 0001f000 08:06 1317100    /usr/lib/i386-linux-gnu/libxcb.so.1.1.0
88c6b000-88c6c000 rw-p 00020000 08:06 1317100    /usr/lib/i386-linux-gnu/libxcb.so.1.1.0
88c6c000-88c82000 r-xp 00000000 08:06 1315905    /usr/lib/i386-linux-gnu/libICE.so.6.3.0
88c82000-88c83000 r--p 00015000 08:06 1315905    /usr/lib/i386-linux-gnu/libICE.so.6.3.0
88c83000-88c84000 rw-p 00016000 08:06 1315905    /usr/lib/i386-linux-gnu/libICE.so.6.3.0
88c84000-88c86000 rw-p 00000000 00:00 0 
88c86000-88c8d000 r-xp 00000000 08:06 1316026    /usr/lib/i386-linux-gnu/libSM.so.6.0.1
88c8d000-88c8e000 r--p 00006000 08:06 1316026    /usr/lib/i386-linux-gnu/libSM.so.6.0.1
88c8e000-88c8f000 rw-p 00007000 08:06 1316026    /usr/lib/i386-linux-gnu/libSM.so.6.0.1
88c8f000-88ca0000 r-xp 00000000 08:06 1320163    /usr/lib/i386-linux-gnu/libXext.so.6.4.0
88ca0000-88ca1000 r--p 00010000 08:06 1320163    /usr/lib/i386-linux-gnu/libXext.so.6.4.0
88ca1000-88ca2000 rw-p 00011000 08:06 1320163    /usr/lib/i386-linux-gnu/libXext.so.6.4.0
88ca2000-88ca7000 r-xp 00000000 08:06 1316075    /usr/lib/i386-linux-gnu/libXtst.so.6.1.0
88ca7000-88ca8000 r--p 00004000 08:06 1316075    /usr/lib/i386-linux-gnu/libXtst.so.6.1.0
88ca8000-88ca9000 rw-p 00005000 08:06 1316075    /usr/lib/i386-linux-gnu/libXtst.so.6.1.0
88ca9000-88dd9000 r-xp 00000000 08:06 1316030    /usr/lib/i386-linux-gnu/libX11.so.6.3.0
88dd9000-88dda000 r--p 00130000 08:06 1316030    /usr/lib/i386-linux-gnu/libX11.so.6.3.0
88dda000-88ddc000 rw-p 00131000 08:06 1316030    /usr/lib/i386-linux-gnu/libX11.so.6.3.0
88ddc000-88ddd000 rw-p 00000000 00:00 0 
88ddd000-88e35000 r-xp 00000000 08:06 1316073    /usr/lib/i386-linux-gnu/libXt.so.6.0.0
88e35000-88e36000 r--p 00058000 08:06 1316073    /usr/lib/i386-linux-gnu/libXt.so.6.0.0
88e36000-88e39000 rw-p 00059000 08:06 1316073    /usr/lib/i386-linux-gnu/libXt.so.6.0.0
88e39000-88e3a000 ---p 00000000 00:00 0 
88e3a000-88eba000 rw-p 00000000 00:00 0          [stack:15755]
88eba000-88ebd000 ---p 00000000 00:00 0 
88ebd000-88f0b000 rw-p 00000000 00:00 0          [stack:15754]
88f0b000-88f0e000 ---p 00000000 00:00 0 
88f0e000-88f8c000 rw-p 00000000 00:00 0          [stack:15753]
88f8c000-88f8f000 ---p 00000000 00:00 0 
88f8f000-8900d000 rw-p 00000000 00:00 0          [stack:15752]
8900d000-89010000 ---p 00000000 00:00 0 
89010000-8905e000 rw-p 00000000 00:00 0          [stack:15751]
8905e000-8925e000 r--p 00000000 08:06 1320544    /usr/lib/locale/locale-archive
8925e000-89261000 ---p 00000000 00:00 0 
89261000-892af000 rw-p 00000000 00:00 0          [stack:15750]
892af000-892b2000 ---p 00000000 00:00 0 
892b2000-89300000 rw-p 00000000 00:00 0          [stack:15749]
89300000-893fe000 rw-p 00000000 00:00 0 
893fe000-89400000 ---p 00000000 00:00 0 
89401000-89403000 r-xp 00000000 08:06 1316034    /usr/lib/i386-linux-gnu/libXau.so.6.0.0
89403000-89404000 r--p 00001000 08:06 1316034    /usr/lib/i386-linux-gnu/libXau.so.6.0.0
89404000-89405000 rw-p 00002000 08:06 1316034    /usr/lib/i386-linux-gnu/libXau.so.6.0.0
89405000-89406000 ---p 00000000 00:00 0 
89406000-894cf000 rw-p 00000000 00:00 0          [stack:15748]
894cf000-89680000 r--s 01d29000 08:06 1314785    /usr/lib/jvm/java-7-openjdk-i386/jre/lib/rt.jar
89680000-8ad00000 rw-p 00000000 00:00 0 
8ad00000-8ae00000 rw-p 00000000 00:00 0 
8ae00000-8ae02000 r-xp 00000000 08:06 1316057    /usr/lib/i386-linux-gnu/libXinerama.so.1.0.0
8ae02000-8ae03000 r--p 00001000 08:06 1316057    /usr/lib/i386-linux-gnu/libXinerama.so.1.0.0
8ae03000-8ae04000 rw-p 00002000 08:06 1316057    /usr/lib/i386-linux-gnu/libXinerama.so.1.0.0
8ae05000-8ae0a000 r-xp 00000000 08:06 1316312    /usr/lib/i386-linux-gnu/libffi.so.6.0.1
8ae0a000-8ae0b000 r--p 00005000 08:06 1316312    /usr/lib/i386-linux-gnu/libffi.so.6.0.1
8ae0b000-8ae0c000 rw-p 00006000 08:06 1316312    /usr/lib/i386-linux-gnu/libffi.so.6.0.1
8ae0c000-8ae0f000 r-xp 00000000 08:06 1319365    /usr/lib/i386-linux-gnu/libgmodule-2.0.so.0.4002.0
8ae0f000-8ae10000 r--p 00002000 08:06 1319365    /usr/lib/i386-linux-gnu/libgmodule-2.0.so.0.4002.0
8ae10000-8ae11000 rw-p 00003000 08:06 1319365    /usr/lib/i386-linux-gnu/libgmodule-2.0.so.0.4002.0
8ae11000-8ae22000 r-xp 00000000 08:06 1326815    /usr/lib/jvm/java-7-openjdk-i386/jre/lib/i386/libnio.so
8ae22000-8ae23000 r--p 00010000 08:06 1326815    /usr/lib/jvm/java-7-openjdk-i386/jre/lib/i386/libnio.so
8ae23000-8ae24000 rw-p 00011000 08:06 1326815    /usr/lib/jvm/java-7-openjdk-i386/jre/lib/i386/libnio.so
8ae24000-8ae7f000 rw-p 00000000 00:00 0 
8ae7f000-8ae80000 ---p 00000000 00:00 0 
8ae80000-8af00000 rw-p 00000000 00:00 0          [stack:15747]
8af00000-8af21000 rw-p 00000000 00:00 0 
8af21000-8b000000 ---p 00000000 00:00 0 
8b000000-8b00c000 r-xp 00000000 08:06 1086687    /tmp/libJNativeHook-2.0.2.so
8b00c000-8b00d000 r--p 0000b000 08:06 1086687    /tmp/libJNativeHook-2.0.2.so
8b00d000-8b00e000 rw-p 0000c000 08:06 1086687    /tmp/libJNativeHook-2.0.2.so
8b00e000-8b013000 r--s 0004d000 08:06 1314792    /usr/lib/jvm/java-7-openjdk-i386/jre/lib/jsse.jar
8b013000-8b014000 ---p 00000000 00:00 0 
8b014000-8b09c000 rw-p 00000000 00:00 0          [stack:15746]
8b09c000-8b0d4000 rw-p 00000000 00:00 0 
8b0d4000-8b0df000 rw-p 00000000 00:00 0 
8b0df000-8b17f000 rw-p 00000000 00:00 0 
8b17f000-8b187000 rw-p 00000000 00:00 0 
8b187000-8b1bf000 rw-p 00000000 00:00 0 
8b1bf000-8b1ca000 rw-p 00000000 00:00 0 
8b1ca000-8b269000 rw-p 00000000 00:00 0 
8b269000-8b26f000 rw-p 00000000 00:00 0 
8b26f000-8b2bf000 rw-p 00000000 00:00 0 
8b2bf000-8c2c0000 rw-p 00000000 00:00 0 
8c2c0000-932c0000 rw-p 00000000 00:00 0 
932c0000-94700000 rw-p 00000000 00:00 0 
94700000-a8800000 rw-p 00000000 00:00 0 
a8800000-a91c0000 rw-p 00000000 00:00 0 
a91c0000-a9240000 ---p 00000000 00:00 0 
a9240000-b32c0000 rw-p 00000000 00:00 0 
b32c2000-b32da000 rw-p 00000000 00:00 0 
b32da000-b3391000 rw-p 00000000 00:00 0 
b3391000-b35d1000 rwxp 00000000 00:00 0 
b35d1000-b6391000 rw-p 00000000 00:00 0 
b6391000-b639c000 r-xp 00000000 08:06 1733009    /lib/i386-linux-gnu/libnss_files-2.19.so
b639c000-b639d000 r--p 0000a000 08:06 1733009    /lib/i386-linux-gnu/libnss_files-2.19.so
b639d000-b639e000 rw-p 0000b000 08:06 1733009    /lib/i386-linux-gnu/libnss_files-2.19.so
b639e000-b63b3000 r-xp 00000000 08:06 1732978    /lib/i386-linux-gnu/libnsl-2.19.so
b63b3000-b63b4000 r--p 00015000 08:06 1732978    /lib/i386-linux-gnu/libnsl-2.19.so
b63b4000-b63b5000 rw-p 00016000 08:06 1732978    /lib/i386-linux-gnu/libnsl-2.19.so
b63b5000-b63b7000 rw-p 00000000 00:00 0 
b63b7000-b63b9000 r--s 0002e000 08:06 1373262    /usr/lib/jvm/java-7-openjdk-i386/jre/lib/jnativehook-2.0.2.jar
b63b9000-b63bb000 r--s 00006000 08:06 1598237    /usr/share/java/java-atk-wrapper.jar
b63bb000-b63bf000 r--s 00085000 08:06 1326839    /usr/lib/jvm/java-7-openjdk-i386/jre/lib/ext/localedata.jar
b63bf000-b63c1000 r--s 00012000 08:06 1326851    /usr/lib/jvm/java-7-openjdk-i386/jre/lib/ext/zipfs.jar
b63c1000-b63c5000 r--s 0003c000 08:06 1326847    /usr/lib/jvm/java-7-openjdk-i386/jre/lib/ext/sunpkcs11.jar
b63c5000-b63cd000 r-xp 00000000 08:06 1316744    /usr/lib/jvm/java-7-openjdk-i386/jre/lib/i386/libzip.so
b63cd000-b63ce000 r--p 00007000 08:06 1316744    /usr/lib/jvm/java-7-openjdk-i386/jre/lib/i386/libzip.so
b63ce000-b63cf000 rw-p 00008000 08:06 1316744    /usr/lib/jvm/java-7-openjdk-i386/jre/lib/i386/libzip.so
b63cf000-b63d7000 rw-s 00000000 08:06 1087014    /tmp/hsperfdata_soumya/15739
b63d7000-b63fe000 r-xp 00000000 08:06 1326825    /usr/lib/jvm/java-7-openjdk-i386/jre/lib/i386/libjava.so
b63fe000-b63ff000 r--p 00026000 08:06 1326825    /usr/lib/jvm/java-7-openjdk-i386/jre/lib/i386/libjava.so
b63ff000-b6400000 rw-p 00027000 08:06 1326825    /usr/lib/jvm/java-7-openjdk-i386/jre/lib/i386/libjava.so
b6400000-b64fd000 rw-p 00000000 00:00 0 
b64fd000-b6500000 ---p 00000000 00:00 0 
b6501000-b6505000 r--s 00034000 08:06 1326843    /usr/lib/jvm/java-7-openjdk-i386/jre/lib/ext/sunjce_provider.jar
b6505000-b650f000 r-xp 00000000 08:06 1732977    /lib/i386-linux-gnu/libnss_nis-2.19.so
b650f000-b6510000 r--p 00009000 08:06 1732977    /lib/i386-linux-gnu/libnss_nis-2.19.so
b6510000-b6511000 rw-p 0000a000 08:06 1732977    /lib/i386-linux-gnu/libnss_nis-2.19.so
b6511000-b6518000 r-xp 00000000 08:06 1733010    /lib/i386-linux-gnu/librt-2.19.so
b6518000-b6519000 r--p 00006000 08:06 1733010    /lib/i386-linux-gnu/librt-2.19.so
b6519000-b651a000 rw-p 00007000 08:06 1733010    /lib/i386-linux-gnu/librt-2.19.so
b651a000-b651d000 ---p 00000000 00:00 0 
b651d000-b656b000 rw-p 00000000 00:00 0          [stack:15745]
b656b000-b6587000 r-xp 00000000 08:06 1704926    /lib/i386-linux-gnu/libgcc_s.so.1
b6587000-b6588000 rw-p 0001b000 08:06 1704926    /lib/i386-linux-gnu/libgcc_s.so.1
b6588000-b65cc000 r-xp 00000000 08:06 1732983    /lib/i386-linux-gnu/libm-2.19.so
b65cc000-b65cd000 r--p 00043000 08:06 1732983    /lib/i386-linux-gnu/libm-2.19.so
b65cd000-b65ce000 rw-p 00044000 08:06 1732983    /lib/i386-linux-gnu/libm-2.19.so
b65ce000-b66aa000 r-xp 00000000 08:06 1314969    /usr/lib/i386-linux-gnu/libstdc++.so.6.0.19
b66aa000-b66ae000 r--p 000dc000 08:06 1314969    /usr/lib/i386-linux-gnu/libstdc++.so.6.0.19
b66ae000-b66af000 rw-p 000e0000 08:06 1314969    /usr/lib/i386-linux-gnu/libstdc++.so.6.0.19
b66af000-b66b6000 rw-p 00000000 00:00 0 
b66b6000-b70a5000 r-xp 00000000 08:06 1320160    /usr/lib/jvm/java-7-openjdk-i386/jre/lib/i386/server/libjvm.so
b70a5000-b70f7000 r--p 009ee000 08:06 1320160    /usr/lib/jvm/java-7-openjdk-i386/jre/lib/i386/server/libjvm.so
b70f7000-b710b000 rw-p 00a40000 08:06 1320160    /usr/lib/jvm/java-7-openjdk-i386/jre/lib/i386/server/libjvm.so
b710b000-b7528000 rw-p 00000000 00:00 0 
b7528000-b7540000 r-xp 00000000 08:06 1705112    /lib/i386-linux-gnu/libz.so.1.2.8
b7540000-b7541000 r--p 00017000 08:06 1705112    /lib/i386-linux-gnu/libz.so.1.2.8
b7541000-b7542000 rw-p 00018000 08:06 1705112    /lib/i386-linux-gnu/libz.so.1.2.8
b7542000-b7543000 rw-p 00000000 00:00 0 
b7543000-b755b000 r-xp 00000000 08:06 1733005    /lib/i386-linux-gnu/libpthread-2.19.so
b755b000-b755c000 r--p 00018000 08:06 1733005    /lib/i386-linux-gnu/libpthread-2.19.so
b755c000-b755d000 rw-p 00019000 08:06 1733005    /lib/i386-linux-gnu/libpthread-2.19.so
b755d000-b755f000 rw-p 00000000 00:00 0 
b755f000-b7562000 r-xp 00000000 08:06 1732974    /lib/i386-linux-gnu/libdl-2.19.so
b7562000-b7563000 r--p 00002000 08:06 1732974    /lib/i386-linux-gnu/libdl-2.19.so
b7563000-b7564000 rw-p 00003000 08:06 1732974    /lib/i386-linux-gnu/libdl-2.19.so
b7564000-b770c000 r-xp 00000000 08:06 1728717    /lib/i386-linux-gnu/libc-2.19.so
b770c000-b770e000 r--p 001a8000 08:06 1728717    /lib/i386-linux-gnu/libc-2.19.so
b770e000-b770f000 rw-p 001aa000 08:06 1728717    /lib/i386-linux-gnu/libc-2.19.so
b770f000-b7712000 rw-p 00000000 00:00 0 
b7712000-b7713000 r--s 00002000 08:06 1326841    /usr/lib/jvm/java-7-openjdk-i386/jre/lib/ext/dnsns.jar
b7713000-b7716000 r--s 0000f000 08:06 1326849    /usr/lib/jvm/java-7-openjdk-i386/jre/lib/ext/icedtea-sound.jar
b7716000-b7717000 r--p 00850000 08:06 1320544    /usr/lib/locale/locale-archive
b7717000-b771e000 r-xp 00000000 08:06 1732984    /lib/i386-linux-gnu/libnss_compat-2.19.so
b771e000-b771f000 r--p 00006000 08:06 1732984    /lib/i386-linux-gnu/libnss_compat-2.19.so
b771f000-b7720000 rw-p 00007000 08:06 1732984    /lib/i386-linux-gnu/libnss_compat-2.19.so
b7720000-b7721000 rw-p 00000000 00:00 0 
b7721000-b7722000 r--p 00000000 00:00 0 
b7722000-b7730000 r-xp 00000000 08:06 1322192    /usr/lib/jvm/java-7-openjdk-i386/jre/lib/i386/libverify.so
b7730000-b7731000 r--p 0000d000 08:06 1322192    /usr/lib/jvm/java-7-openjdk-i386/jre/lib/i386/libverify.so
b7731000-b7732000 rw-p 0000e000 08:06 1322192    /usr/lib/jvm/java-7-openjdk-i386/jre/lib/i386/libverify.so
b7732000-b773e000 r-xp 00000000 08:06 1316787    /usr/lib/jvm/java-7-openjdk-i386/jre/lib/i386/jli/libjli.so
b773e000-b773f000 r--p 0000c000 08:06 1316787    /usr/lib/jvm/java-7-openjdk-i386/jre/lib/i386/jli/libjli.so
b773f000-b7740000 rw-p 0000d000 08:06 1316787    /usr/lib/jvm/java-7-openjdk-i386/jre/lib/i386/jli/libjli.so
b7740000-b7743000 rw-p 00000000 00:00 0 
b7743000-b7744000 r-xp 00000000 00:00 0          [vdso]
b7744000-b7764000 r-xp 00000000 08:06 1732976    /lib/i386-linux-gnu/ld-2.19.so
b7764000-b7765000 r--p 0001f000 08:06 1732976    /lib/i386-linux-gnu/ld-2.19.so
b7765000-b7766000 rw-p 00020000 08:06 1732976    /lib/i386-linux-gnu/ld-2.19.so
bfa41000-bfa42000 rwxp 00000000 00:00 0 
bfa74000-bfa95000 rw-p 00000000 00:00 0          [stack]

VM Arguments:
jvm_args: -Dfile.encoding=UTF-8 
java_command: GlobalMouseListenerExample
Launcher Type: SUN_STANDARD

Environment Variables:
PATH=/usr/local/sbin:/usr/local/bin:/usr/sbin:/usr/bin:/sbin:/bin:/usr/games:/usr/local/games
LD_LIBRARY_PATH=/usr/lib/jvm/java-7-openjdk-i386/jre/lib/i386/server:/usr/lib/jvm/java-7-openjdk-i386/jre/lib/i386:/usr/lib/jvm/java-7-openjdk-i386/jre/../lib/i386:/usr/lib/jvm/java-7-openjdk-i386/jre/lib/i386/client:/usr/lib/jvm/java-7-openjdk-i386/jre/lib/i386:
SHELL=/bin/bash
DISPLAY=:0

Signal Handlers:
SIGSEGV: [libjvm.so+0x80cb90], sa_mask[0]=0x7ffbfeff, sa_flags=0x10000004
SIGBUS: [libjvm.so+0x80cb90], sa_mask[0]=0x7ffbfeff, sa_flags=0x10000004
SIGFPE: [libjvm.so+0x684e30], sa_mask[0]=0x7ffbfeff, sa_flags=0x10000004
SIGPIPE: [libjvm.so+0x684e30], sa_mask[0]=0x7ffbfeff, sa_flags=0x10000004
SIGXFSZ: [libjvm.so+0x684e30], sa_mask[0]=0x7ffbfeff, sa_flags=0x10000004
SIGILL: [libjvm.so+0x684e30], sa_mask[0]=0x7ffbfeff, sa_flags=0x10000004
SIGUSR1: SIG_DFL, sa_mask[0]=0x00000000, sa_flags=0x00000000
SIGUSR2: [libjvm.so+0x684cc0], sa_mask[0]=0x00000004, sa_flags=0x10000004
SIGHUP: [libjvm.so+0x684ef0], sa_mask[0]=0x7ffbfeff, sa_flags=0x10000004
SIGINT: [libjvm.so+0x684ef0], sa_mask[0]=0x7ffbfeff, sa_flags=0x10000004
SIGTERM: [libjvm.so+0x684ef0], sa_mask[0]=0x7ffbfeff, sa_flags=0x10000004
SIGQUIT: [libjvm.so+0x684ef0], sa_mask[0]=0x7ffbfeff, sa_flags=0x10000004
SIGTRAP: SIG_DFL, sa_mask[0]=0x00000000, sa_flags=0x00000000


---------------  S Y S T E M  ---------------

OS:Ubuntu 14.04 (trusty)
uname:Linux 3.13.0-63-generic #103-Ubuntu SMP Fri Aug 14 21:43:30 UTC 2015 i686
libc:glibc 2.19 NPTL 2.19 
rlimit: STACK 8192k, CORE 0k, NPROC 15433, NOFILE 4096, AS infinity
load average:0.46 0.35 0.40

/proc/meminfo:
MemTotal:        1994772 kB
MemFree:          130740 kB
Buffers:           46304 kB
Cached:           641168 kB
SwapCached:        44600 kB
Active:           858976 kB
Inactive:         905712 kB
Active(anon):     600548 kB
Inactive(anon):   713280 kB
Active(file):     258428 kB
Inactive(file):   192432 kB
Unevictable:          32 kB
Mlocked:              32 kB
HighTotal:       1113688 kB
HighFree:          30156 kB
LowTotal:         881084 kB
LowFree:          100584 kB
SwapTotal:       2928636 kB
SwapFree:        2561528 kB
Dirty:               432 kB
Writeback:             0 kB
AnonPages:       1048716 kB
Mapped:           175860 kB
Shmem:            236392 kB
Slab:              58340 kB
SReclaimable:      38360 kB
SUnreclaim:        19980 kB
KernelStack:        4688 kB
PageTables:        14748 kB
NFS_Unstable:          0 kB
Bounce:                0 kB
WritebackTmp:          0 kB
CommitLimit:     3926020 kB
Committed_AS:    7305852 kB
VmallocTotal:     122880 kB
VmallocUsed:       15048 kB
VmallocChunk:      96672 kB
HardwareCorrupted:     0 kB
AnonHugePages:    290816 kB
HugePages_Total:       0
HugePages_Free:        0
HugePages_Rsvd:        0
HugePages_Surp:        0
Hugepagesize:       2048 kB
DirectMap4k:       28664 kB
DirectMap2M:      884736 kB


CPU:total 2 (2 cores per cpu, 1 threads per core) family 6 model 15 stepping 13, cmov, cx8, fxsr, mmx, sse, sse2, sse3, ssse3, tsc

/proc/cpuinfo:
processor	: 0
vendor_id	: GenuineIntel
cpu family	: 6
model		: 15
model name	: Intel(R) Pentium(R) Dual  CPU  T3400  @ 2.16GHz
stepping	: 13
microcode	: 0xa3
cpu MHz		: 2166.000
cache size	: 1024 KB
physical id	: 0
siblings	: 2
core id		: 0
cpu cores	: 2
apicid		: 0
initial apicid	: 0
fdiv_bug	: no
f00f_bug	: no
coma_bug	: no
fpu		: yes
fpu_exception	: yes
cpuid level	: 10
wp		: yes
flags		: fpu vme de pse tsc msr pae mce cx8 apic sep mtrr pge mca cmov pat pse36 clflush dts acpi mmx fxsr sse sse2 ss ht tm pbe nx lm constant_tsc arch_perfmon pebs bts aperfmperf pni dtes64 monitor ds_cpl est tm2 ssse3 cx16 xtpr pdcm lahf_lm dtherm
bogomips	: 4322.67
clflush size	: 64
cache_alignment	: 64
address sizes	: 36 bits physical, 48 bits virtual
power management:

processor	: 1
vendor_id	: GenuineIntel
cpu family	: 6
model		: 15
model name	: Intel(R) Pentium(R) Dual  CPU  T3400  @ 2.16GHz
stepping	: 13
microcode	: 0xa3
cpu MHz		: 2166.000
cache size	: 1024 KB
physical id	: 0
siblings	: 2
core id		: 1
cpu cores	: 2
apicid		: 1
initial apicid	: 1
fdiv_bug	: no
f00f_bug	: no
coma_bug	: no
fpu		: yes
fpu_exception	: yes
cpuid level	: 10
wp		: yes
flags		: fpu vme de pse tsc msr pae mce cx8 apic sep mtrr pge mca cmov pat pse36 clflush dts acpi mmx fxsr sse sse2 ss ht tm pbe nx lm constant_tsc arch_perfmon pebs bts aperfmperf pni dtes64 monitor ds_cpl est tm2 ssse3 cx16 xtpr pdcm lahf_lm dtherm
bogomips	: 4322.67
clflush size	: 64
cache_alignment	: 64
address sizes	: 36 bits physical, 48 bits virtual
power management:



Memory: 4k page, physical 1994772k(130740k free), swap 2928636k(2561528k free)

vm_info: OpenJDK Server VM (24.79-b02) for linux-x86 JRE (1.7.0_79-b14), built on Jul 24 2015 08:25:15 by "buildd" with gcc 4.8.2

time: Sun Sep 27 01:26:54 2015
elapsed time: 4261 seconds

