#
# A fatal error has been detected by the Java Runtime Environment:
#
#  SIGBUS (0x7) at pc=0xb32cd880, pid=5610, tid=2294639424
#
# JRE version: OpenJDK Runtime Environment (7.0_79-b14) (build 1.7.0_79-b14)
# Java VM: OpenJDK Server VM (24.79-b02 mixed mode linux-x86 )
# Derivative: IcedTea 2.5.6
# Distribution: Ubuntu 14.04 LTS, package 7u79-2.5.6-0ubuntu1.14.04.1
# Problematic frame:
# 
[error occurred during error reporting (printing problematic frame), id 0x7]

# Failed to write core dump. Core dumps have been disabled. To enable core dumping, try "ulimit -c unlimited" before starting Java again
#
# If you would like to submit a bug report, please include
# instructions on how to reproduce the bug and visit:
#   http://icedtea.classpath.org/bugzilla
# The crash happened outside the Java Virtual Machine in native code.
# See problematic frame for where to report the bug.
#

---------------  T H R E A D  ---------------

Current thread (0x88b0bc00):  JavaThread "JNativeHook Hook Thread" [_thread_in_native, id=5628, stack(0x88c06000,0x88c57000)]

siginfo:si_signo=SIGBUS: si_errno=0, si_code=2 (BUS_ADRERR), si_addr=0xb32d9040

Registers:
EAX=0xb32d963c, EBX=0xb32d9000, ECX=0x00000008, EDX=0x00000024
ESP=0x88c55dfc, EBP=0x09d15ea4, ESI=0x09d15c70, EDI=0x09d15c70
EIP=0xb32cd880, EFLAGS=0x00010282, CR2=0xb32d9040

Top of Stack: (sp=0x88c55dfc)
0x88c55dfc:   b32cf4d4 b32d963c 00000000 00000000
0x88c55e0c:   88c85000 09d0c110 b7678fe8 88c85000
0x88c55e1c:   88c6f084 b772a450 b7678fe8 b772a420
0x88c55e2c:   00000000 09d0c11c 00000000 00000001
0x88c55e3c:   88dda000 09d0b4f8 09d0b718 b32cf4b9
0x88c55e4c:   b32c7000 88c55ee0 09d15c70 09d15ea4
0x88c55e5c:   b32c2519 00000000 09d15c70 00000044
0x88c55e6c:   88cde6df 00000000 09c72370 00000020 

Instructions: (pc=0xb32cd880)
0xb32cd860:   ff a3 38 00 00 00 68 58 00 00 00 e9 30 ff ff ff
0xb32cd870:   ff a3 3c 00 00 00 68 60 00 00 00 e9 20 ff ff ff
0xb32cd880:   ff a3 40 00 00 00 68 68 00 00 00 e9 10 ff ff ff
0xb32cd890:   ff a3 44 00 00 00 68 70 00 00 00 e9 00 ff ff ff 

Register to memory mapping:

EAX=
[error occurred during error reporting (printing register info), id 0x7]

Stack: [0x88c06000,0x88c57000],  sp=0x88c55dfc,  free space=319k
Native frames: (J=compiled Java code, j=interpreted, Vv=VM code, C=native code)

[error occurred during error reporting (printing native stack), id 0x7]

Java frames: (J=compiled Java code, j=interpreted, Vv=VM code)
j  org.jnativehook.GlobalScreen$NativeHookThread.enable()V+0
j  org.jnativehook.GlobalScreen$NativeHookThread.run()V+6
v  ~StubRoutines::call_stub

---------------  P R O C E S S  ---------------

Java Threads: ( => current thread )
  0x09d19800 JavaThread "JNativeHook Dispatch Thread" daemon [_thread_blocked, id=5629, stack(0x88730000,0x88781000)]
  0xb6407800 JavaThread "DestroyJavaVM" [_thread_blocked, id=5613, stack(0xb6536000,0xb6587000)]
=>0x88b0bc00 JavaThread "JNativeHook Hook Thread" [_thread_in_native, id=5628, stack(0x88c06000,0x88c57000)]
  0x8932c400 JavaThread "Service Thread" daemon [_thread_blocked, id=5626, stack(0x88eba000,0x88f0b000)]
  0x8932a800 JavaThread "C2 CompilerThread1" daemon [_thread_blocked, id=5625, stack(0x88f0b000,0x88f8c000)]
  0x89328400 JavaThread "C2 CompilerThread0" daemon [_thread_blocked, id=5624, stack(0x88f8c000,0x8900d000)]
  0x89326c00 JavaThread "Signal Dispatcher" daemon [_thread_blocked, id=5623, stack(0x8900d000,0x8905e000)]
  0x89314000 JavaThread "Finalizer" daemon [_thread_blocked, id=5622, stack(0x8925e000,0x892af000)]
  0x89312800 JavaThread "Reference Handler" daemon [_thread_blocked, id=5621, stack(0x892af000,0x89300000)]

Other Threads:
  0x89310400 VMThread [stack: 0x89405000,0x89486000] [id=5620]
  0x8932e400 WatcherThread [stack: 0x88e39000,0x88eba000] [id=5627]

VM state:not at safepoint (normal execution)

VM Mutex/Monitor currently owned by a thread: None

Heap
 PSYoungGen      total 9216K, used 3099K [0xa8800000, 0xa9240000, 0xb32c0000)
  eden space 7936K, 39% used [0xa8800000,0xa8b06d78,0xa8fc0000)
  from space 1280K, 0% used [0xa9100000,0xa9100000,0xa9240000)
  to   space 1280K, 0% used [0xa8fc0000,0xa8fc0000,0xa9100000)
 ParOldGen       total 20736K, used 0K [0x932c0000, 0x94700000, 0xa8800000)
  object space 20736K, 0% used [0x932c0000,0x932c0000,0x94700000)
 PSPermGen       total 16384K, used 3517K [0x8b2c0000, 0x8c2c0000, 0x932c0000)
  object space 16384K, 21% used [0x8b2c0000,0x8b62f538,0x8c2c0000)

Card table byte_map: [0x8b17f000,0x8b2c0000] byte_map_base: 0x8ad25a00

Polling page: 0xb773d000

Code Cache  [0xb33ae000, 0xb35ee000, 0xb63ae000)
 total_blobs=152 nmethods=23 adapters=84 free_code_cache=48832Kb largest_free_block=49987392

Compilation events (10 events):
Event: 131.156 Thread 0x8932a800   18             java.util.concurrent.locks.AbstractQueuedSynchronizer::setState (6 bytes)
Event: 131.156 Thread 0x89328400   19             java.util.concurrent.locks.AbstractQueuedSynchronizer::release (33 bytes)
Event: 131.156 Thread 0x8932a800 nmethod 18 0xb33fe148 code [0xb33fe220, 0xb33fe270]
Event: 131.156 Thread 0x8932a800   20             java.util.concurrent.locks.AbstractQueuedSynchronizer::compareAndSetState (13 bytes)
Event: 131.157 Thread 0x8932a800 nmethod 20 0xb33fdfc8 code [0xb33fe0a0, 0xb33fe0f0]
Event: 131.165 Thread 0x89328400 nmethod 19 0xb33fdbc8 code [0xb33fdce0, 0xb33fde7c]
Event: 167.804 Thread 0x8932a800   21             java.lang.System::getSecurityManager (4 bytes)
Event: 167.805 Thread 0x8932a800 nmethod 21 0xb33fda88 code [0xb33fdb60, 0xb33fdb90]
Event: 172.844 Thread 0x89328400   22             java.lang.Thread::interrupted (8 bytes)
Event: 172.845 Thread 0x89328400 nmethod 22 0xb33ff288 code [0xb33ff380, 0xb33ff3fc]

GC Heap History (0 events):
No events

Deoptimization events (0 events):
No events

Internal exceptions (10 events):
Event: 0.220 Thread 0xb6407800 Threw 0xa88bd020 at /build/openjdk-7-OXg_HK/openjdk-7-7u79-2.5.6/build/openjdk/hotspot/src/share/vm/prims/jvm.cpp:1284
Event: 0.220 Thread 0xb6407800 Threw 0xa88bd138 at /build/openjdk-7-OXg_HK/openjdk-7-7u79-2.5.6/build/openjdk/hotspot/src/share/vm/prims/jvm.cpp:1284
Event: 0.220 Thread 0xb6407800 Threw 0xa88bf490 at /build/openjdk-7-OXg_HK/openjdk-7-7u79-2.5.6/build/openjdk/hotspot/src/share/vm/prims/jvm.cpp:1284
Event: 0.220 Thread 0xb6407800 Threw 0xa88bf5a8 at /build/openjdk-7-OXg_HK/openjdk-7-7u79-2.5.6/build/openjdk/hotspot/src/share/vm/prims/jvm.cpp:1284
Event: 0.220 Thread 0xb6407800 Threw 0xa88bfe20 at /build/openjdk-7-OXg_HK/openjdk-7-7u79-2.5.6/build/openjdk/hotspot/src/share/vm/prims/jvm.cpp:1284
Event: 0.220 Thread 0xb6407800 Threw 0xa88bff38 at /build/openjdk-7-OXg_HK/openjdk-7-7u79-2.5.6/build/openjdk/hotspot/src/share/vm/prims/jvm.cpp:1284
Event: 0.285 Thread 0xb6407800 Threw 0xa890c510 at /build/openjdk-7-OXg_HK/openjdk-7-7u79-2.5.6/build/openjdk/hotspot/src/share/vm/prims/jvm.cpp:1284
Event: 0.289 Thread 0xb6407800 Threw 0xa891b720 at /build/openjdk-7-OXg_HK/openjdk-7-7u79-2.5.6/build/openjdk/hotspot/src/share/vm/prims/jvm.cpp:1284
Event: 0.548 Thread 0x88b0bc00 Threw 0xa8925d10 at /build/openjdk-7-OXg_HK/openjdk-7-7u79-2.5.6/build/openjdk/hotspot/src/share/vm/prims/jvm.cpp:1284
Event: 15.469 Thread 0x09d19800 Threw 0xa89aa520 at /build/openjdk-7-OXg_HK/openjdk-7-7u79-2.5.6/build/openjdk/hotspot/src/share/vm/prims/jvm.cpp:1284

Events (10 events):
Event: 0.551 loading class 0x8ae68300
Event: 0.551 loading class 0x8ae68300 done
Event: 0.552 loading class 0x8ae380e0
Event: 0.552 loading class 0x8ae380e0 done
Event: 4.142 Executing VM operation: EnableBiasedLocking
Event: 4.143 Executing VM operation: EnableBiasedLocking done
Event: 15.469 loading class 0x8936d3a8
Event: 15.469 loading class 0x8936d3a8 done
Event: 167.803 loading class 0x8ae2ece0
Event: 167.804 loading class 0x8ae2ece0 done


Dynamic libraries:
08048000-08049000 r-xp 00000000 08:06 1328247    /usr/lib/jvm/java-7-openjdk-i386/jre/bin/java
08049000-0804a000 r--p 00000000 08:06 1328247    /usr/lib/jvm/java-7-openjdk-i386/jre/bin/java
0804a000-0804b000 rw-p 00001000 08:06 1328247    /usr/lib/jvm/java-7-openjdk-i386/jre/bin/java
09c6e000-09d36000 rw-p 00000000 00:00 0          [heap]
88730000-88733000 ---p 00000000 00:00 0 
88733000-88781000 rw-p 00000000 00:00 0          [stack:5629]
88781000-887bd000 r-xp 00000000 08:06 1706702    /lib/i386-linux-gnu/libpcre.so.3.13.1
887bd000-887be000 r--p 0003b000 08:06 1706702    /lib/i386-linux-gnu/libpcre.so.3.13.1
887be000-887bf000 rw-p 0003c000 08:06 1706702    /lib/i386-linux-gnu/libpcre.so.3.13.1
887bf000-887c4000 r-xp 00000000 08:06 1316312    /usr/lib/i386-linux-gnu/libffi.so.6.0.1
887c4000-887c5000 r--p 00005000 08:06 1316312    /usr/lib/i386-linux-gnu/libffi.so.6.0.1
887c5000-887c6000 rw-p 00006000 08:06 1316312    /usr/lib/i386-linux-gnu/libffi.so.6.0.1
887c6000-887d9000 r-xp 00000000 08:06 1733007    /lib/i386-linux-gnu/libresolv-2.19.so
887d9000-887da000 ---p 00013000 08:06 1733007    /lib/i386-linux-gnu/libresolv-2.19.so
887da000-887db000 r--p 00013000 08:06 1733007    /lib/i386-linux-gnu/libresolv-2.19.so
887db000-887dc000 rw-p 00014000 08:06 1733007    /lib/i386-linux-gnu/libresolv-2.19.so
887dc000-887de000 rw-p 00000000 00:00 0 
887de000-887fe000 r-xp 00000000 08:06 1705079    /lib/i386-linux-gnu/libselinux.so.1
887fe000-887ff000 r--p 0001f000 08:06 1705079    /lib/i386-linux-gnu/libselinux.so.1
887ff000-88800000 rw-p 00020000 08:06 1705079    /lib/i386-linux-gnu/libselinux.so.1
88800000-88801000 rw-p 00000000 00:00 0 
88801000-8890b000 r-xp 00000000 08:06 1710653    /lib/i386-linux-gnu/libglib-2.0.so.0.4002.0
8890b000-8890c000 r--p 00109000 08:06 1710653    /lib/i386-linux-gnu/libglib-2.0.so.0.4002.0
8890c000-8890d000 rw-p 0010a000 08:06 1710653    /lib/i386-linux-gnu/libglib-2.0.so.0.4002.0
8890d000-8895d000 r-xp 00000000 08:06 1311107    /usr/lib/i386-linux-gnu/libgobject-2.0.so.0.4002.0
8895d000-8895e000 r--p 0004f000 08:06 1311107    /usr/lib/i386-linux-gnu/libgobject-2.0.so.0.4002.0
8895e000-8895f000 rw-p 00050000 08:06 1311107    /usr/lib/i386-linux-gnu/libgobject-2.0.so.0.4002.0
8895f000-88adc000 r-xp 00000000 08:06 1311176    /usr/lib/i386-linux-gnu/libgio-2.0.so.0.4002.0
88adc000-88ade000 r--p 0017d000 08:06 1311176    /usr/lib/i386-linux-gnu/libgio-2.0.so.0.4002.0
88ade000-88adf000 rw-p 0017f000 08:06 1311176    /usr/lib/i386-linux-gnu/libgio-2.0.so.0.4002.0
88adf000-88ae0000 rw-p 00000000 00:00 0 
88ae6000-88aed000 r--s 00000000 08:06 1312905    /usr/lib/i386-linux-gnu/gconv/gconv-modules.cache
88aed000-88afe000 r-xp 00000000 08:06 1326815    /usr/lib/jvm/java-7-openjdk-i386/jre/lib/i386/libnio.so
88afe000-88aff000 r--p 00010000 08:06 1326815    /usr/lib/jvm/java-7-openjdk-i386/jre/lib/i386/libnio.so
88aff000-88b00000 rw-p 00011000 08:06 1326815    /usr/lib/jvm/java-7-openjdk-i386/jre/lib/i386/libnio.so
88b00000-88b54000 rw-p 00000000 00:00 0 
88b54000-88c00000 ---p 00000000 00:00 0 
88c06000-88c09000 ---p 00000000 00:00 0 
88c09000-88c57000 rw-p 00000000 00:00 0          [stack:5628]
88c57000-88c5c000 r-xp 00000000 08:06 1316045    /usr/lib/i386-linux-gnu/libXdmcp.so.6.0.0
88c5c000-88c5d000 r--p 00004000 08:06 1316045    /usr/lib/i386-linux-gnu/libXdmcp.so.6.0.0
88c5d000-88c5e000 rw-p 00005000 08:06 1316045    /usr/lib/i386-linux-gnu/libXdmcp.so.6.0.0
88c5e000-88c62000 r-xp 00000000 08:06 1710322    /lib/i386-linux-gnu/libuuid.so.1.3.0
88c62000-88c63000 r--p 00003000 08:06 1710322    /lib/i386-linux-gnu/libuuid.so.1.3.0
88c63000-88c64000 rw-p 00004000 08:06 1710322    /lib/i386-linux-gnu/libuuid.so.1.3.0
88c64000-88c84000 r-xp 00000000 08:06 1317100    /usr/lib/i386-linux-gnu/libxcb.so.1.1.0
88c84000-88c85000 r--p 0001f000 08:06 1317100    /usr/lib/i386-linux-gnu/libxcb.so.1.1.0
88c85000-88c86000 rw-p 00020000 08:06 1317100    /usr/lib/i386-linux-gnu/libxcb.so.1.1.0
88c86000-88c9c000 r-xp 00000000 08:06 1315905    /usr/lib/i386-linux-gnu/libICE.so.6.3.0
88c9c000-88c9d000 r--p 00015000 08:06 1315905    /usr/lib/i386-linux-gnu/libICE.so.6.3.0
88c9d000-88c9e000 rw-p 00016000 08:06 1315905    /usr/lib/i386-linux-gnu/libICE.so.6.3.0
88c9e000-88ca0000 rw-p 00000000 00:00 0 
88ca0000-88ca7000 r-xp 00000000 08:06 1316026    /usr/lib/i386-linux-gnu/libSM.so.6.0.1
88ca7000-88ca8000 r--p 00006000 08:06 1316026    /usr/lib/i386-linux-gnu/libSM.so.6.0.1
88ca8000-88ca9000 rw-p 00007000 08:06 1316026    /usr/lib/i386-linux-gnu/libSM.so.6.0.1
88ca9000-88dd9000 r-xp 00000000 08:06 1316030    /usr/lib/i386-linux-gnu/libX11.so.6.3.0
88dd9000-88dda000 r--p 00130000 08:06 1316030    /usr/lib/i386-linux-gnu/libX11.so.6.3.0
88dda000-88ddc000 rw-p 00131000 08:06 1316030    /usr/lib/i386-linux-gnu/libX11.so.6.3.0
88ddc000-88ddd000 rw-p 00000000 00:00 0 
88ddd000-88e35000 r-xp 00000000 08:06 1316073    /usr/lib/i386-linux-gnu/libXt.so.6.0.0
88e35000-88e36000 r--p 00058000 08:06 1316073    /usr/lib/i386-linux-gnu/libXt.so.6.0.0
88e36000-88e39000 rw-p 00059000 08:06 1316073    /usr/lib/i386-linux-gnu/libXt.so.6.0.0
88e39000-88e3a000 ---p 00000000 00:00 0 
88e3a000-88eba000 rw-p 00000000 00:00 0          [stack:5627]
88eba000-88ebd000 ---p 00000000 00:00 0 
88ebd000-88f0b000 rw-p 00000000 00:00 0          [stack:5626]
88f0b000-88f0e000 ---p 00000000 00:00 0 
88f0e000-88f8c000 rw-p 00000000 00:00 0          [stack:5625]
88f8c000-88f8f000 ---p 00000000 00:00 0 
88f8f000-8900d000 rw-p 00000000 00:00 0          [stack:5624]
8900d000-89010000 ---p 00000000 00:00 0 
89010000-8905e000 rw-p 00000000 00:00 0          [stack:5623]
8905e000-8925e000 r--p 00000000 08:06 1320544    /usr/lib/locale/locale-archive
8925e000-89261000 ---p 00000000 00:00 0 
89261000-892af000 rw-p 00000000 00:00 0          [stack:5622]
892af000-892b2000 ---p 00000000 00:00 0 
892b2000-89300000 rw-p 00000000 00:00 0          [stack:5621]
89300000-893ff000 rw-p 00000000 00:00 0 
893ff000-89400000 ---p 00000000 00:00 0 
89405000-89406000 ---p 00000000 00:00 0 
89406000-894cf000 rw-p 00000000 00:00 0          [stack:5620]
894cf000-89680000 r--s 01d29000 08:06 1314785    /usr/lib/jvm/java-7-openjdk-i386/jre/lib/rt.jar
89680000-8ad00000 rw-p 00000000 00:00 0 
8ad00000-8adb5000 rw-p 00000000 00:00 0 
8adb5000-8ae00000 ---p 00000000 00:00 0 
8ae00000-8ae02000 r-xp 00000000 08:06 1316034    /usr/lib/i386-linux-gnu/libXau.so.6.0.0
8ae02000-8ae03000 r--p 00001000 08:06 1316034    /usr/lib/i386-linux-gnu/libXau.so.6.0.0
8ae03000-8ae04000 rw-p 00002000 08:06 1316034    /usr/lib/i386-linux-gnu/libXau.so.6.0.0
8ae06000-8ae09000 r-xp 00000000 08:06 1319365    /usr/lib/i386-linux-gnu/libgmodule-2.0.so.0.4002.0
8ae09000-8ae0a000 r--p 00002000 08:06 1319365    /usr/lib/i386-linux-gnu/libgmodule-2.0.so.0.4002.0
8ae0a000-8ae0b000 rw-p 00003000 08:06 1319365    /usr/lib/i386-linux-gnu/libgmodule-2.0.so.0.4002.0
8ae0b000-8ae22000 r-xp 00000000 08:06 1322445    /usr/lib/jvm/java-7-openjdk-i386/jre/lib/i386/libnet.so
8ae22000-8ae23000 r--p 00017000 08:06 1322445    /usr/lib/jvm/java-7-openjdk-i386/jre/lib/i386/libnet.so
8ae23000-8ae24000 rw-p 00018000 08:06 1322445    /usr/lib/jvm/java-7-openjdk-i386/jre/lib/i386/libnet.so
8ae24000-8ae7f000 rw-p 00000000 00:00 0 
8ae7f000-8ae80000 ---p 00000000 00:00 0 
8ae80000-8af00000 rw-p 00000000 00:00 0          [stack:5618]
8af00000-8af21000 rw-p 00000000 00:00 0 
8af21000-8b000000 ---p 00000000 00:00 0 
8b000000-8b011000 r-xp 00000000 08:06 1320163    /usr/lib/i386-linux-gnu/libXext.so.6.4.0
8b011000-8b012000 r--p 00010000 08:06 1320163    /usr/lib/i386-linux-gnu/libXext.so.6.4.0
8b012000-8b013000 rw-p 00011000 08:06 1320163    /usr/lib/i386-linux-gnu/libXext.so.6.4.0
8b013000-8b014000 ---p 00000000 00:00 0 
8b014000-8b09c000 rw-p 00000000 00:00 0          [stack:5617]
8b09c000-8b0d4000 rw-p 00000000 00:00 0 
8b0d4000-8b0df000 rw-p 00000000 00:00 0 
8b0df000-8b17f000 rw-p 00000000 00:00 0 
8b17f000-8b187000 rw-p 00000000 00:00 0 
8b187000-8b1bf000 rw-p 00000000 00:00 0 
8b1bf000-8b1ca000 rw-p 00000000 00:00 0 
8b1ca000-8b269000 rw-p 00000000 00:00 0 
8b269000-8b26f000 rw-p 00000000 00:00 0 
8b26f000-8b2bf000 rw-p 00000000 00:00 0 
8b2bf000-8c2c0000 rw-p 00000000 00:00 0 
8c2c0000-932c0000 rw-p 00000000 00:00 0 
932c0000-94700000 rw-p 00000000 00:00 0 
94700000-a8800000 rw-p 00000000 00:00 0 
a8800000-a9240000 rw-p 00000000 00:00 0 
a9240000-b32c0000 rw-p 00000000 00:00 0 
b32c1000-b32c6000 r-xp 00000000 08:06 1316075    /usr/lib/i386-linux-gnu/libXtst.so.6.1.0
b32c6000-b32c7000 r--p 00004000 08:06 1316075    /usr/lib/i386-linux-gnu/libXtst.so.6.1.0
b32c7000-b32c8000 rw-p 00005000 08:06 1316075    /usr/lib/i386-linux-gnu/libXtst.so.6.1.0
b32c8000-b32ca000 r-xp 00000000 08:06 1316057    /usr/lib/i386-linux-gnu/libXinerama.so.1.0.0
b32ca000-b32cb000 r--p 00001000 08:06 1316057    /usr/lib/i386-linux-gnu/libXinerama.so.1.0.0
b32cb000-b32cc000 rw-p 00002000 08:06 1316057    /usr/lib/i386-linux-gnu/libXinerama.so.1.0.0
b32cc000-b32d8000 r-xp 00000000 08:06 1052585    /tmp/libJNativeHook-2.0.2.so
b32d8000-b32d9000 r--p 0000b000 08:06 1052585    /tmp/libJNativeHook-2.0.2.so
b32d9000-b32da000 rw-p 0000c000 08:06 1052585    /tmp/libJNativeHook-2.0.2.so
b32da000-b32df000 r--s 0004d000 08:06 1314792    /usr/lib/jvm/java-7-openjdk-i386/jre/lib/jsse.jar
b32df000-b32f7000 rw-p 00000000 00:00 0 
b32f7000-b33ae000 rw-p 00000000 00:00 0 
b33ae000-b35ee000 rwxp 00000000 00:00 0 
b35ee000-b63ae000 rw-p 00000000 00:00 0 
b63ae000-b63b9000 r-xp 00000000 08:06 1733009    /lib/i386-linux-gnu/libnss_files-2.19.so
b63b9000-b63ba000 r--p 0000a000 08:06 1733009    /lib/i386-linux-gnu/libnss_files-2.19.so
b63ba000-b63bb000 rw-p 0000b000 08:06 1733009    /lib/i386-linux-gnu/libnss_files-2.19.so
b63bb000-b63c5000 r-xp 00000000 08:06 1732977    /lib/i386-linux-gnu/libnss_nis-2.19.so
b63c5000-b63c6000 r--p 00009000 08:06 1732977    /lib/i386-linux-gnu/libnss_nis-2.19.so
b63c6000-b63c7000 rw-p 0000a000 08:06 1732977    /lib/i386-linux-gnu/libnss_nis-2.19.so
b63c7000-b63dc000 r-xp 00000000 08:06 1732978    /lib/i386-linux-gnu/libnsl-2.19.so
b63dc000-b63dd000 r--p 00015000 08:06 1732978    /lib/i386-linux-gnu/libnsl-2.19.so
b63dd000-b63de000 rw-p 00016000 08:06 1732978    /lib/i386-linux-gnu/libnsl-2.19.so
b63de000-b63e0000 rw-p 00000000 00:00 0 
b63e0000-b63e2000 r--s 0002e000 08:06 1373262    /usr/lib/jvm/java-7-openjdk-i386/jre/lib/jnativehook-2.0.2.jar
b63e2000-b63e4000 r--s 00006000 08:06 1598237    /usr/share/java/java-atk-wrapper.jar
b63e4000-b63e8000 r--s 00085000 08:06 1326839    /usr/lib/jvm/java-7-openjdk-i386/jre/lib/ext/localedata.jar
b63e8000-b63ea000 r--s 00012000 08:06 1326851    /usr/lib/jvm/java-7-openjdk-i386/jre/lib/ext/zipfs.jar
b63ea000-b63ee000 r--s 0003c000 08:06 1326847    /usr/lib/jvm/java-7-openjdk-i386/jre/lib/ext/sunpkcs11.jar
b63ee000-b63f6000 r-xp 00000000 08:06 1316744    /usr/lib/jvm/java-7-openjdk-i386/jre/lib/i386/libzip.so
b63f6000-b63f7000 r--p 00007000 08:06 1316744    /usr/lib/jvm/java-7-openjdk-i386/jre/lib/i386/libzip.so
b63f7000-b63f8000 rw-p 00008000 08:06 1316744    /usr/lib/jvm/java-7-openjdk-i386/jre/lib/i386/libzip.so
b63f8000-b6400000 rw-s 00000000 08:06 1087057    /tmp/hsperfdata_soumya/5610
b6400000-b64fd000 rw-p 00000000 00:00 0 
b64fd000-b6500000 ---p 00000000 00:00 0 
b6500000-b6504000 r--s 00034000 08:06 1326843    /usr/lib/jvm/java-7-openjdk-i386/jre/lib/ext/sunjce_provider.jar
b6504000-b652b000 r-xp 00000000 08:06 1326825    /usr/lib/jvm/java-7-openjdk-i386/jre/lib/i386/libjava.so
b652b000-b652c000 r--p 00026000 08:06 1326825    /usr/lib/jvm/java-7-openjdk-i386/jre/lib/i386/libjava.so
b652c000-b652d000 rw-p 00027000 08:06 1326825    /usr/lib/jvm/java-7-openjdk-i386/jre/lib/i386/libjava.so
b652d000-b6534000 r-xp 00000000 08:06 1733010    /lib/i386-linux-gnu/librt-2.19.so
b6534000-b6535000 r--p 00006000 08:06 1733010    /lib/i386-linux-gnu/librt-2.19.so
b6535000-b6536000 rw-p 00007000 08:06 1733010    /lib/i386-linux-gnu/librt-2.19.so
b6536000-b6539000 ---p 00000000 00:00 0 
b6539000-b6587000 rw-p 00000000 00:00 0          [stack:5613]
b6587000-b65a3000 r-xp 00000000 08:06 1704926    /lib/i386-linux-gnu/libgcc_s.so.1
b65a3000-b65a4000 rw-p 0001b000 08:06 1704926    /lib/i386-linux-gnu/libgcc_s.so.1
b65a4000-b65e8000 r-xp 00000000 08:06 1732983    /lib/i386-linux-gnu/libm-2.19.so
b65e8000-b65e9000 r--p 00043000 08:06 1732983    /lib/i386-linux-gnu/libm-2.19.so
b65e9000-b65ea000 rw-p 00044000 08:06 1732983    /lib/i386-linux-gnu/libm-2.19.so
b65ea000-b66c6000 r-xp 00000000 08:06 1314969    /usr/lib/i386-linux-gnu/libstdc++.so.6.0.19
b66c6000-b66ca000 r--p 000dc000 08:06 1314969    /usr/lib/i386-linux-gnu/libstdc++.so.6.0.19
b66ca000-b66cb000 rw-p 000e0000 08:06 1314969    /usr/lib/i386-linux-gnu/libstdc++.so.6.0.19
b66cb000-b66d2000 rw-p 00000000 00:00 0 
b66d2000-b70c1000 r-xp 00000000 08:06 1320160    /usr/lib/jvm/java-7-openjdk-i386/jre/lib/i386/server/libjvm.so
b70c1000-b7113000 r--p 009ee000 08:06 1320160    /usr/lib/jvm/java-7-openjdk-i386/jre/lib/i386/server/libjvm.so
b7113000-b7127000 rw-p 00a40000 08:06 1320160    /usr/lib/jvm/java-7-openjdk-i386/jre/lib/i386/server/libjvm.so
b7127000-b7544000 rw-p 00000000 00:00 0 
b7544000-b755c000 r-xp 00000000 08:06 1705112    /lib/i386-linux-gnu/libz.so.1.2.8
b755c000-b755d000 r--p 00017000 08:06 1705112    /lib/i386-linux-gnu/libz.so.1.2.8
b755d000-b755e000 rw-p 00018000 08:06 1705112    /lib/i386-linux-gnu/libz.so.1.2.8
b755e000-b755f000 rw-p 00000000 00:00 0 
b755f000-b7577000 r-xp 00000000 08:06 1733005    /lib/i386-linux-gnu/libpthread-2.19.so
b7577000-b7578000 r--p 00018000 08:06 1733005    /lib/i386-linux-gnu/libpthread-2.19.so
b7578000-b7579000 rw-p 00019000 08:06 1733005    /lib/i386-linux-gnu/libpthread-2.19.so
b7579000-b757b000 rw-p 00000000 00:00 0 
b757b000-b757e000 r-xp 00000000 08:06 1732974    /lib/i386-linux-gnu/libdl-2.19.so
b757e000-b757f000 r--p 00002000 08:06 1732974    /lib/i386-linux-gnu/libdl-2.19.so
b757f000-b7580000 rw-p 00003000 08:06 1732974    /lib/i386-linux-gnu/libdl-2.19.so
b7580000-b7728000 r-xp 00000000 08:06 1728717    /lib/i386-linux-gnu/libc-2.19.so
b7728000-b772a000 r--p 001a8000 08:06 1728717    /lib/i386-linux-gnu/libc-2.19.so
b772a000-b772b000 rw-p 001aa000 08:06 1728717    /lib/i386-linux-gnu/libc-2.19.so
b772b000-b772e000 rw-p 00000000 00:00 0 
b772e000-b772f000 r--s 00002000 08:06 1326841    /usr/lib/jvm/java-7-openjdk-i386/jre/lib/ext/dnsns.jar
b772f000-b7732000 r--s 0000f000 08:06 1326849    /usr/lib/jvm/java-7-openjdk-i386/jre/lib/ext/icedtea-sound.jar
b7732000-b7733000 r--p 00850000 08:06 1320544    /usr/lib/locale/locale-archive
b7733000-b773a000 r-xp 00000000 08:06 1732984    /lib/i386-linux-gnu/libnss_compat-2.19.so
b773a000-b773b000 r--p 00006000 08:06 1732984    /lib/i386-linux-gnu/libnss_compat-2.19.so
b773b000-b773c000 rw-p 00007000 08:06 1732984    /lib/i386-linux-gnu/libnss_compat-2.19.so
b773c000-b773d000 rw-p 00000000 00:00 0 
b773d000-b773e000 r--p 00000000 00:00 0 
b773e000-b774c000 r-xp 00000000 08:06 1322192    /usr/lib/jvm/java-7-openjdk-i386/jre/lib/i386/libverify.so
b774c000-b774d000 r--p 0000d000 08:06 1322192    /usr/lib/jvm/java-7-openjdk-i386/jre/lib/i386/libverify.so
b774d000-b774e000 rw-p 0000e000 08:06 1322192    /usr/lib/jvm/java-7-openjdk-i386/jre/lib/i386/libverify.so
b774e000-b775a000 r-xp 00000000 08:06 1316787    /usr/lib/jvm/java-7-openjdk-i386/jre/lib/i386/jli/libjli.so
b775a000-b775b000 r--p 0000c000 08:06 1316787    /usr/lib/jvm/java-7-openjdk-i386/jre/lib/i386/jli/libjli.so
b775b000-b775c000 rw-p 0000d000 08:06 1316787    /usr/lib/jvm/java-7-openjdk-i386/jre/lib/i386/jli/libjli.so
b775c000-b775f000 rw-p 00000000 00:00 0 
b775f000-b7760000 r-xp 00000000 00:00 0          [vdso]
b7760000-b7780000 r-xp 00000000 08:06 1732976    /lib/i386-linux-gnu/ld-2.19.so
b7780000-b7781000 r--p 0001f000 08:06 1732976    /lib/i386-linux-gnu/ld-2.19.so
b7781000-b7782000 rw-p 00020000 08:06 1732976    /lib/i386-linux-gnu/ld-2.19.so
bfc51000-bfc52000 rwxp 00000000 00:00 0 
bfc84000-bfca5000 rw-p 00000000 00:00 0          [stack]

VM Arguments:
jvm_args: -Dfile.encoding=UTF-8 
java_command: GlobalMouseListenerExample
Launcher Type: SUN_STANDARD

Environment Variables:
PATH=/usr/local/sbin:/usr/local/bin:/usr/sbin:/usr/bin:/sbin:/bin:/usr/games:/usr/local/games
LD_LIBRARY_PATH=/usr/lib/jvm/java-7-openjdk-i386/jre/lib/i386/server:/usr/lib/jvm/java-7-openjdk-i386/jre/lib/i386:/usr/lib/jvm/java-7-openjdk-i386/jre/../lib/i386:/usr/lib/jvm/java-7-openjdk-i386/jre/lib/i386/client:/usr/lib/jvm/java-7-openjdk-i386/jre/lib/i386:
SHELL=/bin/bash
DISPLAY=:0

Signal Handlers:
SIGSEGV: [libjvm.so+0x80cb90], sa_mask[0]=0x7ffbfeff, sa_flags=0x10000004
SIGBUS: [libjvm.so+0x80cb90], sa_mask[0]=0x7ffbfeff, sa_flags=0x10000004
SIGFPE: [libjvm.so+0x684e30], sa_mask[0]=0x7ffbfeff, sa_flags=0x10000004
SIGPIPE: [libjvm.so+0x684e30], sa_mask[0]=0x7ffbfeff, sa_flags=0x10000004
SIGXFSZ: [libjvm.so+0x684e30], sa_mask[0]=0x7ffbfeff, sa_flags=0x10000004
SIGILL: [libjvm.so+0x684e30], sa_mask[0]=0x7ffbfeff, sa_flags=0x10000004
SIGUSR1: SIG_DFL, sa_mask[0]=0x00000000, sa_flags=0x00000000
SIGUSR2: [libjvm.so+0x684cc0], sa_mask[0]=0x00000004, sa_flags=0x10000004
SIGHUP: [libjvm.so+0x684ef0], sa_mask[0]=0x7ffbfeff, sa_flags=0x10000004
SIGINT: [libjvm.so+0x684ef0], sa_mask[0]=0x7ffbfeff, sa_flags=0x10000004
SIGTERM: [libjvm.so+0x684ef0], sa_mask[0]=0x7ffbfeff, sa_flags=0x10000004
SIGQUIT: [libjvm.so+0x684ef0], sa_mask[0]=0x7ffbfeff, sa_flags=0x10000004
SIGTRAP: SIG_DFL, sa_mask[0]=0x00000000, sa_flags=0x00000000


---------------  S Y S T E M  ---------------

OS:Ubuntu 14.04 (trusty)
uname:Linux 3.13.0-63-generic #103-Ubuntu SMP Fri Aug 14 21:43:30 UTC 2015 i686
libc:glibc 2.19 NPTL 2.19 
rlimit: STACK 8192k, CORE 0k, NPROC 15433, NOFILE 4096, AS infinity
load average:0.15 0.10 0.14

/proc/meminfo:
MemTotal:        1994772 kB
MemFree:          181824 kB
Buffers:          160668 kB
Cached:           621412 kB
SwapCached:           52 kB
Active:           786012 kB
Inactive:         865544 kB
Active(anon):     490296 kB
Inactive(anon):   571388 kB
Active(file):     295716 kB
Inactive(file):   294156 kB
Unevictable:          32 kB
Mlocked:              32 kB
HighTotal:       1113688 kB
HighFree:          93532 kB
LowTotal:         881084 kB
LowFree:           88292 kB
SwapTotal:       2928636 kB
SwapFree:        2928316 kB
Dirty:               300 kB
Writeback:             0 kB
AnonPages:        869468 kB
Mapped:           190844 kB
Shmem:            192208 kB
Slab:             125924 kB
SReclaimable:     108804 kB
SUnreclaim:        17120 kB
KernelStack:        4088 kB
PageTables:        10140 kB
NFS_Unstable:          0 kB
Bounce:                0 kB
WritebackTmp:          0 kB
CommitLimit:     3926020 kB
Committed_AS:    4462956 kB
VmallocTotal:     122880 kB
VmallocUsed:       14760 kB
VmallocChunk:     102924 kB
HardwareCorrupted:     0 kB
AnonHugePages:    311296 kB
HugePages_Total:       0
HugePages_Free:        0
HugePages_Rsvd:        0
HugePages_Surp:        0
Hugepagesize:       2048 kB
DirectMap4k:       26616 kB
DirectMap2M:      886784 kB


CPU:total 2 (2 cores per cpu, 1 threads per core) family 6 model 15 stepping 13, cmov, cx8, fxsr, mmx, sse, sse2, sse3, ssse3, tsc

/proc/cpuinfo:
processor	: 0
vendor_id	: GenuineIntel
cpu family	: 6
model		: 15
model name	: Intel(R) Pentium(R) Dual  CPU  T3400  @ 2.16GHz
stepping	: 13
microcode	: 0xa3
cpu MHz		: 2166.000
cache size	: 1024 KB
physical id	: 0
siblings	: 2
core id		: 0
cpu cores	: 2
apicid		: 0
initial apicid	: 0
fdiv_bug	: no
f00f_bug	: no
coma_bug	: no
fpu		: yes
fpu_exception	: yes
cpuid level	: 10
wp		: yes
flags		: fpu vme de pse tsc msr pae mce cx8 apic sep mtrr pge mca cmov pat pse36 clflush dts acpi mmx fxsr sse sse2 ss ht tm pbe nx lm constant_tsc arch_perfmon pebs bts aperfmperf pni dtes64 monitor ds_cpl est tm2 ssse3 cx16 xtpr pdcm lahf_lm dtherm
bogomips	: 4322.64
clflush size	: 64
cache_alignment	: 64
address sizes	: 36 bits physical, 48 bits virtual
power management:

processor	: 1
vendor_id	: GenuineIntel
cpu family	: 6
model		: 15
model name	: Intel(R) Pentium(R) Dual  CPU  T3400  @ 2.16GHz
stepping	: 13
microcode	: 0xa3
cpu MHz		: 2166.000
cache size	: 1024 KB
physical id	: 0
siblings	: 2
core id		: 1
cpu cores	: 2
apicid		: 1
initial apicid	: 1
fdiv_bug	: no
f00f_bug	: no
coma_bug	: no
fpu		: yes
fpu_exception	: yes
cpuid level	: 10
wp		: yes
flags		: fpu vme de pse tsc msr pae mce cx8 apic sep mtrr pge mca cmov pat pse36 clflush dts acpi mmx fxsr sse sse2 ss ht tm pbe nx lm constant_tsc arch_perfmon pebs bts aperfmperf pni dtes64 monitor ds_cpl est tm2 ssse3 cx16 xtpr pdcm lahf_lm dtherm
bogomips	: 4322.64
clflush size	: 64
cache_alignment	: 64
address sizes	: 36 bits physical, 48 bits virtual
power management:



Memory: 4k page, physical 1994772k(181824k free), swap 2928636k(2928316k free)

vm_info: OpenJDK Server VM (24.79-b02) for linux-x86 JRE (1.7.0_79-b14), built on Jul 24 2015 08:25:15 by "buildd" with gcc 4.8.2

time: Sun Sep 27 17:13:16 2015
elapsed time: 173 seconds

