#
# A fatal error has been detected by the Java Runtime Environment:
#
#  SIGBUS (0x7) at pc=0x8ad194b0, pid=15541, tid=2293021504
#
# JRE version: OpenJDK Runtime Environment (7.0_79-b14) (build 1.7.0_79-b14)
# Java VM: OpenJDK Server VM (24.79-b02 mixed mode linux-x86 )
# Derivative: IcedTea 2.5.6
# Distribution: Ubuntu 14.04 LTS, package 7u79-2.5.6-0ubuntu1.14.04.1
# Problematic frame:
# 
[error occurred during error reporting (printing problematic frame), id 0x7]

# Failed to write core dump. Core dumps have been disabled. To enable core dumping, try "ulimit -c unlimited" before starting Java again
#
# If you would like to submit a bug report, please include
# instructions on how to reproduce the bug and visit:
#   http://icedtea.classpath.org/bugzilla
# The crash happened outside the Java Virtual Machine in native code.
# See problematic frame for where to report the bug.
#

---------------  T H R E A D  ---------------

Current thread (0x88c24400):  JavaThread "JNativeHook Hook Thread" [_thread_in_native, id=15558, stack(0x88a7b000,0x88acc000)]

siginfo:si_signo=SIGBUS: si_errno=0, si_code=2 (BUS_ADRERR), si_addr=0x8ad194b0

Registers:
EAX=0x00000000, EBX=0xb6407000, ECX=0x00000008, EDX=0x00000024
ESP=0x88acae5c, EBP=0x08311124, ESI=0x88acaee0, EDI=0x08310f58
EIP=0x8ad194b0, EFLAGS=0x00010202, CR2=0x8ad194b0

Top of Stack: (sp=0x88acae5c)
0x88acae5c:   b6402519 00000000 08310f58 00000044
0x88acae6c:   88b016df 00000000 082d0540 00000020
0x88acae7c:   88b050d4 b75a86b7 00000024 00000020
0x88acae8c:   00000024 08310f40 082d0560 00000024
0x88acae9c:   083069f0 88acaee0 b7726500 b6402449
0x88acaeac:   b6407000 083069f0 08310f40 88acaee0
0x88acaebc:   b640363d 88acaee0 08311124 0831112c
0x88acaecc:   8ad194b0 00000000 8ad16528 082fc578 

Instructions: (pc=0x8ad194b0)
0x8ad19490:   
[error occurred during error reporting (printing registers, top of stack, instructions near pc), id 0x7]

Register to memory mapping:

EAX=0x00000000 is an unknown value
EBX=0xb6407000: <offset 0x6000> in /usr/lib/i386-linux-gnu/libXtst.so.6 at 0xb6401000
ECX=0x00000008 is an unknown value
EDX=0x00000024 is an unknown value
ESP=0x88acae5c is pointing into the stack for thread: 0x88c24400
EBP=0x08311124 is an unknown value
ESI=0x88acaee0 is pointing into the stack for thread: 0x88c24400
EDI=0x08310f58 is an unknown value


Stack: [0x88a7b000,0x88acc000],  sp=0x88acae5c,  free space=319k
Native frames: (J=compiled Java code, j=interpreted, Vv=VM code, C=native code)

[error occurred during error reporting (printing native stack), id 0x7]

Java frames: (J=compiled Java code, j=interpreted, Vv=VM code)
j  org.jnativehook.GlobalScreen$NativeHookThread.enable()V+0
j  org.jnativehook.GlobalScreen$NativeHookThread.run()V+6
v  ~StubRoutines::call_stub

---------------  P R O C E S S  ---------------

Java Threads: ( => current thread )
  0xb6307800 JavaThread "DestroyJavaVM" [_thread_blocked, id=15544, stack(0xb64e8000,0xb6539000)]
  0x08314c00 JavaThread "JNativeHook Dispatch Thread" daemon [_thread_blocked, id=15559, stack(0x886d2000,0x88723000)]
=>0x88c24400 JavaThread "JNativeHook Hook Thread" [_thread_in_native, id=15558, stack(0x88a7b000,0x88acc000)]
  0x8922c400 JavaThread "Service Thread" daemon [_thread_blocked, id=15556, stack(0x88e5c000,0x88ead000)]
  0x8922a800 JavaThread "C2 CompilerThread1" daemon [_thread_blocked, id=15555, stack(0x88ead000,0x88f2e000)]
  0x89228400 JavaThread "C2 CompilerThread0" daemon [_thread_blocked, id=15554, stack(0x88f2e000,0x88faf000)]
  0x89226c00 JavaThread "Signal Dispatcher" daemon [_thread_blocked, id=15553, stack(0x88faf000,0x89000000)]
  0x89214000 JavaThread "Finalizer" daemon [_thread_blocked, id=15552, stack(0x8932d000,0x8937e000)]
  0x89212800 JavaThread "Reference Handler" daemon [_thread_blocked, id=15551, stack(0x8937e000,0x893cf000)]

Other Threads:
  0x89210400 VMThread [stack: 0x8ad24000,0x8ada5000] [id=15550]
  0x8922e000 WatcherThread [stack: 0x88ddb000,0x88e5c000] [id=15557]

VM state:not at safepoint (normal execution)

VM Mutex/Monitor currently owned by a thread: None

Heap
 PSYoungGen      total 9216K, used 2027K [0xa8780000, 0xa91c0000, 0xb3240000)
  eden space 7936K, 16% used [0xa8780000,0xa88c3910,0xa8f40000)
  from space 1280K, 57% used [0xa8f40000,0xa8ff7660,0xa9080000)
  to   space 1280K, 0% used [0xa9080000,0xa9080000,0xa91c0000)
 ParOldGen       total 20736K, used 4K [0x93240000, 0x94680000, 0xa8780000)
  object space 20736K, 0% used [0x93240000,0x93241000,0x94680000)
 PSPermGen       total 16384K, used 3817K [0x8b240000, 0x8c240000, 0x93240000)
  object space 16384K, 23% used [0x8b240000,0x8b5fa638,0x8c240000)

Card table byte_map: [0x8b0ff000,0x8b240000] byte_map_base: 0x8aca5e00

Polling page: 0xb76ef000

Code Cache  [0xb3300000, 0xb3540000, 0xb6300000)
 total_blobs=213 nmethods=84 adapters=84 free_code_cache=48748Kb largest_free_block=49893184

Compilation events (10 events):
Event: 563.686 Thread 0x8922a800 nmethod 78 0xb3364948 code [0xb3364a40, 0xb3364ab0]
Event: 563.686 Thread 0x8922a800   79             java.util.concurrent.atomic.AtomicInteger::getAndIncrement (23 bytes)
Event: 563.687 Thread 0x8922a800 nmethod 79 0xb3362fc8 code [0xb33630c0, 0xb3363150]
Event: 563.701 Thread 0x89228400 nmethod 77 0xb3364cc8 code [0xb3364ea0, 0xb3365760]
Event: 566.680 Thread 0x8922a800   80             java.util.concurrent.locks.AbstractQueuedSynchronizer::enq (58 bytes)
Event: 566.683 Thread 0x8922a800 nmethod 80 0xb3367e48 code [0xb3367f40, 0xb3368010]
Event: 566.688 Thread 0x89228400   82             java.util.concurrent.locks.AbstractQueuedSynchronizer::transferForSignal (45 bytes)
Event: 566.693 Thread 0x89228400 nmethod 82 0xb33645c8 code [0xb33646c0, 0xb336481c]
Event: 607.520 Thread 0x8922a800   84             org.jnativehook.mouse.NativeMouseEvent::<init> (36 bytes)
Event: 607.522 Thread 0x8922a800 nmethod 84 0xb3367a08 code [0xb3367b00, 0xb3367b90]

GC Heap History (2 events):
Event: 564.771 GC heap before
{Heap before GC invocations=1 (full 0):
 PSYoungGen      total 9216K, used 7936K [0xa8780000, 0xa91c0000, 0xb3240000)
  eden space 7936K, 100% used [0xa8780000,0xa8f40000,0xa8f40000)
  from space 1280K, 0% used [0xa9080000,0xa9080000,0xa91c0000)
  to   space 1280K, 0% used [0xa8f40000,0xa8f40000,0xa9080000)
 ParOldGen       total 20736K, used 0K [0x93240000, 0x94680000, 0xa8780000)
  object space 20736K, 0% used [0x93240000,0x93240000,0x94680000)
 PSPermGen       total 16384K, used 3817K [0x8b240000, 0x8c240000, 0x93240000)
  object space 16384K, 23% used [0x8b240000,0x8b5fa638,0x8c240000)
Event: 564.777 GC heap after
Heap after GC invocations=1 (full 0):
 PSYoungGen      total 9216K, used 733K [0xa8780000, 0xa91c0000, 0xb3240000)
  eden space 7936K, 0% used [0xa8780000,0xa8780000,0xa8f40000)
  from space 1280K, 57% used [0xa8f40000,0xa8ff7660,0xa9080000)
  to   space 1280K, 0% used [0xa9080000,0xa9080000,0xa91c0000)
 ParOldGen       total 20736K, used 4K [0x93240000, 0x94680000, 0xa8780000)
  object space 20736K, 0% used [0x93240000,0x93241000,0x94680000)
 PSPermGen       total 16384K, used 3817K [0x8b240000, 0x8c240000, 0x93240000)
  object space 16384K, 23% used [0x8b240000,0x8b5fa638,0x8c240000)
}

Deoptimization events (0 events):
No events

Internal exceptions (10 events):
Event: 0.374 Thread 0xb6307800 Threw 0xa89a20e0 at /build/openjdk-7-OXg_HK/openjdk-7-7u79-2.5.6/build/openjdk/hotspot/src/share/vm/prims/jvm.cpp:1284
Event: 0.375 Thread 0xb6307800 Threw 0xa89a6f58 at /build/openjdk-7-OXg_HK/openjdk-7-7u79-2.5.6/build/openjdk/hotspot/src/share/vm/prims/jvm.cpp:1284
Event: 0.379 Thread 0xb6307800 Threw 0xa89aabe0 at /build/openjdk-7-OXg_HK/openjdk-7-7u79-2.5.6/build/openjdk/hotspot/src/share/vm/prims/jvm.cpp:1284
Event: 0.380 Thread 0xb6307800 Threw 0xa89aede8 at /build/openjdk-7-OXg_HK/openjdk-7-7u79-2.5.6/build/openjdk/hotspot/src/share/vm/prims/jvm.cpp:1284
Event: 0.386 Thread 0xb6307800 Threw 0xa89b40a8 at /build/openjdk-7-OXg_HK/openjdk-7-7u79-2.5.6/build/openjdk/hotspot/src/share/vm/prims/jvm.cpp:1284
Event: 0.387 Thread 0xb6307800 Threw 0xa89b8b38 at /build/openjdk-7-OXg_HK/openjdk-7-7u79-2.5.6/build/openjdk/hotspot/src/share/vm/prims/jvm.cpp:1284
Event: 0.388 Thread 0xb6307800 Threw 0xa89bd828 at /build/openjdk-7-OXg_HK/openjdk-7-7u79-2.5.6/build/openjdk/hotspot/src/share/vm/prims/jvm.cpp:1284
Event: 0.389 Thread 0xb6307800 Threw 0xa89c5328 at /build/openjdk-7-OXg_HK/openjdk-7-7u79-2.5.6/build/openjdk/hotspot/src/share/vm/prims/jvm.cpp:1284
Event: 2.118 Thread 0xb6307800 Threw 0xa89d7b90 at /build/openjdk-7-OXg_HK/openjdk-7-7u79-2.5.6/build/openjdk/hotspot/src/share/vm/prims/jni.cpp:721
Event: 220.045 Thread 0x08314c00 Threw 0xa8bb2028 at /build/openjdk-7-OXg_HK/openjdk-7-7u79-2.5.6/build/openjdk/hotspot/src/share/vm/prims/jvm.cpp:1284

Events (10 events):
Event: 220.045 loading class 0x8926d368
Event: 220.045 loading class 0x8926d368 done
Event: 265.008 loading class 0x8923e928
Event: 265.008 loading class 0x8923e928 done
Event: 564.771 Executing VM operation: ParallelGCFailedAllocation
Event: 564.777 Executing VM operation: ParallelGCFailedAllocation done
Event: 564.782 Executing VM operation: RevokeBias
Event: 564.782 Executing VM operation: RevokeBias done
Event: 564.782 Executing VM operation: RevokeBias
Event: 564.782 Executing VM operation: RevokeBias done


Dynamic libraries:
08048000-08049000 r-xp 00000000 08:06 1328247    /usr/lib/jvm/java-7-openjdk-i386/jre/bin/java
08049000-0804a000 r--p 00000000 08:06 1328247    /usr/lib/jvm/java-7-openjdk-i386/jre/bin/java
0804a000-0804b000 rw-p 00001000 08:06 1328247    /usr/lib/jvm/java-7-openjdk-i386/jre/bin/java
082cd000-08441000 rw-p 00000000 00:00 0          [heap]
88500000-885d3000 rw-p 00000000 00:00 0 
885d3000-88600000 ---p 00000000 00:00 0 
886d2000-886d5000 ---p 00000000 00:00 0 
886d5000-88723000 rw-p 00000000 00:00 0          [stack:15559]
88723000-8875f000 r-xp 00000000 08:06 1706702    /lib/i386-linux-gnu/libpcre.so.3.13.1
8875f000-88760000 r--p 0003b000 08:06 1706702    /lib/i386-linux-gnu/libpcre.so.3.13.1
88760000-88761000 rw-p 0003c000 08:06 1706702    /lib/i386-linux-gnu/libpcre.so.3.13.1
88761000-88774000 r-xp 00000000 08:06 1733007    /lib/i386-linux-gnu/libresolv-2.19.so
88774000-88775000 ---p 00013000 08:06 1733007    /lib/i386-linux-gnu/libresolv-2.19.so
88775000-88776000 r--p 00013000 08:06 1733007    /lib/i386-linux-gnu/libresolv-2.19.so
88776000-88777000 rw-p 00014000 08:06 1733007    /lib/i386-linux-gnu/libresolv-2.19.so
88777000-88779000 rw-p 00000000 00:00 0 
88779000-88799000 r-xp 00000000 08:06 1705079    /lib/i386-linux-gnu/libselinux.so.1
88799000-8879a000 r--p 0001f000 08:06 1705079    /lib/i386-linux-gnu/libselinux.so.1
8879a000-8879b000 rw-p 00020000 08:06 1705079    /lib/i386-linux-gnu/libselinux.so.1
8879b000-8879c000 rw-p 00000000 00:00 0 
8879c000-888a6000 r-xp 00000000 08:06 1710653    /lib/i386-linux-gnu/libglib-2.0.so.0.4002.0
888a6000-888a7000 r--p 00109000 08:06 1710653    /lib/i386-linux-gnu/libglib-2.0.so.0.4002.0
888a7000-888a8000 rw-p 0010a000 08:06 1710653    /lib/i386-linux-gnu/libglib-2.0.so.0.4002.0
888a8000-888f8000 r-xp 00000000 08:06 1311107    /usr/lib/i386-linux-gnu/libgobject-2.0.so.0.4002.0
888f8000-888f9000 r--p 0004f000 08:06 1311107    /usr/lib/i386-linux-gnu/libgobject-2.0.so.0.4002.0
888f9000-888fa000 rw-p 00050000 08:06 1311107    /usr/lib/i386-linux-gnu/libgobject-2.0.so.0.4002.0
888fa000-88a77000 r-xp 00000000 08:06 1311176    /usr/lib/i386-linux-gnu/libgio-2.0.so.0.4002.0
88a77000-88a79000 r--p 0017d000 08:06 1311176    /usr/lib/i386-linux-gnu/libgio-2.0.so.0.4002.0
88a79000-88a7a000 rw-p 0017f000 08:06 1311176    /usr/lib/i386-linux-gnu/libgio-2.0.so.0.4002.0
88a7a000-88a7b000 rw-p 00000000 00:00 0 
88a7b000-88a7e000 ---p 00000000 00:00 0 
88a7e000-88acc000 rw-p 00000000 00:00 0          [stack:15558]
88acc000-88bfc000 r-xp 00000000 08:06 1316030    /usr/lib/i386-linux-gnu/libX11.so.6.3.0
88bfc000-88bfd000 r--p 00130000 08:06 1316030    /usr/lib/i386-linux-gnu/libX11.so.6.3.0
88bfd000-88bff000 rw-p 00131000 08:06 1316030    /usr/lib/i386-linux-gnu/libX11.so.6.3.0
88bff000-88c00000 rw-p 00000000 00:00 0 
88c00000-88c89000 rw-p 00000000 00:00 0 
88c89000-88d00000 ---p 00000000 00:00 0 
88d0b000-88d12000 r--s 00000000 08:06 1312905    /usr/lib/i386-linux-gnu/gconv/gconv-modules.cache
88d12000-88d17000 r-xp 00000000 08:06 1733003    /lib/i386-linux-gnu/libnss_dns-2.19.so
88d17000-88d18000 r--p 00004000 08:06 1733003    /lib/i386-linux-gnu/libnss_dns-2.19.so
88d18000-88d19000 rw-p 00005000 08:06 1733003    /lib/i386-linux-gnu/libnss_dns-2.19.so
88d19000-88d1b000 r-xp 00000000 08:06 1705030    /lib/i386-linux-gnu/libnss_mdns4_minimal.so.2
88d1b000-88d1c000 r--p 00001000 08:06 1705030    /lib/i386-linux-gnu/libnss_mdns4_minimal.so.2
88d1c000-88d1d000 rw-p 00002000 08:06 1705030    /lib/i386-linux-gnu/libnss_mdns4_minimal.so.2
88d1d000-88d23000 r--s 0003f000 08:06 1311200    /usr/lib/jvm/java-7-openjdk-i386/jre/lib/commons-net-3.3.jar
88d23000-88d3a000 r-xp 00000000 08:06 1322445    /usr/lib/jvm/java-7-openjdk-i386/jre/lib/i386/libnet.so
88d3a000-88d3b000 r--p 00017000 08:06 1322445    /usr/lib/jvm/java-7-openjdk-i386/jre/lib/i386/libnet.so
88d3b000-88d3c000 rw-p 00018000 08:06 1322445    /usr/lib/jvm/java-7-openjdk-i386/jre/lib/i386/libnet.so
88d3c000-88d41000 r-xp 00000000 08:06 1316045    /usr/lib/i386-linux-gnu/libXdmcp.so.6.0.0
88d41000-88d42000 r--p 00004000 08:06 1316045    /usr/lib/i386-linux-gnu/libXdmcp.so.6.0.0
88d42000-88d43000 rw-p 00005000 08:06 1316045    /usr/lib/i386-linux-gnu/libXdmcp.so.6.0.0
88d43000-88d63000 r-xp 00000000 08:06 1317100    /usr/lib/i386-linux-gnu/libxcb.so.1.1.0
88d63000-88d64000 r--p 0001f000 08:06 1317100    /usr/lib/i386-linux-gnu/libxcb.so.1.1.0
88d64000-88d65000 rw-p 00020000 08:06 1317100    /usr/lib/i386-linux-gnu/libxcb.so.1.1.0
88d65000-88d7b000 r-xp 00000000 08:06 1315905    /usr/lib/i386-linux-gnu/libICE.so.6.3.0
88d7b000-88d7c000 r--p 00015000 08:06 1315905    /usr/lib/i386-linux-gnu/libICE.so.6.3.0
88d7c000-88d7d000 rw-p 00016000 08:06 1315905    /usr/lib/i386-linux-gnu/libICE.so.6.3.0
88d7d000-88d7f000 rw-p 00000000 00:00 0 
88d7f000-88dd7000 r-xp 00000000 08:06 1316073    /usr/lib/i386-linux-gnu/libXt.so.6.0.0
88dd7000-88dd8000 r--p 00058000 08:06 1316073    /usr/lib/i386-linux-gnu/libXt.so.6.0.0
88dd8000-88ddb000 rw-p 00059000 08:06 1316073    /usr/lib/i386-linux-gnu/libXt.so.6.0.0
88ddb000-88ddc000 ---p 00000000 00:00 0 
88ddc000-88e5c000 rw-p 00000000 00:00 0          [stack:15557]
88e5c000-88e5f000 ---p 00000000 00:00 0 
88e5f000-88ead000 rw-p 00000000 00:00 0          [stack:15556]
88ead000-88eb0000 ---p 00000000 00:00 0 
88eb0000-88f2e000 rw-p 00000000 00:00 0          [stack:15555]
88f2e000-88f31000 ---p 00000000 00:00 0 
88f31000-88faf000 rw-p 00000000 00:00 0          [stack:15554]
88faf000-88fb2000 ---p 00000000 00:00 0 
88fb2000-89000000 rw-p 00000000 00:00 0          [stack:15553]
89000000-89200000 r--p 00000000 08:06 1320544    /usr/lib/locale/locale-archive
89200000-892fe000 rw-p 00000000 00:00 0 
892fe000-89300000 ---p 00000000 00:00 0 
89303000-89305000 r-xp 00000000 08:06 1316034    /usr/lib/i386-linux-gnu/libXau.so.6.0.0
89305000-89306000 r--p 00001000 08:06 1316034    /usr/lib/i386-linux-gnu/libXau.so.6.0.0
89306000-89307000 rw-p 00002000 08:06 1316034    /usr/lib/i386-linux-gnu/libXau.so.6.0.0
89307000-8930b000 r-xp 00000000 08:06 1710322    /lib/i386-linux-gnu/libuuid.so.1.3.0
8930b000-8930c000 r--p 00003000 08:06 1710322    /lib/i386-linux-gnu/libuuid.so.1.3.0
8930c000-8930d000 rw-p 00004000 08:06 1710322    /lib/i386-linux-gnu/libuuid.so.1.3.0
8930e000-89313000 r-xp 00000000 08:06 1316312    /usr/lib/i386-linux-gnu/libffi.so.6.0.1
89313000-89314000 r--p 00005000 08:06 1316312    /usr/lib/i386-linux-gnu/libffi.so.6.0.1
89314000-89315000 rw-p 00006000 08:06 1316312    /usr/lib/i386-linux-gnu/libffi.so.6.0.1
89315000-89318000 r-xp 00000000 08:06 1319365    /usr/lib/i386-linux-gnu/libgmodule-2.0.so.0.4002.0
89318000-89319000 r--p 00002000 08:06 1319365    /usr/lib/i386-linux-gnu/libgmodule-2.0.so.0.4002.0
89319000-8931a000 rw-p 00003000 08:06 1319365    /usr/lib/i386-linux-gnu/libgmodule-2.0.so.0.4002.0
8931a000-8932b000 r-xp 00000000 08:06 1326815    /usr/lib/jvm/java-7-openjdk-i386/jre/lib/i386/libnio.so
8932b000-8932c000 r--p 00010000 08:06 1326815    /usr/lib/jvm/java-7-openjdk-i386/jre/lib/i386/libnio.so
8932c000-8932d000 rw-p 00011000 08:06 1326815    /usr/lib/jvm/java-7-openjdk-i386/jre/lib/i386/libnio.so
8932d000-89330000 ---p 00000000 00:00 0 
89330000-8937e000 rw-p 00000000 00:00 0          [stack:15552]
8937e000-89381000 ---p 00000000 00:00 0 
89381000-893cf000 rw-p 00000000 00:00 0          [stack:15551]
893cf000-89580000 r--s 01d29000 08:06 1314785    /usr/lib/jvm/java-7-openjdk-i386/jre/lib/rt.jar
89580000-8ac00000 rw-p 00000000 00:00 0 
8ac00000-8ace6000 rw-p 00000000 00:00 0 
8ace6000-8ad00000 ---p 00000000 00:00 0 
8ad03000-8ad14000 r-xp 00000000 08:06 1320163    /usr/lib/i386-linux-gnu/libXext.so.6.4.0
8ad14000-8ad15000 r--p 00010000 08:06 1320163    /usr/lib/i386-linux-gnu/libXext.so.6.4.0
8ad15000-8ad16000 rw-p 00011000 08:06 1320163    /usr/lib/i386-linux-gnu/libXext.so.6.4.0
8ad16000-8ad22000 r-xp 00000000 08:06 1086687    /tmp/libJNativeHook-2.0.2.so
8ad22000-8ad23000 r--p 0000b000 08:06 1086687    /tmp/libJNativeHook-2.0.2.so
8ad23000-8ad24000 rw-p 0000c000 08:06 1086687    /tmp/libJNativeHook-2.0.2.so
8ad24000-8ad25000 ---p 00000000 00:00 0 
8ad25000-8ae00000 rw-p 00000000 00:00 0          [stack:15550]
8ae00000-8ae21000 rw-p 00000000 00:00 0 
8ae21000-8af00000 ---p 00000000 00:00 0 
8af00000-8af07000 r-xp 00000000 08:06 1316026    /usr/lib/i386-linux-gnu/libSM.so.6.0.1
8af07000-8af08000 r--p 00006000 08:06 1316026    /usr/lib/i386-linux-gnu/libSM.so.6.0.1
8af08000-8af09000 rw-p 00007000 08:06 1316026    /usr/lib/i386-linux-gnu/libSM.so.6.0.1
8af09000-8af52000 rw-p 00000000 00:00 0 
8af52000-8af53000 ---p 00000000 00:00 0 
8af53000-8afd3000 rw-p 00000000 00:00 0          [stack:15549]
8afd3000-8afd4000 ---p 00000000 00:00 0 
8afd4000-8b05f000 rw-p 00000000 00:00 0          [stack:15548]
8b05f000-8b0ff000 rw-p 00000000 00:00 0 
8b0ff000-8b107000 rw-p 00000000 00:00 0 
8b107000-8b13f000 rw-p 00000000 00:00 0 
8b13f000-8b14a000 rw-p 00000000 00:00 0 
8b14a000-8b1e9000 rw-p 00000000 00:00 0 
8b1e9000-8b1ef000 rw-p 00000000 00:00 0 
8b1ef000-8b23f000 rw-p 00000000 00:00 0 
8b23f000-8c240000 rw-p 00000000 00:00 0 
8c240000-93240000 rw-p 00000000 00:00 0 
93240000-94680000 rw-p 00000000 00:00 0 
94680000-a8780000 rw-p 00000000 00:00 0 
a8780000-a91c0000 rw-p 00000000 00:00 0 
a91c0000-b3240000 rw-p 00000000 00:00 0 
b3240000-b3249000 rw-p 00000000 00:00 0 
b3249000-b3300000 rw-p 00000000 00:00 0 
b3300000-b3540000 rwxp 00000000 00:00 0 
b3540000-b63fd000 rw-p 00000000 00:00 0 
b63fd000-b6400000 ---p 00000000 00:00 0 
b6401000-b6406000 r-xp 00000000 08:06 1316075    /usr/lib/i386-linux-gnu/libXtst.so.6.1.0
b6406000-b6407000 r--p 00004000 08:06 1316075    /usr/lib/i386-linux-gnu/libXtst.so.6.1.0
b6407000-b6408000 rw-p 00005000 08:06 1316075    /usr/lib/i386-linux-gnu/libXtst.so.6.1.0
b6408000-b640a000 r-xp 00000000 08:06 1316057    /usr/lib/i386-linux-gnu/libXinerama.so.1.0.0
b640a000-b640b000 r--p 00001000 08:06 1316057    /usr/lib/i386-linux-gnu/libXinerama.so.1.0.0
b640b000-b640c000 rw-p 00002000 08:06 1316057    /usr/lib/i386-linux-gnu/libXinerama.so.1.0.0
b640c000-b6411000 r--s 0004d000 08:06 1314792    /usr/lib/jvm/java-7-openjdk-i386/jre/lib/jsse.jar
b6411000-b6413000 r--s 0002e000 08:06 1373262    /usr/lib/jvm/java-7-openjdk-i386/jre/lib/jnativehook-2.0.2.jar
b6413000-b6415000 r--s 00006000 08:06 1598237    /usr/share/java/java-atk-wrapper.jar
b6415000-b642c000 rw-p 00000000 00:00 0 
b642c000-b6464000 rw-p 00000000 00:00 0 
b6464000-b646f000 r-xp 00000000 08:06 1733009    /lib/i386-linux-gnu/libnss_files-2.19.so
b646f000-b6470000 r--p 0000a000 08:06 1733009    /lib/i386-linux-gnu/libnss_files-2.19.so
b6470000-b6471000 rw-p 0000b000 08:06 1733009    /lib/i386-linux-gnu/libnss_files-2.19.so
b6471000-b647b000 r-xp 00000000 08:06 1732977    /lib/i386-linux-gnu/libnss_nis-2.19.so
b647b000-b647c000 r--p 00009000 08:06 1732977    /lib/i386-linux-gnu/libnss_nis-2.19.so
b647c000-b647d000 rw-p 0000a000 08:06 1732977    /lib/i386-linux-gnu/libnss_nis-2.19.so
b647d000-b6492000 r-xp 00000000 08:06 1732978    /lib/i386-linux-gnu/libnsl-2.19.so
b6492000-b6493000 r--p 00015000 08:06 1732978    /lib/i386-linux-gnu/libnsl-2.19.so
b6493000-b6494000 rw-p 00016000 08:06 1732978    /lib/i386-linux-gnu/libnsl-2.19.so
b6494000-b6496000 rw-p 00000000 00:00 0 
b6496000-b649a000 r--s 00085000 08:06 1326839    /usr/lib/jvm/java-7-openjdk-i386/jre/lib/ext/localedata.jar
b649a000-b649c000 r--s 00012000 08:06 1326851    /usr/lib/jvm/java-7-openjdk-i386/jre/lib/ext/zipfs.jar
b649c000-b64a0000 r--s 0003c000 08:06 1326847    /usr/lib/jvm/java-7-openjdk-i386/jre/lib/ext/sunpkcs11.jar
b64a0000-b64a4000 r--s 00034000 08:06 1326843    /usr/lib/jvm/java-7-openjdk-i386/jre/lib/ext/sunjce_provider.jar
b64a4000-b64ac000 r-xp 00000000 08:06 1316744    /usr/lib/jvm/java-7-openjdk-i386/jre/lib/i386/libzip.so
b64ac000-b64ad000 r--p 00007000 08:06 1316744    /usr/lib/jvm/java-7-openjdk-i386/jre/lib/i386/libzip.so
b64ad000-b64ae000 rw-p 00008000 08:06 1316744    /usr/lib/jvm/java-7-openjdk-i386/jre/lib/i386/libzip.so
b64ae000-b64b6000 rw-s 00000000 08:06 1087007    /tmp/hsperfdata_soumya/15541
b64b6000-b64dd000 r-xp 00000000 08:06 1326825    /usr/lib/jvm/java-7-openjdk-i386/jre/lib/i386/libjava.so
b64dd000-b64de000 r--p 00026000 08:06 1326825    /usr/lib/jvm/java-7-openjdk-i386/jre/lib/i386/libjava.so
b64de000-b64df000 rw-p 00027000 08:06 1326825    /usr/lib/jvm/java-7-openjdk-i386/jre/lib/i386/libjava.so
b64df000-b64e6000 r-xp 00000000 08:06 1733010    /lib/i386-linux-gnu/librt-2.19.so
b64e6000-b64e7000 r--p 00006000 08:06 1733010    /lib/i386-linux-gnu/librt-2.19.so
b64e7000-b64e8000 rw-p 00007000 08:06 1733010    /lib/i386-linux-gnu/librt-2.19.so
b64e8000-b64eb000 ---p 00000000 00:00 0 
b64eb000-b6539000 rw-p 00000000 00:00 0          [stack:15544]
b6539000-b6555000 r-xp 00000000 08:06 1704926    /lib/i386-linux-gnu/libgcc_s.so.1
b6555000-b6556000 rw-p 0001b000 08:06 1704926    /lib/i386-linux-gnu/libgcc_s.so.1
b6556000-b659a000 r-xp 00000000 08:06 1732983    /lib/i386-linux-gnu/libm-2.19.so
b659a000-b659b000 r--p 00043000 08:06 1732983    /lib/i386-linux-gnu/libm-2.19.so
b659b000-b659c000 rw-p 00044000 08:06 1732983    /lib/i386-linux-gnu/libm-2.19.so
b659c000-b6678000 r-xp 00000000 08:06 1314969    /usr/lib/i386-linux-gnu/libstdc++.so.6.0.19
b6678000-b667c000 r--p 000dc000 08:06 1314969    /usr/lib/i386-linux-gnu/libstdc++.so.6.0.19
b667c000-b667d000 rw-p 000e0000 08:06 1314969    /usr/lib/i386-linux-gnu/libstdc++.so.6.0.19
b667d000-b6684000 rw-p 00000000 00:00 0 
b6684000-b7073000 r-xp 00000000 08:06 1320160    /usr/lib/jvm/java-7-openjdk-i386/jre/lib/i386/server/libjvm.so
b7073000-b70c5000 r--p 009ee000 08:06 1320160    /usr/lib/jvm/java-7-openjdk-i386/jre/lib/i386/server/libjvm.so
b70c5000-b70d9000 rw-p 00a40000 08:06 1320160    /usr/lib/jvm/java-7-openjdk-i386/jre/lib/i386/server/libjvm.so
b70d9000-b74f6000 rw-p 00000000 00:00 0 
b74f6000-b750e000 r-xp 00000000 08:06 1705112    /lib/i386-linux-gnu/libz.so.1.2.8
b750e000-b750f000 r--p 00017000 08:06 1705112    /lib/i386-linux-gnu/libz.so.1.2.8
b750f000-b7510000 rw-p 00018000 08:06 1705112    /lib/i386-linux-gnu/libz.so.1.2.8
b7510000-b7511000 rw-p 00000000 00:00 0 
b7511000-b7529000 r-xp 00000000 08:06 1733005    /lib/i386-linux-gnu/libpthread-2.19.so
b7529000-b752a000 r--p 00018000 08:06 1733005    /lib/i386-linux-gnu/libpthread-2.19.so
b752a000-b752b000 rw-p 00019000 08:06 1733005    /lib/i386-linux-gnu/libpthread-2.19.so
b752b000-b752d000 rw-p 00000000 00:00 0 
b752d000-b7530000 r-xp 00000000 08:06 1732974    /lib/i386-linux-gnu/libdl-2.19.so
b7530000-b7531000 r--p 00002000 08:06 1732974    /lib/i386-linux-gnu/libdl-2.19.so
b7531000-b7532000 rw-p 00003000 08:06 1732974    /lib/i386-linux-gnu/libdl-2.19.so
b7532000-b76da000 r-xp 00000000 08:06 1728717    /lib/i386-linux-gnu/libc-2.19.so
b76da000-b76dc000 r--p 001a8000 08:06 1728717    /lib/i386-linux-gnu/libc-2.19.so
b76dc000-b76dd000 rw-p 001aa000 08:06 1728717    /lib/i386-linux-gnu/libc-2.19.so
b76dd000-b76e0000 rw-p 00000000 00:00 0 
b76e0000-b76e1000 r--s 00002000 08:06 1326841    /usr/lib/jvm/java-7-openjdk-i386/jre/lib/ext/dnsns.jar
b76e1000-b76e4000 r--s 0000f000 08:06 1326849    /usr/lib/jvm/java-7-openjdk-i386/jre/lib/ext/icedtea-sound.jar
b76e4000-b76e5000 r--p 00850000 08:06 1320544    /usr/lib/locale/locale-archive
b76e5000-b76ec000 r-xp 00000000 08:06 1732984    /lib/i386-linux-gnu/libnss_compat-2.19.so
b76ec000-b76ed000 r--p 00006000 08:06 1732984    /lib/i386-linux-gnu/libnss_compat-2.19.so
b76ed000-b76ee000 rw-p 00007000 08:06 1732984    /lib/i386-linux-gnu/libnss_compat-2.19.so
b76ee000-b76ef000 rw-p 00000000 00:00 0 
b76ef000-b76f0000 r--p 00000000 00:00 0 
b76f0000-b76fe000 r-xp 00000000 08:06 1322192    /usr/lib/jvm/java-7-openjdk-i386/jre/lib/i386/libverify.so
b76fe000-b76ff000 r--p 0000d000 08:06 1322192    /usr/lib/jvm/java-7-openjdk-i386/jre/lib/i386/libverify.so
b76ff000-b7700000 rw-p 0000e000 08:06 1322192    /usr/lib/jvm/java-7-openjdk-i386/jre/lib/i386/libverify.so
b7700000-b770c000 r-xp 00000000 08:06 1316787    /usr/lib/jvm/java-7-openjdk-i386/jre/lib/i386/jli/libjli.so
b770c000-b770d000 r--p 0000c000 08:06 1316787    /usr/lib/jvm/java-7-openjdk-i386/jre/lib/i386/jli/libjli.so
b770d000-b770e000 rw-p 0000d000 08:06 1316787    /usr/lib/jvm/java-7-openjdk-i386/jre/lib/i386/jli/libjli.so
b770e000-b7711000 rw-p 00000000 00:00 0 
b7711000-b7712000 r-xp 00000000 00:00 0          [vdso]
b7712000-b7732000 r-xp 00000000 08:06 1732976    /lib/i386-linux-gnu/ld-2.19.so
b7732000-b7733000 r--p 0001f000 08:06 1732976    /lib/i386-linux-gnu/ld-2.19.so
b7733000-b7734000 rw-p 00020000 08:06 1732976    /lib/i386-linux-gnu/ld-2.19.so
bf8c7000-bf8c8000 rwxp 00000000 00:00 0 
bf8fa000-bf91b000 rw-p 00000000 00:00 0          [stack]

VM Arguments:
jvm_args: -Dfile.encoding=UTF-8 
java_command: GlobalMouseListenerExample
Launcher Type: SUN_STANDARD

Environment Variables:
PATH=/usr/local/sbin:/usr/local/bin:/usr/sbin:/usr/bin:/sbin:/bin:/usr/games:/usr/local/games
LD_LIBRARY_PATH=/usr/lib/jvm/java-7-openjdk-i386/jre/lib/i386/server:/usr/lib/jvm/java-7-openjdk-i386/jre/lib/i386:/usr/lib/jvm/java-7-openjdk-i386/jre/../lib/i386:/usr/lib/jvm/java-7-openjdk-i386/jre/lib/i386/client:/usr/lib/jvm/java-7-openjdk-i386/jre/lib/i386:
SHELL=/bin/bash
DISPLAY=:0

Signal Handlers:
SIGSEGV: [libjvm.so+0x80cb90], sa_mask[0]=0x7ffbfeff, sa_flags=0x10000004
SIGBUS: [libjvm.so+0x80cb90], sa_mask[0]=0x7ffbfeff, sa_flags=0x10000004
SIGFPE: [libjvm.so+0x684e30], sa_mask[0]=0x7ffbfeff, sa_flags=0x10000004
SIGPIPE: [libjvm.so+0x684e30], sa_mask[0]=0x7ffbfeff, sa_flags=0x10000004
SIGXFSZ: [libjvm.so+0x684e30], sa_mask[0]=0x7ffbfeff, sa_flags=0x10000004
SIGILL: [libjvm.so+0x684e30], sa_mask[0]=0x7ffbfeff, sa_flags=0x10000004
SIGUSR1: SIG_DFL, sa_mask[0]=0x00000000, sa_flags=0x00000000
SIGUSR2: [libjvm.so+0x684cc0], sa_mask[0]=0x00000004, sa_flags=0x10000004
SIGHUP: [libjvm.so+0x684ef0], sa_mask[0]=0x7ffbfeff, sa_flags=0x10000004
SIGINT: [libjvm.so+0x684ef0], sa_mask[0]=0x7ffbfeff, sa_flags=0x10000004
SIGTERM: [libjvm.so+0x684ef0], sa_mask[0]=0x7ffbfeff, sa_flags=0x10000004
SIGQUIT: [libjvm.so+0x684ef0], sa_mask[0]=0x7ffbfeff, sa_flags=0x10000004
SIGTRAP: SIG_DFL, sa_mask[0]=0x00000000, sa_flags=0x00000000


---------------  S Y S T E M  ---------------

OS:Ubuntu 14.04 (trusty)
uname:Linux 3.13.0-63-generic #103-Ubuntu SMP Fri Aug 14 21:43:30 UTC 2015 i686
libc:glibc 2.19 NPTL 2.19 
rlimit: STACK 8192k, CORE 0k, NPROC 15433, NOFILE 4096, AS infinity
load average:0.32 0.43 0.47

/proc/meminfo:
MemTotal:        1994772 kB
MemFree:          196108 kB
Buffers:           26356 kB
Cached:           663520 kB
SwapCached:        39692 kB
Active:           916080 kB
Inactive:         790740 kB
Active(anon):     608012 kB
Inactive(anon):   610204 kB
Active(file):     308068 kB
Inactive(file):   180536 kB
Unevictable:          32 kB
Mlocked:              32 kB
HighTotal:       1113688 kB
HighFree:          28028 kB
LowTotal:         881084 kB
LowFree:          168080 kB
SwapTotal:       2928636 kB
SwapFree:        2532724 kB
Dirty:              1048 kB
Writeback:             0 kB
AnonPages:        991172 kB
Mapped:           150552 kB
Shmem:            201272 kB
Slab:              51736 kB
SReclaimable:      31584 kB
SUnreclaim:        20152 kB
KernelStack:        4488 kB
PageTables:        13672 kB
NFS_Unstable:          0 kB
Bounce:                0 kB
WritebackTmp:          0 kB
CommitLimit:     3926020 kB
Committed_AS:    7010744 kB
VmallocTotal:     122880 kB
VmallocUsed:       14792 kB
VmallocChunk:      98884 kB
HardwareCorrupted:     0 kB
AnonHugePages:    243712 kB
HugePages_Total:       0
HugePages_Free:        0
HugePages_Rsvd:        0
HugePages_Surp:        0
Hugepagesize:       2048 kB
DirectMap4k:       28664 kB
DirectMap2M:      884736 kB


CPU:total 2 (2 cores per cpu, 1 threads per core) family 6 model 15 stepping 13, cmov, cx8, fxsr, mmx, sse, sse2, sse3, ssse3, tsc

/proc/cpuinfo:
processor	: 0
vendor_id	: GenuineIntel
cpu family	: 6
model		: 15
model name	: Intel(R) Pentium(R) Dual  CPU  T3400  @ 2.16GHz
stepping	: 13
microcode	: 0xa3
cpu MHz		: 2166.000
cache size	: 1024 KB
physical id	: 0
siblings	: 2
core id		: 0
cpu cores	: 2
apicid		: 0
initial apicid	: 0
fdiv_bug	: no
f00f_bug	: no
coma_bug	: no
fpu		: yes
fpu_exception	: yes
cpuid level	: 10
wp		: yes
flags		: fpu vme de pse tsc msr pae mce cx8 apic sep mtrr pge mca cmov pat pse36 clflush dts acpi mmx fxsr sse sse2 ss ht tm pbe nx lm constant_tsc arch_perfmon pebs bts aperfmperf pni dtes64 monitor ds_cpl est tm2 ssse3 cx16 xtpr pdcm lahf_lm dtherm
bogomips	: 4322.67
clflush size	: 64
cache_alignment	: 64
address sizes	: 36 bits physical, 48 bits virtual
power management:

processor	: 1
vendor_id	: GenuineIntel
cpu family	: 6
model		: 15
model name	: Intel(R) Pentium(R) Dual  CPU  T3400  @ 2.16GHz
stepping	: 13
microcode	: 0xa3
cpu MHz		: 2166.000
cache size	: 1024 KB
physical id	: 0
siblings	: 2
core id		: 1
cpu cores	: 2
apicid		: 1
initial apicid	: 1
fdiv_bug	: no
f00f_bug	: no
coma_bug	: no
fpu		: yes
fpu_exception	: yes
cpuid level	: 10
wp		: yes
flags		: fpu vme de pse tsc msr pae mce cx8 apic sep mtrr pge mca cmov pat pse36 clflush dts acpi mmx fxsr sse sse2 ss ht tm pbe nx lm constant_tsc arch_perfmon pebs bts aperfmperf pni dtes64 monitor ds_cpl est tm2 ssse3 cx16 xtpr pdcm lahf_lm dtherm
bogomips	: 4322.67
clflush size	: 64
cache_alignment	: 64
address sizes	: 36 bits physical, 48 bits virtual
power management:



Memory: 4k page, physical 1994772k(195984k free), swap 2928636k(2532724k free)

vm_info: OpenJDK Server VM (24.79-b02) for linux-x86 JRE (1.7.0_79-b14), built on Jul 24 2015 08:25:15 by "buildd" with gcc 4.8.2

time: Sun Sep 27 00:15:53 2015
elapsed time: 645 seconds

