#
# A fatal error has been detected by the Java Runtime Environment:
#
#  SIGBUS (0x7) at pc=0x8ae194b0, pid=8313, tid=2294807360
#
# JRE version: OpenJDK Runtime Environment (7.0_79-b14) (build 1.7.0_79-b14)
# Java VM: OpenJDK Server VM (24.79-b02 mixed mode linux-x86 )
# Derivative: IcedTea 2.5.6
# Distribution: Ubuntu 14.04 LTS, package 7u79-2.5.6-0ubuntu1.14.04.1
# Problematic frame:
# 
[error occurred during error reporting (printing problematic frame), id 0x7]

# Failed to write core dump. Core dumps have been disabled. To enable core dumping, try "ulimit -c unlimited" before starting Java again
#
# If you would like to submit a bug report, please include
# instructions on how to reproduce the bug and visit:
#   http://icedtea.classpath.org/bugzilla
# The crash happened outside the Java Virtual Machine in native code.
# See problematic frame for where to report the bug.
#

---------------  T H R E A D  ---------------

Current thread (0x893d9800):  JavaThread "JNativeHook Hook Thread" [_thread_in_native, id=8329, stack(0x88c2f000,0x88c80000)]

siginfo:si_signo=SIGBUS: si_errno=0, si_code=2 (BUS_ADRERR), si_addr=0x8ae194b0

Registers:
EAX=0x00000000, EBX=0x8ae15000, ECX=0x00000008, EDX=0x00000024
ESP=0x88c7ee5c, EBP=0x082ca5ac, ESI=0x88c7eee0, EDI=0x082ca3e0
EIP=0x8ae194b0, EFLAGS=0x00010202, CR2=0x8ae194b0

Top of Stack: (sp=0x88c7ee5c)
0x88c7ee5c:   8ae10519 00000000 082ca3e0 00000044
0x88c7ee6c:   88cde6df 00000000 08239848 00000020
0x88c7ee7c:   88ce20d4 b761e6b7 00000024 00000020
0x88c7ee8c:   00000024 082ca3c8 08239868 00000024
0x88c7ee9c:   082bfe78 88c7eee0 b779c500 8ae10449
0x88c7eeac:   8ae15000 082bfe78 082ca3c8 88c7eee0
0x88c7eebc:   8ae1163d 88c7eee0 082ca5ac 082ca5b4
0x88c7eecc:   8ae194b0 00000000 8ae16528 08274f50 

Instructions: (pc=0x8ae194b0)
0x8ae19490:   
[error occurred during error reporting (printing registers, top of stack, instructions near pc), id 0x7]

Register to memory mapping:

EAX=0x00000000 is an unknown value
EBX=0x8ae15000: <offset 0x6000> in /usr/lib/i386-linux-gnu/libXtst.so.6 at 0x8ae0f000
ECX=0x00000008 is an unknown value
EDX=0x00000024 is an unknown value
ESP=0x88c7ee5c is pointing into the stack for thread: 0x893d9800
EBP=0x082ca5ac is an unknown value
ESI=0x88c7eee0 is pointing into the stack for thread: 0x893d9800
EDI=0x082ca3e0 is an unknown value


Stack: [0x88c2f000,0x88c80000],  sp=0x88c7ee5c,  free space=319k
Native frames: (J=compiled Java code, j=interpreted, Vv=VM code, C=native code)

[error occurred during error reporting (printing native stack), id 0x7]

Java frames: (J=compiled Java code, j=interpreted, Vv=VM code)
j  org.jnativehook.GlobalScreen$NativeHookThread.enable()V+0
j  org.jnativehook.GlobalScreen$NativeHookThread.run()V+6
v  ~StubRoutines::call_stub

---------------  P R O C E S S  ---------------

Java Threads: ( => current thread )
  0xb6407800 JavaThread "DestroyJavaVM" [_thread_blocked, id=8318, stack(0xb655e000,0xb65af000)]
  0x88763800 JavaThread "AWT-XAWT" daemon [_thread_in_native, id=8332, stack(0x8809b000,0x880ec000)]
  0x8875d000 JavaThread "Java2D Disposer" daemon [_thread_blocked, id=8331, stack(0x880ec000,0x8813d000)]
  0x082cac00 JavaThread "JNativeHook Dispatch Thread" daemon [_thread_blocked, id=8330, stack(0x8885f000,0x888b0000)]
=>0x893d9800 JavaThread "JNativeHook Hook Thread" [_thread_in_native, id=8329, stack(0x88c2f000,0x88c80000)]
  0x8932b400 JavaThread "Service Thread" daemon [_thread_blocked, id=8327, stack(0x88eba000,0x88f0b000)]
  0x89329800 JavaThread "C2 CompilerThread1" daemon [_thread_blocked, id=8326, stack(0x88f0b000,0x88f8c000)]
  0x89327400 JavaThread "C2 CompilerThread0" daemon [_thread_blocked, id=8325, stack(0x88f8c000,0x8900d000)]
  0x89325c00 JavaThread "Signal Dispatcher" daemon [_thread_blocked, id=8324, stack(0x8900d000,0x8905e000)]
  0x89314000 JavaThread "Finalizer" daemon [_thread_blocked, id=8323, stack(0x8925e000,0x892af000)]
  0x89312800 JavaThread "Reference Handler" daemon [_thread_blocked, id=8322, stack(0x892af000,0x89300000)]

Other Threads:
  0x89310400 VMThread [stack: 0x8944e000,0x894cf000] [id=8321]
  0x8932d400 WatcherThread [stack: 0x88e39000,0x88eba000] [id=8328]

VM state:not at safepoint (normal execution)

VM Mutex/Monitor currently owned by a thread: None

Heap
 PSYoungGen      total 9216K, used 2933K [0xa8840000, 0xa9280000, 0xb3300000)
  eden space 7936K, 36% used [0xa8840000,0xa8b1d660,0xa9000000)
  from space 1280K, 0% used [0xa9140000,0xa9140000,0xa9280000)
  to   space 1280K, 0% used [0xa9000000,0xa9000000,0xa9140000)
 ParOldGen       total 20736K, used 0K [0x93300000, 0x94740000, 0xa8840000)
  object space 20736K, 0% used [0x93300000,0x93300000,0x94740000)
 PSPermGen       total 16384K, used 4719K [0x8b300000, 0x8c300000, 0x93300000)
  object space 16384K, 28% used [0x8b300000,0x8b79bc60,0x8c300000)

Card table byte_map: [0x8b1bf000,0x8b300000] byte_map_base: 0x8ad65800

Polling page: 0xb7765000

Code Cache  [0xb33da000, 0xb361a000, 0xb63da000)
 total_blobs=209 nmethods=13 adapters=151 free_code_cache=48809Kb largest_free_block=49961280

Compilation events (10 events):
Event: 0.260 Thread 0x89327400 nmethod 8 0xb3422748 code [0xb3422820, 0xb3422870]
Event: 0.278 Thread 0x89329800 nmethod 6 0xb3428308 code [0xb3428420, 0xb3428dbc]
Event: 0.310 Thread 0x89327400    9             java.lang.String::charAt (29 bytes)
Event: 0.311 Thread 0x89327400 nmethod 9 0xb3427a88 code [0xb3427b80, 0xb3427c10]
Event: 0.400 Thread 0x89329800   10             java.lang.String::lastIndexOf (52 bytes)
Event: 0.404 Thread 0x89329800 nmethod 10 0xb3431388 code [0xb3431480, 0xb34315bc]
Event: 0.417 Thread 0x89327400   11             java.lang.Object::<init> (1 bytes)
Event: 0.418 Thread 0x89327400 nmethod 11 0xb342f848 code [0xb342f940, 0xb342f9b0]
Event: 1.013 Thread 0x89327400   12             java.lang.String::equals (81 bytes)
Event: 1.023 Thread 0x89327400 nmethod 12 0xb342ee88 code [0xb342ef80, 0xb342f190]

GC Heap History (0 events):
No events

Deoptimization events (1 events):
Event: 0.322 Thread 0xb6407800 Uncommon trap: reason=class_check action=maybe_recompile pc=0xb3426a3c method=java.util.Properties$LineReader.readLine()I @ 62

Internal exceptions (10 events):
Event: 0.294 Thread 0x893d9800 Threw 0xa898dc10 at /build/openjdk-7-OXg_HK/openjdk-7-7u79-2.5.6/build/openjdk/hotspot/src/share/vm/prims/jvm.cpp:1284
Event: 0.309 Thread 0xb6407800 Threw 0xa89dc070 at /build/openjdk-7-OXg_HK/openjdk-7-7u79-2.5.6/build/openjdk/hotspot/src/share/vm/prims/jvm.cpp:1284
Event: 0.310 Thread 0xb6407800 Threw 0xa89dfa88 at /build/openjdk-7-OXg_HK/openjdk-7-7u79-2.5.6/build/openjdk/hotspot/src/share/vm/prims/jvm.cpp:1284
Event: 0.322 Thread 0xb6407800 Threw 0xa89e77d0 at /build/openjdk-7-OXg_HK/openjdk-7-7u79-2.5.6/build/openjdk/hotspot/src/share/vm/prims/jni.cpp:721
Event: 0.330 Thread 0xb6407800 Threw 0xa89ed078 at /build/openjdk-7-OXg_HK/openjdk-7-7u79-2.5.6/build/openjdk/hotspot/src/share/vm/prims/jvm.cpp:1284
Event: 0.331 Thread 0xb6407800 Threw 0xa89ee640 at /build/openjdk-7-OXg_HK/openjdk-7-7u79-2.5.6/build/openjdk/hotspot/src/share/vm/prims/jvm.cpp:1284
Event: 0.331 Thread 0xb6407800 Threw 0xa89f1490 at /build/openjdk-7-OXg_HK/openjdk-7-7u79-2.5.6/build/openjdk/hotspot/src/share/vm/prims/jvm.cpp:1284
Event: 0.331 Thread 0xb6407800 Threw 0xa89f2ac0 at /build/openjdk-7-OXg_HK/openjdk-7-7u79-2.5.6/build/openjdk/hotspot/src/share/vm/prims/jvm.cpp:1284
Event: 0.366 Thread 0xb6407800 Threw 0xa8a0c4f8 at /build/openjdk-7-OXg_HK/openjdk-7-7u79-2.5.6/build/openjdk/hotspot/src/share/vm/classfile/systemDictionary.cpp:185
Event: 7.641 Thread 0x082cac00 Threw 0xa89ba8a8 at /build/openjdk-7-OXg_HK/openjdk-7-7u79-2.5.6/build/openjdk/hotspot/src/share/vm/prims/jvm.cpp:1284

Events (10 events):
Event: 0.482 loading class 0x8ad68248
Event: 0.482 loading class 0x082965b8
Event: 0.482 loading class 0x082965b8 done
Event: 0.482 loading class 0x8ad68248 done
Event: 0.484 Thread 0xb6407800 Thread exited: 0xb6407800
Event: 0.484 Thread 0xb6407800 Thread added: 0xb6407800
Event: 4.119 Executing VM operation: EnableBiasedLocking
Event: 4.119 Executing VM operation: EnableBiasedLocking done
Event: 7.640 loading class 0x89384b18
Event: 7.640 loading class 0x89384b18 done


Dynamic libraries:
08048000-08049000 r-xp 00000000 08:06 1328247    /usr/lib/jvm/java-7-openjdk-i386/jre/bin/java
08049000-0804a000 r--p 00000000 08:06 1328247    /usr/lib/jvm/java-7-openjdk-i386/jre/bin/java
0804a000-0804b000 rw-p 00001000 08:06 1328247    /usr/lib/jvm/java-7-openjdk-i386/jre/bin/java
08225000-082f7000 rw-p 00000000 00:00 0          [heap]
88088000-88099000 r-xp 00000000 08:06 1326815    /usr/lib/jvm/java-7-openjdk-i386/jre/lib/i386/libnio.so
88099000-8809a000 r--p 00010000 08:06 1326815    /usr/lib/jvm/java-7-openjdk-i386/jre/lib/i386/libnio.so
8809a000-8809b000 rw-p 00011000 08:06 1326815    /usr/lib/jvm/java-7-openjdk-i386/jre/lib/i386/libnio.so
8809b000-8809e000 ---p 00000000 00:00 0 
8809e000-880ec000 rw-p 00000000 00:00 0          [stack:8332]
880ec000-880ef000 ---p 00000000 00:00 0 
880ef000-8813d000 rw-p 00000000 00:00 0          [stack:8331]
8813d000-88140000 r-xp 00000000 08:06 1704982    /lib/i386-linux-gnu/libgpg-error.so.0.10.0
88140000-88141000 r--p 00002000 08:06 1704982    /lib/i386-linux-gnu/libgpg-error.so.0.10.0
88141000-88142000 rw-p 00003000 08:06 1704982    /lib/i386-linux-gnu/libgpg-error.so.0.10.0
88142000-88144000 r-xp 00000000 08:06 1704992    /lib/i386-linux-gnu/libkeyutils.so.1.4
88144000-88145000 r--p 00002000 08:06 1704992    /lib/i386-linux-gnu/libkeyutils.so.1.4
88145000-88146000 rw-p 00003000 08:06 1704992    /lib/i386-linux-gnu/libkeyutils.so.1.4
88146000-8816c000 r-xp 00000000 08:06 1705064    /lib/i386-linux-gnu/libpng12.so.0.50.0
8816c000-8816d000 r--p 00025000 08:06 1705064    /lib/i386-linux-gnu/libpng12.so.0.50.0
8816d000-8816e000 rw-p 00026000 08:06 1705064    /lib/i386-linux-gnu/libpng12.so.0.50.0
8816e000-881b7000 r-xp 00000000 08:06 1705035    /lib/i386-linux-gnu/libdbus-1.so.3.7.6
881b7000-881b8000 r--p 00048000 08:06 1705035    /lib/i386-linux-gnu/libdbus-1.so.3.7.6
881b8000-881b9000 rw-p 00049000 08:06 1705035    /lib/i386-linux-gnu/libdbus-1.so.3.7.6
881b9000-881f0000 r-xp 00000000 08:06 1316761    /usr/lib/i386-linux-gnu/libp11-kit.so.0.0.0
881f0000-881f1000 ---p 00037000 08:06 1316761    /usr/lib/i386-linux-gnu/libp11-kit.so.0.0.0
881f1000-881f4000 r--p 00037000 08:06 1316761    /usr/lib/i386-linux-gnu/libp11-kit.so.0.0.0
881f4000-881f5000 rw-p 0003a000 08:06 1316761    /usr/lib/i386-linux-gnu/libp11-kit.so.0.0.0
881f5000-88207000 r-xp 00000000 08:06 1321233    /usr/lib/i386-linux-gnu/libtasn1.so.6.2.0
88207000-88208000 r--p 00011000 08:06 1321233    /usr/lib/i386-linux-gnu/libtasn1.so.6.2.0
88208000-88209000 rw-p 00012000 08:06 1321233    /usr/lib/i386-linux-gnu/libtasn1.so.6.2.0
88209000-8828b000 r-xp 00000000 08:06 1710819    /lib/i386-linux-gnu/libgcrypt.so.11.8.2
8828b000-8828c000 r--p 00082000 08:06 1710819    /lib/i386-linux-gnu/libgcrypt.so.11.8.2
8828c000-8828e000 rw-p 00083000 08:06 1710819    /lib/i386-linux-gnu/libgcrypt.so.11.8.2
8828e000-8828f000 rw-p 00000000 00:00 0 
8828f000-88299000 r-xp 00000000 08:06 1316822    /usr/lib/i386-linux-gnu/libkrb5support.so.0.1
88299000-8829a000 r--p 00009000 08:06 1316822    /usr/lib/i386-linux-gnu/libkrb5support.so.0.1
8829a000-8829b000 rw-p 0000a000 08:06 1316822    /usr/lib/i386-linux-gnu/libkrb5support.so.0.1
8829b000-882c9000 r-xp 00000000 08:06 1313841    /usr/lib/i386-linux-gnu/libk5crypto.so.3.1
882c9000-882ca000 r--p 0002d000 08:06 1313841    /usr/lib/i386-linux-gnu/libk5crypto.so.3.1
882ca000-882cb000 rw-p 0002e000 08:06 1313841    /usr/lib/i386-linux-gnu/libk5crypto.so.3.1
882cb000-88382000 r-xp 00000000 08:06 1316641    /usr/lib/i386-linux-gnu/libkrb5.so.3.3
88382000-88388000 r--p 000b7000 08:06 1316641    /usr/lib/i386-linux-gnu/libkrb5.so.3.3
88388000-88389000 rw-p 000bd000 08:06 1316641    /usr/lib/i386-linux-gnu/libkrb5.so.3.3
88389000-883ae000 r-xp 00000000 08:06 1706683    /lib/i386-linux-gnu/libexpat.so.1.6.0
883ae000-883af000 ---p 00025000 08:06 1706683    /lib/i386-linux-gnu/libexpat.so.1.6.0
883af000-883b1000 r--p 00025000 08:06 1706683    /lib/i386-linux-gnu/libexpat.so.1.6.0
883b1000-883b2000 rw-p 00027000 08:06 1706683    /lib/i386-linux-gnu/libexpat.so.1.6.0
883b2000-8844d000 r-xp 00000000 08:06 1310861    /usr/lib/i386-linux-gnu/libfreetype.so.6.11.1
8844d000-88451000 r--p 0009a000 08:06 1310861    /usr/lib/i386-linux-gnu/libfreetype.so.6.11.1
88451000-88452000 rw-p 0009e000 08:06 1310861    /usr/lib/i386-linux-gnu/libfreetype.so.6.11.1
88452000-88462000 r-xp 00000000 08:06 1316138    /usr/lib/i386-linux-gnu/libavahi-client.so.3.2.9
88462000-88463000 r--p 0000f000 08:06 1316138    /usr/lib/i386-linux-gnu/libavahi-client.so.3.2.9
88463000-88464000 rw-p 00010000 08:06 1316138    /usr/lib/i386-linux-gnu/libavahi-client.so.3.2.9
88464000-88470000 r-xp 00000000 08:06 1316140    /usr/lib/i386-linux-gnu/libavahi-common.so.3.5.3
88470000-88471000 r--p 0000b000 08:06 1316140    /usr/lib/i386-linux-gnu/libavahi-common.so.3.5.3
88471000-88472000 rw-p 0000c000 08:06 1316140    /usr/lib/i386-linux-gnu/libavahi-common.so.3.5.3
88472000-88533000 r-xp 00000000 08:06 1313122    /usr/lib/i386-linux-gnu/libgnutls.so.26.22.6
88533000-88537000 r--p 000c0000 08:06 1313122    /usr/lib/i386-linux-gnu/libgnutls.so.26.22.6
88537000-88538000 rw-p 000c4000 08:06 1313122    /usr/lib/i386-linux-gnu/libgnutls.so.26.22.6
88538000-8857b000 r-xp 00000000 08:06 1313266    /usr/lib/i386-linux-gnu/libgssapi_krb5.so.2.2
8857b000-8857c000 r--p 00042000 08:06 1313266    /usr/lib/i386-linux-gnu/libgssapi_krb5.so.2.2
8857c000-8857d000 rw-p 00043000 08:06 1313266    /usr/lib/i386-linux-gnu/libgssapi_krb5.so.2.2
8857d000-885b6000 r-xp 00000000 08:06 1316326    /usr/lib/i386-linux-gnu/libfontconfig.so.1.8.0
885b6000-885b7000 r--p 00039000 08:06 1316326    /usr/lib/i386-linux-gnu/libfontconfig.so.1.8.0
885b7000-885b8000 rw-p 0003a000 08:06 1316326    /usr/lib/i386-linux-gnu/libfontconfig.so.1.8.0
885b8000-8861f000 r-xp 00000000 08:06 1311613    /usr/lib/i386-linux-gnu/libcups.so.2
8861f000-88620000 ---p 00067000 08:06 1311613    /usr/lib/i386-linux-gnu/libcups.so.2
88620000-88624000 r--p 00067000 08:06 1311613    /usr/lib/i386-linux-gnu/libcups.so.2
88624000-88625000 rw-p 0006b000 08:06 1311613    /usr/lib/i386-linux-gnu/libcups.so.2
8862a000-8862e000 r-xp 00000000 08:06 1320169    /usr/lib/i386-linux-gnu/libXfixes.so.3.1.0
8862e000-8862f000 r--p 00003000 08:06 1320169    /usr/lib/i386-linux-gnu/libXfixes.so.3.1.0
8862f000-88630000 rw-p 00004000 08:06 1320169    /usr/lib/i386-linux-gnu/libXfixes.so.3.1.0
88630000-88639000 r-xp 00000000 08:06 1316041    /usr/lib/i386-linux-gnu/libXcursor.so.1.0.2
88639000-8863a000 r--p 00008000 08:06 1316041    /usr/lib/i386-linux-gnu/libXcursor.so.1.0.2
8863a000-8863b000 rw-p 00009000 08:06 1316041    /usr/lib/i386-linux-gnu/libXcursor.so.1.0.2
8863b000-88645000 r--s 000ae000 08:06 1314788    /usr/lib/jvm/java-7-openjdk-i386/jre/lib/resources.jar
88645000-886d4000 r-xp 00000000 08:06 1322126    /usr/lib/jvm/java-7-openjdk-i386/jre/lib/i386/libawt.so
886d4000-886d5000 r--p 0008f000 08:06 1322126    /usr/lib/jvm/java-7-openjdk-i386/jre/lib/i386/libawt.so
886d5000-886dc000 rw-p 00090000 08:06 1322126    /usr/lib/jvm/java-7-openjdk-i386/jre/lib/i386/libawt.so
886dc000-88700000 rw-p 00000000 00:00 0 
88700000-88786000 rw-p 00000000 00:00 0 
88786000-88800000 ---p 00000000 00:00 0 
88803000-88811000 r-xp 00000000 08:06 1316048    /usr/lib/i386-linux-gnu/libXi.so.6.1.0
88811000-88812000 r--p 0000e000 08:06 1316048    /usr/lib/i386-linux-gnu/libXi.so.6.1.0
88812000-88813000 rw-p 0000f000 08:06 1316048    /usr/lib/i386-linux-gnu/libXi.so.6.1.0
88813000-8885b000 r-xp 00000000 08:06 1313112    /usr/lib/jvm/java-7-openjdk-i386/jre/lib/i386/xawt/libmawt.so
8885b000-8885c000 r--p 00047000 08:06 1313112    /usr/lib/jvm/java-7-openjdk-i386/jre/lib/i386/xawt/libmawt.so
8885c000-8885e000 rw-p 00048000 08:06 1313112    /usr/lib/jvm/java-7-openjdk-i386/jre/lib/i386/xawt/libmawt.so
8885e000-8885f000 rw-p 00000000 00:00 0 
8885f000-88862000 ---p 00000000 00:00 0 
88862000-888b0000 rw-p 00000000 00:00 0          [stack:8330]
888b0000-888ec000 r-xp 00000000 08:06 1706702    /lib/i386-linux-gnu/libpcre.so.3.13.1
888ec000-888ed000 r--p 0003b000 08:06 1706702    /lib/i386-linux-gnu/libpcre.so.3.13.1
888ed000-888ee000 rw-p 0003c000 08:06 1706702    /lib/i386-linux-gnu/libpcre.so.3.13.1
888ee000-888f3000 r-xp 00000000 08:06 1316312    /usr/lib/i386-linux-gnu/libffi.so.6.0.1
888f3000-888f4000 r--p 00005000 08:06 1316312    /usr/lib/i386-linux-gnu/libffi.so.6.0.1
888f4000-888f5000 rw-p 00006000 08:06 1316312    /usr/lib/i386-linux-gnu/libffi.so.6.0.1
888f5000-88908000 r-xp 00000000 08:06 1733007    /lib/i386-linux-gnu/libresolv-2.19.so
88908000-88909000 ---p 00013000 08:06 1733007    /lib/i386-linux-gnu/libresolv-2.19.so
88909000-8890a000 r--p 00013000 08:06 1733007    /lib/i386-linux-gnu/libresolv-2.19.so
8890a000-8890b000 rw-p 00014000 08:06 1733007    /lib/i386-linux-gnu/libresolv-2.19.so
8890b000-8890d000 rw-p 00000000 00:00 0 
8890d000-8892d000 r-xp 00000000 08:06 1705079    /lib/i386-linux-gnu/libselinux.so.1
8892d000-8892e000 r--p 0001f000 08:06 1705079    /lib/i386-linux-gnu/libselinux.so.1
8892e000-8892f000 rw-p 00020000 08:06 1705079    /lib/i386-linux-gnu/libselinux.so.1
8892f000-88930000 rw-p 00000000 00:00 0 
88930000-88a3a000 r-xp 00000000 08:06 1710653    /lib/i386-linux-gnu/libglib-2.0.so.0.4002.0
88a3a000-88a3b000 r--p 00109000 08:06 1710653    /lib/i386-linux-gnu/libglib-2.0.so.0.4002.0
88a3b000-88a3c000 rw-p 0010a000 08:06 1710653    /lib/i386-linux-gnu/libglib-2.0.so.0.4002.0
88a3c000-88a8c000 r-xp 00000000 08:06 1311107    /usr/lib/i386-linux-gnu/libgobject-2.0.so.0.4002.0
88a8c000-88a8d000 r--p 0004f000 08:06 1311107    /usr/lib/i386-linux-gnu/libgobject-2.0.so.0.4002.0
88a8d000-88a8e000 rw-p 00050000 08:06 1311107    /usr/lib/i386-linux-gnu/libgobject-2.0.so.0.4002.0
88a8e000-88c0b000 r-xp 00000000 08:06 1311176    /usr/lib/i386-linux-gnu/libgio-2.0.so.0.4002.0
88c0b000-88c0d000 r--p 0017d000 08:06 1311176    /usr/lib/i386-linux-gnu/libgio-2.0.so.0.4002.0
88c0d000-88c0e000 rw-p 0017f000 08:06 1311176    /usr/lib/i386-linux-gnu/libgio-2.0.so.0.4002.0
88c0e000-88c0f000 rw-p 00000000 00:00 0 
88c0f000-88c12000 r-xp 00000000 08:06 1710309    /lib/i386-linux-gnu/libcom_err.so.2.1
88c12000-88c13000 r--p 00002000 08:06 1710309    /lib/i386-linux-gnu/libcom_err.so.2.1
88c13000-88c14000 rw-p 00003000 08:06 1710309    /lib/i386-linux-gnu/libcom_err.so.2.1
88c14000-88c1d000 r-xp 00000000 08:06 1316054    /usr/lib/i386-linux-gnu/libXrender.so.1.3.0
88c1d000-88c1e000 r--p 00008000 08:06 1316054    /usr/lib/i386-linux-gnu/libXrender.so.1.3.0
88c1e000-88c1f000 rw-p 00009000 08:06 1316054    /usr/lib/i386-linux-gnu/libXrender.so.1.3.0
88c1f000-88c25000 r--s 0003f000 08:06 1311200    /usr/lib/jvm/java-7-openjdk-i386/jre/lib/commons-net-3.3.jar
88c25000-88c2f000 r--s 00203000 08:06 1314787    /usr/lib/jvm/java-7-openjdk-i386/jre/lib/charsets.jar
88c2f000-88c32000 ---p 00000000 00:00 0 
88c32000-88c80000 rw-p 00000000 00:00 0          [stack:8329]
88c80000-88c85000 r-xp 00000000 08:06 1316045    /usr/lib/i386-linux-gnu/libXdmcp.so.6.0.0
88c85000-88c86000 r--p 00004000 08:06 1316045    /usr/lib/i386-linux-gnu/libXdmcp.so.6.0.0
88c86000-88c87000 rw-p 00005000 08:06 1316045    /usr/lib/i386-linux-gnu/libXdmcp.so.6.0.0
88c87000-88ca7000 r-xp 00000000 08:06 1317100    /usr/lib/i386-linux-gnu/libxcb.so.1.1.0
88ca7000-88ca8000 r--p 0001f000 08:06 1317100    /usr/lib/i386-linux-gnu/libxcb.so.1.1.0
88ca8000-88ca9000 rw-p 00020000 08:06 1317100    /usr/lib/i386-linux-gnu/libxcb.so.1.1.0
88ca9000-88dd9000 r-xp 00000000 08:06 1316030    /usr/lib/i386-linux-gnu/libX11.so.6.3.0
88dd9000-88dda000 r--p 00130000 08:06 1316030    /usr/lib/i386-linux-gnu/libX11.so.6.3.0
88dda000-88ddc000 rw-p 00131000 08:06 1316030    /usr/lib/i386-linux-gnu/libX11.so.6.3.0
88ddc000-88ddd000 rw-p 00000000 00:00 0 
88ddd000-88e35000 r-xp 00000000 08:06 1316073    /usr/lib/i386-linux-gnu/libXt.so.6.0.0
88e35000-88e36000 r--p 00058000 08:06 1316073    /usr/lib/i386-linux-gnu/libXt.so.6.0.0
88e36000-88e39000 rw-p 00059000 08:06 1316073    /usr/lib/i386-linux-gnu/libXt.so.6.0.0
88e39000-88e3a000 ---p 00000000 00:00 0 
88e3a000-88eba000 rw-p 00000000 00:00 0          [stack:8328]
88eba000-88ebd000 ---p 00000000 00:00 0 
88ebd000-88f0b000 rw-p 00000000 00:00 0          [stack:8327]
88f0b000-88f0e000 ---p 00000000 00:00 0 
88f0e000-88f8c000 rw-p 00000000 00:00 0          [stack:8326]
88f8c000-88f8f000 ---p 00000000 00:00 0 
88f8f000-8900d000 rw-p 00000000 00:00 0          [stack:8325]
8900d000-89010000 ---p 00000000 00:00 0 
89010000-8905e000 rw-p 00000000 00:00 0          [stack:8324]
8905e000-8925e000 r--p 00000000 08:06 1320544    /usr/lib/locale/locale-archive
8925e000-89261000 ---p 00000000 00:00 0 
89261000-892af000 rw-p 00000000 00:00 0          [stack:8323]
892af000-892b2000 ---p 00000000 00:00 0 
892b2000-89300000 rw-p 00000000 00:00 0          [stack:8322]
89300000-893eb000 rw-p 00000000 00:00 0 
893eb000-89400000 ---p 00000000 00:00 0 
89401000-89417000 r-xp 00000000 08:06 1315905    /usr/lib/i386-linux-gnu/libICE.so.6.3.0
89417000-89418000 r--p 00015000 08:06 1315905    /usr/lib/i386-linux-gnu/libICE.so.6.3.0
89418000-89419000 rw-p 00016000 08:06 1315905    /usr/lib/i386-linux-gnu/libICE.so.6.3.0
89419000-8941b000 rw-p 00000000 00:00 0 
8941b000-8942c000 r-xp 00000000 08:06 1320163    /usr/lib/i386-linux-gnu/libXext.so.6.4.0
8942c000-8942d000 r--p 00010000 08:06 1320163    /usr/lib/i386-linux-gnu/libXext.so.6.4.0
8942d000-8942e000 rw-p 00011000 08:06 1320163    /usr/lib/i386-linux-gnu/libXext.so.6.4.0
89430000-89433000 r-xp 00000000 08:06 1319365    /usr/lib/i386-linux-gnu/libgmodule-2.0.so.0.4002.0
89433000-89434000 r--p 00002000 08:06 1319365    /usr/lib/i386-linux-gnu/libgmodule-2.0.so.0.4002.0
89434000-89435000 rw-p 00003000 08:06 1319365    /usr/lib/i386-linux-gnu/libgmodule-2.0.so.0.4002.0
89435000-8944c000 r-xp 00000000 08:06 1322445    /usr/lib/jvm/java-7-openjdk-i386/jre/lib/i386/libnet.so
8944c000-8944d000 r--p 00017000 08:06 1322445    /usr/lib/jvm/java-7-openjdk-i386/jre/lib/i386/libnet.so
8944d000-8944e000 rw-p 00018000 08:06 1322445    /usr/lib/jvm/java-7-openjdk-i386/jre/lib/i386/libnet.so
8944e000-8944f000 ---p 00000000 00:00 0 
8944f000-894cf000 rw-p 00000000 00:00 0          [stack:8321]
894cf000-89680000 r--s 01d29000 08:06 1314785    /usr/lib/jvm/java-7-openjdk-i386/jre/lib/rt.jar
89680000-8ad00000 rw-p 00000000 00:00 0 
8ad00000-8ade1000 rw-p 00000000 00:00 0 
8ade1000-8ae00000 ---p 00000000 00:00 0 
8ae02000-8ae04000 r-xp 00000000 08:06 1316034    /usr/lib/i386-linux-gnu/libXau.so.6.0.0
8ae04000-8ae05000 r--p 00001000 08:06 1316034    /usr/lib/i386-linux-gnu/libXau.so.6.0.0
8ae05000-8ae06000 rw-p 00002000 08:06 1316034    /usr/lib/i386-linux-gnu/libXau.so.6.0.0
8ae06000-8ae0d000 r-xp 00000000 08:06 1316026    /usr/lib/i386-linux-gnu/libSM.so.6.0.1
8ae0d000-8ae0e000 r--p 00006000 08:06 1316026    /usr/lib/i386-linux-gnu/libSM.so.6.0.1
8ae0e000-8ae0f000 rw-p 00007000 08:06 1316026    /usr/lib/i386-linux-gnu/libSM.so.6.0.1
8ae0f000-8ae14000 r-xp 00000000 08:06 1316075    /usr/lib/i386-linux-gnu/libXtst.so.6.1.0
8ae14000-8ae15000 r--p 00004000 08:06 1316075    /usr/lib/i386-linux-gnu/libXtst.so.6.1.0
8ae15000-8ae16000 rw-p 00005000 08:06 1316075    /usr/lib/i386-linux-gnu/libXtst.so.6.1.0
8ae16000-8ae22000 r-xp 00000000 08:06 1052585    /tmp/libJNativeHook-2.0.2.so
8ae22000-8ae23000 r--p 0000b000 08:06 1052585    /tmp/libJNativeHook-2.0.2.so
8ae23000-8ae24000 rw-p 0000c000 08:06 1052585    /tmp/libJNativeHook-2.0.2.so
8ae24000-8ae7f000 rw-p 00000000 00:00 0 
8ae7f000-8ae80000 ---p 00000000 00:00 0 
8ae80000-8af00000 rw-p 00000000 00:00 0          [stack:8320]
8af00000-8af21000 rw-p 00000000 00:00 0 
8af21000-8b000000 ---p 00000000 00:00 0 
8b000000-8b004000 r-xp 00000000 08:06 1710322    /lib/i386-linux-gnu/libuuid.so.1.3.0
8b004000-8b005000 r--p 00003000 08:06 1710322    /lib/i386-linux-gnu/libuuid.so.1.3.0
8b005000-8b006000 rw-p 00004000 08:06 1710322    /lib/i386-linux-gnu/libuuid.so.1.3.0
8b006000-8b008000 r-xp 00000000 08:06 1316057    /usr/lib/i386-linux-gnu/libXinerama.so.1.0.0
8b008000-8b009000 r--p 00001000 08:06 1316057    /usr/lib/i386-linux-gnu/libXinerama.so.1.0.0
8b009000-8b00a000 rw-p 00002000 08:06 1316057    /usr/lib/i386-linux-gnu/libXinerama.so.1.0.0
8b00a000-8b053000 rw-p 00000000 00:00 0 
8b053000-8b054000 ---p 00000000 00:00 0 
8b054000-8b0dc000 rw-p 00000000 00:00 0          [stack:8319]
8b0dc000-8b114000 rw-p 00000000 00:00 0 
8b114000-8b11f000 rw-p 00000000 00:00 0 
8b11f000-8b1bf000 rw-p 00000000 00:00 0 
8b1bf000-8b1c7000 rw-p 00000000 00:00 0 
8b1c7000-8b1ff000 rw-p 00000000 00:00 0 
8b1ff000-8b20a000 rw-p 00000000 00:00 0 
8b20a000-8b2a9000 rw-p 00000000 00:00 0 
8b2a9000-8b2af000 rw-p 00000000 00:00 0 
8b2af000-8b2ff000 rw-p 00000000 00:00 0 
8b2ff000-8c300000 rw-p 00000000 00:00 0 
8c300000-93300000 rw-p 00000000 00:00 0 
93300000-94740000 rw-p 00000000 00:00 0 
94740000-a8840000 rw-p 00000000 00:00 0 
a8840000-a9280000 rw-p 00000000 00:00 0 
a9280000-b3300000 rw-p 00000000 00:00 0 
b3302000-b3307000 r--s 0004d000 08:06 1314792    /usr/lib/jvm/java-7-openjdk-i386/jre/lib/jsse.jar
b3307000-b3309000 r--s 0002e000 08:06 1373262    /usr/lib/jvm/java-7-openjdk-i386/jre/lib/jnativehook-2.0.2.jar
b3309000-b330b000 r--s 00006000 08:06 1598237    /usr/share/java/java-atk-wrapper.jar
b330b000-b3323000 rw-p 00000000 00:00 0 
b3323000-b33da000 rw-p 00000000 00:00 0 
b33da000-b361a000 rwxp 00000000 00:00 0 
b361a000-b63da000 rw-p 00000000 00:00 0 
b63da000-b63e5000 r-xp 00000000 08:06 1733009    /lib/i386-linux-gnu/libnss_files-2.19.so
b63e5000-b63e6000 r--p 0000a000 08:06 1733009    /lib/i386-linux-gnu/libnss_files-2.19.so
b63e6000-b63e7000 rw-p 0000b000 08:06 1733009    /lib/i386-linux-gnu/libnss_files-2.19.so
b63e7000-b63fc000 r-xp 00000000 08:06 1732978    /lib/i386-linux-gnu/libnsl-2.19.so
b63fc000-b63fd000 r--p 00015000 08:06 1732978    /lib/i386-linux-gnu/libnsl-2.19.so
b63fd000-b63fe000 rw-p 00016000 08:06 1732978    /lib/i386-linux-gnu/libnsl-2.19.so
b63fe000-b6400000 rw-p 00000000 00:00 0 
b6400000-b64fd000 rw-p 00000000 00:00 0 
b64fd000-b6500000 ---p 00000000 00:00 0 
b6500000-b650a000 r-xp 00000000 08:06 1732977    /lib/i386-linux-gnu/libnss_nis-2.19.so
b650a000-b650b000 r--p 00009000 08:06 1732977    /lib/i386-linux-gnu/libnss_nis-2.19.so
b650b000-b650c000 rw-p 0000a000 08:06 1732977    /lib/i386-linux-gnu/libnss_nis-2.19.so
b650c000-b6510000 r--s 00085000 08:06 1326839    /usr/lib/jvm/java-7-openjdk-i386/jre/lib/ext/localedata.jar
b6510000-b6512000 r--s 00012000 08:06 1326851    /usr/lib/jvm/java-7-openjdk-i386/jre/lib/ext/zipfs.jar
b6512000-b6516000 r--s 0003c000 08:06 1326847    /usr/lib/jvm/java-7-openjdk-i386/jre/lib/ext/sunpkcs11.jar
b6516000-b651a000 r--s 00034000 08:06 1326843    /usr/lib/jvm/java-7-openjdk-i386/jre/lib/ext/sunjce_provider.jar
b651a000-b6522000 r-xp 00000000 08:06 1316744    /usr/lib/jvm/java-7-openjdk-i386/jre/lib/i386/libzip.so
b6522000-b6523000 r--p 00007000 08:06 1316744    /usr/lib/jvm/java-7-openjdk-i386/jre/lib/i386/libzip.so
b6523000-b6524000 rw-p 00008000 08:06 1316744    /usr/lib/jvm/java-7-openjdk-i386/jre/lib/i386/libzip.so
b6524000-b652c000 rw-s 00000000 08:06 1087196    /tmp/hsperfdata_soumya/8313
b652c000-b6553000 r-xp 00000000 08:06 1326825    /usr/lib/jvm/java-7-openjdk-i386/jre/lib/i386/libjava.so
b6553000-b6554000 r--p 00026000 08:06 1326825    /usr/lib/jvm/java-7-openjdk-i386/jre/lib/i386/libjava.so
b6554000-b6555000 rw-p 00027000 08:06 1326825    /usr/lib/jvm/java-7-openjdk-i386/jre/lib/i386/libjava.so
b6555000-b655c000 r-xp 00000000 08:06 1733010    /lib/i386-linux-gnu/librt-2.19.so
b655c000-b655d000 r--p 00006000 08:06 1733010    /lib/i386-linux-gnu/librt-2.19.so
b655d000-b655e000 rw-p 00007000 08:06 1733010    /lib/i386-linux-gnu/librt-2.19.so
b655e000-b6561000 ---p 00000000 00:00 0 
b6561000-b65af000 rw-p 00000000 00:00 0          [stack:8318]
b65af000-b65cb000 r-xp 00000000 08:06 1704926    /lib/i386-linux-gnu/libgcc_s.so.1
b65cb000-b65cc000 rw-p 0001b000 08:06 1704926    /lib/i386-linux-gnu/libgcc_s.so.1
b65cc000-b6610000 r-xp 00000000 08:06 1732983    /lib/i386-linux-gnu/libm-2.19.so
b6610000-b6611000 r--p 00043000 08:06 1732983    /lib/i386-linux-gnu/libm-2.19.so
b6611000-b6612000 rw-p 00044000 08:06 1732983    /lib/i386-linux-gnu/libm-2.19.so
b6612000-b66ee000 r-xp 00000000 08:06 1314969    /usr/lib/i386-linux-gnu/libstdc++.so.6.0.19
b66ee000-b66f2000 r--p 000dc000 08:06 1314969    /usr/lib/i386-linux-gnu/libstdc++.so.6.0.19
b66f2000-b66f3000 rw-p 000e0000 08:06 1314969    /usr/lib/i386-linux-gnu/libstdc++.so.6.0.19
b66f3000-b66fa000 rw-p 00000000 00:00 0 
b66fa000-b70e9000 r-xp 00000000 08:06 1320160    /usr/lib/jvm/java-7-openjdk-i386/jre/lib/i386/server/libjvm.so
b70e9000-b713b000 r--p 009ee000 08:06 1320160    /usr/lib/jvm/java-7-openjdk-i386/jre/lib/i386/server/libjvm.so
b713b000-b714f000 rw-p 00a40000 08:06 1320160    /usr/lib/jvm/java-7-openjdk-i386/jre/lib/i386/server/libjvm.so
b714f000-b756c000 rw-p 00000000 00:00 0 
b756c000-b7584000 r-xp 00000000 08:06 1705112    /lib/i386-linux-gnu/libz.so.1.2.8
b7584000-b7585000 r--p 00017000 08:06 1705112    /lib/i386-linux-gnu/libz.so.1.2.8
b7585000-b7586000 rw-p 00018000 08:06 1705112    /lib/i386-linux-gnu/libz.so.1.2.8
b7586000-b7587000 rw-p 00000000 00:00 0 
b7587000-b759f000 r-xp 00000000 08:06 1733005    /lib/i386-linux-gnu/libpthread-2.19.so
b759f000-b75a0000 r--p 00018000 08:06 1733005    /lib/i386-linux-gnu/libpthread-2.19.so
b75a0000-b75a1000 rw-p 00019000 08:06 1733005    /lib/i386-linux-gnu/libpthread-2.19.so
b75a1000-b75a3000 rw-p 00000000 00:00 0 
b75a3000-b75a6000 r-xp 00000000 08:06 1732974    /lib/i386-linux-gnu/libdl-2.19.so
b75a6000-b75a7000 r--p 00002000 08:06 1732974    /lib/i386-linux-gnu/libdl-2.19.so
b75a7000-b75a8000 rw-p 00003000 08:06 1732974    /lib/i386-linux-gnu/libdl-2.19.so
b75a8000-b7750000 r-xp 00000000 08:06 1728717    /lib/i386-linux-gnu/libc-2.19.so
b7750000-b7752000 r--p 001a8000 08:06 1728717    /lib/i386-linux-gnu/libc-2.19.so
b7752000-b7753000 rw-p 001aa000 08:06 1728717    /lib/i386-linux-gnu/libc-2.19.so
b7753000-b7756000 rw-p 00000000 00:00 0 
b7756000-b7757000 r--s 00002000 08:06 1326841    /usr/lib/jvm/java-7-openjdk-i386/jre/lib/ext/dnsns.jar
b7757000-b775a000 r--s 0000f000 08:06 1326849    /usr/lib/jvm/java-7-openjdk-i386/jre/lib/ext/icedtea-sound.jar
b775a000-b775b000 r--p 00850000 08:06 1320544    /usr/lib/locale/locale-archive
b775b000-b7762000 r-xp 00000000 08:06 1732984    /lib/i386-linux-gnu/libnss_compat-2.19.so
b7762000-b7763000 r--p 00006000 08:06 1732984    /lib/i386-linux-gnu/libnss_compat-2.19.so
b7763000-b7764000 rw-p 00007000 08:06 1732984    /lib/i386-linux-gnu/libnss_compat-2.19.so
b7764000-b7765000 rw-p 00000000 00:00 0 
b7765000-b7766000 r--p 00000000 00:00 0 
b7766000-b7774000 r-xp 00000000 08:06 1322192    /usr/lib/jvm/java-7-openjdk-i386/jre/lib/i386/libverify.so
b7774000-b7775000 r--p 0000d000 08:06 1322192    /usr/lib/jvm/java-7-openjdk-i386/jre/lib/i386/libverify.so
b7775000-b7776000 rw-p 0000e000 08:06 1322192    /usr/lib/jvm/java-7-openjdk-i386/jre/lib/i386/libverify.so
b7776000-b7782000 r-xp 00000000 08:06 1316787    /usr/lib/jvm/java-7-openjdk-i386/jre/lib/i386/jli/libjli.so
b7782000-b7783000 r--p 0000c000 08:06 1316787    /usr/lib/jvm/java-7-openjdk-i386/jre/lib/i386/jli/libjli.so
b7783000-b7784000 rw-p 0000d000 08:06 1316787    /usr/lib/jvm/java-7-openjdk-i386/jre/lib/i386/jli/libjli.so
b7784000-b7787000 rw-p 00000000 00:00 0 
b7787000-b7788000 r-xp 00000000 00:00 0          [vdso]
b7788000-b77a8000 r-xp 00000000 08:06 1732976    /lib/i386-linux-gnu/ld-2.19.so
b77a8000-b77a9000 r--p 0001f000 08:06 1732976    /lib/i386-linux-gnu/ld-2.19.so
b77a9000-b77aa000 rw-p 00020000 08:06 1732976    /lib/i386-linux-gnu/ld-2.19.so
bfb14000-bfb15000 rwxp 00000000 00:00 0 
bfb47000-bfb68000 rw-p 00000000 00:00 0          [stack]

VM Arguments:
jvm_args: -Dfile.encoding=UTF-8 
java_command: GlobalMouseListenerExample
Launcher Type: SUN_STANDARD

Environment Variables:
PATH=/usr/local/sbin:/usr/local/bin:/usr/sbin:/usr/bin:/sbin:/bin:/usr/games:/usr/local/games
LD_LIBRARY_PATH=/usr/lib/jvm/java-7-openjdk-i386/jre/lib/i386/server:/usr/lib/jvm/java-7-openjdk-i386/jre/lib/i386:/usr/lib/jvm/java-7-openjdk-i386/jre/../lib/i386:/usr/lib/jvm/java-7-openjdk-i386/jre/lib/i386/client:/usr/lib/jvm/java-7-openjdk-i386/jre/lib/i386:
SHELL=/bin/bash
DISPLAY=:0

Signal Handlers:
SIGSEGV: [libjvm.so+0x80cb90], sa_mask[0]=0x7ffbfeff, sa_flags=0x10000004
SIGBUS: [libjvm.so+0x80cb90], sa_mask[0]=0x7ffbfeff, sa_flags=0x10000004
SIGFPE: [libjvm.so+0x684e30], sa_mask[0]=0x7ffbfeff, sa_flags=0x10000004
SIGPIPE: [libjvm.so+0x684e30], sa_mask[0]=0x7ffbfeff, sa_flags=0x10000004
SIGXFSZ: [libjvm.so+0x684e30], sa_mask[0]=0x7ffbfeff, sa_flags=0x10000004
SIGILL: [libjvm.so+0x684e30], sa_mask[0]=0x7ffbfeff, sa_flags=0x10000004
SIGUSR1: SIG_DFL, sa_mask[0]=0x00000000, sa_flags=0x00000000
SIGUSR2: [libjvm.so+0x684cc0], sa_mask[0]=0x00000004, sa_flags=0x10000004
SIGHUP: [libjvm.so+0x684ef0], sa_mask[0]=0x7ffbfeff, sa_flags=0x10000004
SIGINT: [libjvm.so+0x684ef0], sa_mask[0]=0x7ffbfeff, sa_flags=0x10000004
SIGTERM: [libjvm.so+0x684ef0], sa_mask[0]=0x7ffbfeff, sa_flags=0x10000004
SIGQUIT: [libjvm.so+0x684ef0], sa_mask[0]=0x7ffbfeff, sa_flags=0x10000004
SIGTRAP: SIG_DFL, sa_mask[0]=0x00000000, sa_flags=0x00000000


---------------  S Y S T E M  ---------------

OS:Ubuntu 14.04 (trusty)
uname:Linux 3.13.0-63-generic #103-Ubuntu SMP Fri Aug 14 21:43:30 UTC 2015 i686
libc:glibc 2.19 NPTL 2.19 
rlimit: STACK 8192k, CORE 0k, NPROC 15433, NOFILE 4096, AS infinity
load average:0.31 0.29 0.26

/proc/meminfo:
MemTotal:        1994772 kB
MemFree:          162136 kB
Buffers:           88520 kB
Cached:           716828 kB
SwapCached:        11280 kB
Active:           843408 kB
Inactive:         831920 kB
Active(anon):     500624 kB
Inactive(anon):   561492 kB
Active(file):     342784 kB
Inactive(file):   270428 kB
Unevictable:          32 kB
Mlocked:              32 kB
HighTotal:       1113688 kB
HighFree:          58952 kB
LowTotal:         881084 kB
LowFree:          103184 kB
SwapTotal:       2928636 kB
SwapFree:        2897848 kB
Dirty:               968 kB
Writeback:             0 kB
AnonPages:        858808 kB
Mapped:           176644 kB
Shmem:            192096 kB
Slab:             122336 kB
SReclaimable:     104964 kB
SUnreclaim:        17372 kB
KernelStack:        4184 kB
PageTables:        10384 kB
NFS_Unstable:          0 kB
Bounce:                0 kB
WritebackTmp:          0 kB
CommitLimit:     3926020 kB
Committed_AS:    4651768 kB
VmallocTotal:     122880 kB
VmallocUsed:       14760 kB
VmallocChunk:     102924 kB
HardwareCorrupted:     0 kB
AnonHugePages:    335872 kB
HugePages_Total:       0
HugePages_Free:        0
HugePages_Rsvd:        0
HugePages_Surp:        0
Hugepagesize:       2048 kB
DirectMap4k:       26616 kB
DirectMap2M:      886784 kB


CPU:total 2 (2 cores per cpu, 1 threads per core) family 6 model 15 stepping 13, cmov, cx8, fxsr, mmx, sse, sse2, sse3, ssse3, tsc

/proc/cpuinfo:
processor	: 0
vendor_id	: GenuineIntel
cpu family	: 6
model		: 15
model name	: Intel(R) Pentium(R) Dual  CPU  T3400  @ 2.16GHz
stepping	: 13
microcode	: 0xa3
cpu MHz		: 2166.000
cache size	: 1024 KB
physical id	: 0
siblings	: 2
core id		: 0
cpu cores	: 2
apicid		: 0
initial apicid	: 0
fdiv_bug	: no
f00f_bug	: no
coma_bug	: no
fpu		: yes
fpu_exception	: yes
cpuid level	: 10
wp		: yes
flags		: fpu vme de pse tsc msr pae mce cx8 apic sep mtrr pge mca cmov pat pse36 clflush dts acpi mmx fxsr sse sse2 ss ht tm pbe nx lm constant_tsc arch_perfmon pebs bts aperfmperf pni dtes64 monitor ds_cpl est tm2 ssse3 cx16 xtpr pdcm lahf_lm dtherm
bogomips	: 4322.64
clflush size	: 64
cache_alignment	: 64
address sizes	: 36 bits physical, 48 bits virtual
power management:

processor	: 1
vendor_id	: GenuineIntel
cpu family	: 6
model		: 15
model name	: Intel(R) Pentium(R) Dual  CPU  T3400  @ 2.16GHz
stepping	: 13
microcode	: 0xa3
cpu MHz		: 2166.000
cache size	: 1024 KB
physical id	: 0
siblings	: 2
core id		: 1
cpu cores	: 2
apicid		: 1
initial apicid	: 1
fdiv_bug	: no
f00f_bug	: no
coma_bug	: no
fpu		: yes
fpu_exception	: yes
cpuid level	: 10
wp		: yes
flags		: fpu vme de pse tsc msr pae mce cx8 apic sep mtrr pge mca cmov pat pse36 clflush dts acpi mmx fxsr sse sse2 ss ht tm pbe nx lm constant_tsc arch_perfmon pebs bts aperfmperf pni dtes64 monitor ds_cpl est tm2 ssse3 cx16 xtpr pdcm lahf_lm dtherm
bogomips	: 4322.64
clflush size	: 64
cache_alignment	: 64
address sizes	: 36 bits physical, 48 bits virtual
power management:



Memory: 4k page, physical 1994772k(162136k free), swap 2928636k(2897848k free)

vm_info: OpenJDK Server VM (24.79-b02) for linux-x86 JRE (1.7.0_79-b14), built on Jul 24 2015 08:25:15 by "buildd" with gcc 4.8.2

time: Sun Sep 27 18:44:33 2015
elapsed time: 16 seconds

